{
  "stats": {
    "suites": 31,
    "tests": 113,
    "passes": 61,
    "pending": 17,
    "failures": 35,
    "start": "2022-03-31T16:07:50.763Z",
    "end": "2022-03-31T16:07:50.763Z",
    "duration": 200326,
    "testsRegistered": 113,
    "passPercent": 53.982300884955755,
    "pendingPercent": 15.044247787610619,
    "other": 0,
    "hasOther": false,
    "skipped": 0,
    "hasSkipped": false
  },
  "results": [
    {
      "uuid": "3a1f05b3-6350-44ad-8dea-9930a13a84e9",
      "title": "",
      "fullFile": "cypress\\integration\\secondTest.spec.js",
      "file": "cypress\\integration\\secondTest.spec.js",
      "beforeHooks": [],
      "afterHooks": [],
      "tests": [],
      "suites": [
        {
          "uuid": "46836b41-44d0-4637-8301-415d2f72bba5",
          "title": "Test log out",
          "fullFile": "",
          "file": "",
          "beforeHooks": [],
          "afterHooks": [],
          "tests": [
            {
              "title": "verify use can log out successfully",
              "fullTitle": "Test log out verify use can log out successfully",
              "timedOut": null,
              "duration": 1597,
              "state": "passed",
              "speed": "slow",
              "pass": true,
              "fail": false,
              "pending": false,
              "context": null,
              "code": "cy.contains('Settings').click();\ncy.contains('Or click here to logout').click();\ncy.get('.navbar-nav').should('contain', 'Sign up');",
              "err": {},
              "uuid": "26670661-f1d8-4075-83fa-a895625210b7",
              "parentUUID": "46836b41-44d0-4637-8301-415d2f72bba5",
              "isHook": false,
              "skipped": false
            }
          ],
          "suites": [],
          "passes": [
            "26670661-f1d8-4075-83fa-a895625210b7"
          ],
          "failures": [],
          "pending": [],
          "skipped": [],
          "duration": 1597,
          "root": false,
          "rootEmpty": false,
          "_timeout": 2000
        }
      ],
      "passes": [],
      "failures": [],
      "pending": [],
      "skipped": [],
      "duration": 0,
      "root": true,
      "rootEmpty": true,
      "_timeout": 2000
    },
    {
      "uuid": "dc386268-71fc-4973-b82c-8ee1ce8b38fd",
      "title": "",
      "fullFile": "cypress\\integration\\testingD\\firstTestConduit.spec.js",
      "file": "cypress\\integration\\testingD\\firstTestConduit.spec.js",
      "beforeHooks": [],
      "afterHooks": [],
      "tests": [],
      "suites": [
        {
          "uuid": "6093bd17-e700-4605-847d-1f21b6c3c5a3",
          "title": "Test with backend",
          "fullFile": "",
          "file": "",
          "beforeHooks": [],
          "afterHooks": [],
          "tests": [
            {
              "title": "verify correct request and response",
              "fullTitle": "Test with backend verify correct request and response",
              "timedOut": null,
              "duration": 0,
              "state": "pending",
              "speed": null,
              "pass": false,
              "fail": false,
              "pending": true,
              "context": null,
              "code": "",
              "err": {},
              "uuid": "83ea60fa-ebaf-4906-928f-29468ace3dd8",
              "parentUUID": "6093bd17-e700-4605-847d-1f21b6c3c5a3",
              "isHook": false,
              "skipped": false
            },
            {
              "title": "should gave tags with routing object ",
              "fullTitle": "Test with backend should gave tags with routing object ",
              "timedOut": null,
              "duration": 1155,
              "state": "passed",
              "speed": "slow",
              "pass": true,
              "fail": false,
              "pending": false,
              "context": null,
              "code": "//looking in json file mocked the co\n//cy.wait(20000)\ncy.get('div .tag-list').should('contain', 'cypress').should('contain', 'automation').should('contain', 'testing');",
              "err": {},
              "uuid": "e3b0f6c0-60df-4f0c-a9f1-e802e30f7a41",
              "parentUUID": "6093bd17-e700-4605-847d-1f21b6c3c5a3",
              "isHook": false,
              "skipped": false
            },
            {
              "title": "Verify the local feed likes count",
              "fullTitle": "Test with backend Verify the local feed likes count",
              "timedOut": null,
              "duration": 1189,
              "state": "passed",
              "speed": "slow",
              "pass": true,
              "fail": false,
              "pending": false,
              "context": null,
              "code": "cy.intercept('GET', '**/articles/feed*', {\n  \"articles\": [],\n  \"articlesCount\": 0\n});\ncy.intercept('GET', '**/articles*', {\n  fixture: 'articles.json'\n});\ncy.contains('Global Feed').click();\ncy.get('app-article-list button').then(function (listOfButton) {\n  expect(listOfButton).to.contain('2');\n  expect(listOfButton[1]).to.contain('5');\n}); //create the route by call a fixture methode and read the fisture file articles.json\ncy.fixture('articles').then(function (file) {\n  var articlelink = file.articles[1].slug;\n  cy.intercept('POST', '**/articles/' + articlelink + '/favorite', file); //file is the respond of the link that we created\n}); //assertion \ncy.get('app-article-list button').eq(1).click().should('contain', '6'); //because is mocked test, we do not depend on the backend server",
              "err": {},
              "uuid": "4431b423-4bff-4fc3-9b3d-977732edbc22",
              "parentUUID": "6093bd17-e700-4605-847d-1f21b6c3c5a3",
              "isHook": false,
              "skipped": false
            }
          ],
          "suites": [],
          "passes": [
            "e3b0f6c0-60df-4f0c-a9f1-e802e30f7a41",
            "4431b423-4bff-4fc3-9b3d-977732edbc22"
          ],
          "failures": [],
          "pending": [
            "83ea60fa-ebaf-4906-928f-29468ace3dd8"
          ],
          "skipped": [],
          "duration": 2344,
          "root": false,
          "rootEmpty": false,
          "_timeout": 2000
        }
      ],
      "passes": [],
      "failures": [],
      "pending": [],
      "skipped": [],
      "duration": 0,
      "root": true,
      "rootEmpty": true,
      "_timeout": 2000
    },
    {
      "uuid": "a23ea2d2-835a-4c71-8433-e84304a8769f",
      "title": "",
      "fullFile": "cypress\\integration\\testingD\\refactorServerRoute.spec.js",
      "file": "cypress\\integration\\testingD\\refactorServerRoute.spec.js",
      "beforeHooks": [],
      "afterHooks": [],
      "tests": [],
      "suites": [
        {
          "uuid": "9ac98015-e06d-4aee-a9ed-e383401a4e30",
          "title": "Test with backend / refactoring use intercept",
          "fullFile": "",
          "file": "",
          "beforeHooks": [],
          "afterHooks": [],
          "tests": [
            {
              "title": "verify correct request and response",
              "fullTitle": "Test with backend / refactoring use intercept verify correct request and response",
              "timedOut": null,
              "duration": 3917,
              "state": "failed",
              "speed": null,
              "pass": false,
              "fail": true,
              "pending": false,
              "context": null,
              "code": "//cy.server() //crear el servidorde cypress\ncy.intercept('POST', '**/api.realworld.io/api/articles').as('postArticles');\ncy.contains('New Article').click();\ncy.get('[formcontrolname=\"title\"]').type('GitHub ');\ncy.get('[formcontrolname=\"description\"]').type('code hosting platform');\ncy.get('[formcontrolname=\"body\"]').type('version control and collaboration, lets you and others work together on projects from anywhere.');\ncy.contains('Publish Article').click();\ncy.wait('@postArticles');\ncy.get('@postArticles').then(function (xhr) {\n  console.log(xhr);\n  expect(xhr.response.statusCode).to.equal(200);\n  expect(xhr.request.body.article.body).to.equal('version control and collaboration, lets you and others work together on projects from anywhere.');\n  expect(xhr.response.body.article.description).to.equal('code hosting platform');\n});",
              "err": {
                "message": "AssertionError: expected 422 to equal 200",
                "estack": "AssertionError: expected 422 to equal 200\n    at Context.eval (http://localhost:4200/__cypress/tests?p=cypress\\integration\\testingD\\refactorServerRoute.spec.js:124:42)",
                "diff": "- 422\n+ 200\n"
              },
              "uuid": "98d0482f-127f-499a-8805-7878a018dae3",
              "parentUUID": "9ac98015-e06d-4aee-a9ed-e383401a4e30",
              "isHook": false,
              "skipped": false
            },
            {
              "title": "Intercepting and modifying the request and response",
              "fullTitle": "Test with backend / refactoring use intercept Intercepting and modifying the request and response",
              "timedOut": null,
              "duration": 0,
              "state": "pending",
              "speed": null,
              "pass": false,
              "fail": false,
              "pending": true,
              "context": null,
              "code": "",
              "err": {},
              "uuid": "b8b26af0-4f6c-46c6-996f-b0209d04db77",
              "parentUUID": "9ac98015-e06d-4aee-a9ed-e383401a4e30",
              "isHook": false,
              "skipped": false
            },
            {
              "title": "should gave tags with routing object ",
              "fullTitle": "Test with backend / refactoring use intercept should gave tags with routing object ",
              "timedOut": null,
              "duration": 748,
              "state": "passed",
              "speed": "slow",
              "pass": true,
              "fail": false,
              "pending": false,
              "context": null,
              "code": "//looking in json file mocked the co\n//cy.wait(20000)\ncy.get('div .tag-list').should('contain', 'cypress').should('contain', 'automation').should('contain', 'testing');",
              "err": {},
              "uuid": "a7620fe5-3c29-4f2c-9509-1596a75bfd9b",
              "parentUUID": "9ac98015-e06d-4aee-a9ed-e383401a4e30",
              "isHook": false,
              "skipped": false
            },
            {
              "title": "Verify the local feed likes count",
              "fullTitle": "Test with backend / refactoring use intercept Verify the local feed likes count",
              "timedOut": null,
              "duration": 989,
              "state": "passed",
              "speed": "slow",
              "pass": true,
              "fail": false,
              "pending": false,
              "context": null,
              "code": "cy.intercept('GET', '**/articles/feed*', {\n  \"articles\": [],\n  \"articlesCount\": 0\n});\ncy.intercept('GET', '**/articles*', {\n  fixture: 'articles.json'\n});\ncy.contains('Global Feed').click();\ncy.get('app-article-list button').then(function (listOfButton) {\n  expect(listOfButton).to.contain('2');\n  expect(listOfButton[1]).to.contain('5');\n}); //create the route by call a fixture methode and read the fisture file articles.json\ncy.fixture('articles').then(function (file) {\n  var articlelink = file.articles[1].slug;\n  cy.intercept('POST', '**/articles/' + articlelink + '/favorite', file); //file is the respond of the link that we created\n}); //assertion \ncy.get('app-article-list button').eq(1).click().should('contain', '6'); //because is mocked test, we do not depend on the backend server",
              "err": {},
              "uuid": "13dfc992-44ae-456f-a113-5d5dbd59cc14",
              "parentUUID": "9ac98015-e06d-4aee-a9ed-e383401a4e30",
              "isHook": false,
              "skipped": false
            },
            {
              "title": "Delete new article  in global feed",
              "fullTitle": "Test with backend / refactoring use intercept Delete new article  in global feed",
              "timedOut": null,
              "duration": 1966,
              "state": "passed",
              "speed": "slow",
              "pass": true,
              "fail": false,
              "pending": false,
              "context": null,
              "code": "//create a const for login and relocated at commands.js loginApplication()\n// const userCredentials =  { \"user\": {\n//   \"email\": \"cytest@test.com\",\n//   \"password\": \"Welcome123\"\n//  }\n// }\nvar bodyRequest = {\n  \"article\": {\n    \"tagList\": [],\n    \"title\": \"Request from API (Postman)\",\n    \"description\": \"Api testing is easy\",\n    \"body\": \"angular is cool\"\n  }\n}; //this are in comments because we relocated at command.js or loginApplication() so \n//we use instaed cy.get\n// cy.request('POST', 'https://api.realworld.io/api/users/login', userCredentials)\n// .its('body').then( body => {\ncy.get('@token').then(function (token) {\n  //2. second request from articles\n  cy.request({\n    url: 'https://api.realworld.io/api/articles',\n    headers: {\n      'Authorization': 'Token ' + token\n    },\n    //la variable guardada como se muestra en postman\n    method: 'POST',\n    body: bodyRequest //const created to save the body request\n  }).then(function (response) {\n    expect(response.status).to.equal(200);\n  }); //we need go into global feed\n  cy.contains('Global Feed').click();\n  cy.get('.article-preview').first().click();\n  cy.get('.article-actions').contains('Delete Article').click(); //need request our article is successfully deleted.request the list by using API\n  //verifying the first artile of the list DO NOT have text \"Request from API (Postman)\" como arriba que creamos nosotros\n  cy.request({\n    url: 'https://api.realworld.io/api/articles?limit=10&offset=0',\n    headers: {\n      'Authorization': 'Token ' + token\n    },\n    //la variable guardada como se muestra en postman\n    method: 'GET'\n  }).its('body').then(function (body) {\n    //console.log(body) //aqui probammos que en consola se imprima la lista articulos\n    expect(body.articles[0].title).not.equal('Request from API (Postman)');\n  });\n});",
              "err": {},
              "uuid": "befff521-3f01-4d8a-8598-a4c0ed1d02d7",
              "parentUUID": "9ac98015-e06d-4aee-a9ed-e383401a4e30",
              "isHook": false,
              "skipped": false
            }
          ],
          "suites": [],
          "passes": [
            "a7620fe5-3c29-4f2c-9509-1596a75bfd9b",
            "13dfc992-44ae-456f-a113-5d5dbd59cc14",
            "befff521-3f01-4d8a-8598-a4c0ed1d02d7"
          ],
          "failures": [
            "98d0482f-127f-499a-8805-7878a018dae3"
          ],
          "pending": [
            "b8b26af0-4f6c-46c6-996f-b0209d04db77"
          ],
          "skipped": [],
          "duration": 7620,
          "root": false,
          "rootEmpty": false,
          "_timeout": 2000
        }
      ],
      "passes": [],
      "failures": [],
      "pending": [],
      "skipped": [],
      "duration": 0,
      "root": true,
      "rootEmpty": true,
      "_timeout": 2000
    },
    {
      "uuid": "5283c447-9eb4-482e-b454-155ea59d7634",
      "title": "",
      "fullFile": "cypress\\integration\\firstTest.spec.js",
      "file": "cypress\\integration\\firstTest.spec.js",
      "beforeHooks": [],
      "afterHooks": [],
      "tests": [],
      "suites": [
        {
          "uuid": "293fef51-2431-4af0-bd7f-fef081db6e10",
          "title": "Test with backend",
          "fullFile": "",
          "file": "",
          "beforeHooks": [],
          "afterHooks": [],
          "tests": [
            {
              "title": "verify correct request and response",
              "fullTitle": "Test with backend verify correct request and response",
              "timedOut": null,
              "duration": 2977,
              "state": "failed",
              "speed": null,
              "pass": false,
              "fail": true,
              "pending": false,
              "context": null,
              "code": "cy.intercept('POST', '**/articles').as('postArticles');\ncy.contains('New Article').click();\ncy.get('[formcontrolname=\"title\"]').type('This is a title');\ncy.get('[formcontrolname=\"description\"]').type('This is a descritption');\ncy.get('[formcontrolname=\"body\"]').type('This is a body of the Article');\ncy.contains('Publish Article').click();\ncy.wait('@postArticles');\ncy.get('@postArticles').then(function (xhr) {\n  console.log(xhr);\n  expect(xhr.response.statusCode).to.equal(200);\n  expect(xhr.request.body.article.body).to.equal('This is a body of the Article');\n  expect(xhr.response.body.article.description).to.equal('This is a descritption');\n});",
              "err": {
                "message": "AssertionError: expected 307 to equal 200",
                "estack": "AssertionError: expected 307 to equal 200\n    at Context.eval (http://localhost:4200/__cypress/tests?p=cypress\\integration\\firstTest.spec.js:120:42)",
                "diff": "- 307\n+ 200\n"
              },
              "uuid": "dcbfaa4e-fae1-4415-97f9-e7488bbb5d2c",
              "parentUUID": "293fef51-2431-4af0-bd7f-fef081db6e10",
              "isHook": false,
              "skipped": false
            },
            {
              "title": "intercepting and modifying the request and response",
              "fullTitle": "Test with backend intercepting and modifying the request and response",
              "timedOut": null,
              "duration": 3072,
              "state": "failed",
              "speed": null,
              "pass": false,
              "fail": true,
              "pending": false,
              "context": null,
              "code": "// cy.intercept('POST', '**/articles', (req) => {\n//     req.body.article.description = \"This is a descritption 2\"\n// }).as('postArticles')\ncy.intercept('POST', '**/articles', function (req) {\n  req.reply(function (res) {\n    expect(res.body.article.description).to.equal('This is a descritption');\n    res.body.article.description = \"This is a descritption 2\";\n  });\n}).as('postArticles');\ncy.contains('New Article').click();\ncy.get('[formcontrolname=\"title\"]').type('This is a title');\ncy.get('[formcontrolname=\"description\"]').type('This is a descritption');\ncy.get('[formcontrolname=\"body\"]').type('This is a body of the Article');\ncy.contains('Publish Article').click();\ncy.wait('@postArticles');\ncy.get('@postArticles').then(function (xhr) {\n  console.log(xhr);\n  expect(xhr.response.statusCode).to.equal(200);\n  expect(xhr.request.body.article.body).to.equal('This is a body of the Article');\n  expect(xhr.response.body.article.description).to.equal('This is a descritption 2');\n});",
              "err": {
                "message": "CypressError: The following error originated from your test code, not from Cypress.\n\n  > A response callback passed to `req.reply()` threw an error while intercepting a response:\n\nCannot read property 'description' of undefined\n\nRoute: {\n  \"matchUrlAgainstPath\": true,\n  \"method\": \"POST\",\n  \"url\": \"**/articles\"\n}\n\nIntercepted request: {\n  \"headers\": {\n    \"host\": \"conduit.productionready.io\",\n    \"connection\": \"keep-alive\",\n    \"content-length\": \"130\",\n    \"accept\": \"application/json\",\n    \"authorization\": \"Token eyJhbGciOiJIUzI1NiIsInR5cCI6IkpXVCJ9.eyJlbWFpbCI6ImN5dGVzdEB0ZXN0LmNvbSIsInVzZXJuYW1lIjoiQ3lUZXN0IiwiaWF0IjoxNjQ4NTg1NTQwLCJleHAiOjE2NTM3Njk1NDB9.Q0GelXF6oVuaAyZF9Z5OhG_er1eduGonEpF4gQchkRk\",\n    \"user-agent\": \"Mozilla/5.0 (Windows NT 10.0; Win64; x64) AppleWebKit/537.36 (KHTML, like Gecko) Cypress/6.2.0 Chrome/87.0.4280.67 Electron/11.0.3 Safari/537.36\",\n    \"content-type\": \"application/json\",\n    \"origin\": \"http://localhost:4200\",\n    \"sec-fetch-site\": \"cross-site\",\n    \"sec-fetch-mode\": \"cors\",\n    \"sec-fetch-dest\": \"empty\",\n    \"referer\": \"http://localhost:4200/editor\",\n    \"accept-encoding\": \"gzip, deflate, br\",\n    \"accept-language\": \"en-US\"\n  },\n  \"url\": \"https://conduit.productionready.io/api/articles/\",\n  \"method\": \"POST\",\n  \"httpVersion\": \"1.1\",\n  \"body\": {\n    \"article\": {\n      \"tagList\": [],\n      \"title\": \"This is a title\",\n      \"description\": \"This is a descritption\",\n      \"body\": \"This is a body of the Article\"\n    }\n  },\n  \"responseTimeout\": 30000\n}\n\nIntercepted response: {\n  \"headers\": {\n    \"date\": \"Tue, 29 Mar 2022 20:25:42 GMT\",\n    \"content-length\": \"0\",\n    \"connection\": \"keep-alive\",\n    \"location\": \"https://api.realworld.io/api/articles/\",\n    \"access-control-allow-origin\": \"*\",\n    \"access-control-allow-headers\": \"*\",\n    \"access-control-allow-methods\": \"GET,HEAD,POST,OPTIONS,PUT,PATCH,DELETE\",\n    \"expect-ct\": \"max-age=604800, report-uri=\\\"https://report-uri.cloudflare.com/cdn-cgi/beacon/expect-ct\\\"\",\n    \"report-to\": \"{\\\"endpoints\\\":[{\\\"url\\\":\\\"https:\\\\/\\\\/a.nel.cloudflare.com\\\\/report\\\\/v3?s=R9X%2F3CZUjhiDHaLVSXOMPjDohOLZfXEiBTNjHlDDZyISVRMtqUQDZ%2F3lv9vvPGGVdBEXoOvGqsfzNiG7fcamdE1EneYARQHkxvCBYjZmb%2BLivh5I3sPny62k4r6jFVELV3TdO8slwHe4ndbwQw%3D%3D\\\"}],\\\"group\\\":\\\"cf-nel\\\",\\\"max_age\\\":604800}\",\n    \"nel\": \"{\\\"success_fraction\\\":0,\\\"report_to\\\":\\\"cf-nel\\\",\\\"max_age\\\":604800}\",\n    \"vary\": \"Accept-Encoding\",\n    \"server\": \"cloudflare\",\n    \"cf-ray\": \"6f3b561af88e8c35-EWR\",\n    \"alt-svc\": \"h3=\\\":443\\\"; ma=86400, h3-29=\\\":443\\\"; ma=86400\"\n  },\n  \"url\": \"https://conduit.productionready.io/api/articles/\",\n  \"method\": null,\n  \"httpVersion\": \"1.1\",\n  \"statusCode\": 307,\n  \"statusMessage\": \"Temporary Redirect\",\n  \"body\": \"\"\n}\n\nWhen Cypress detects uncaught errors originating from your test code it will automatically fail the current test.",
                "estack": "CypressError: The following error originated from your test code, not from Cypress.\n\n  > A response callback passed to `req.reply()` threw an error while intercepting a response:\n\nCannot read property 'description' of undefined\n\nRoute: {\n  \"matchUrlAgainstPath\": true,\n  \"method\": \"POST\",\n  \"url\": \"**/articles\"\n}\n\nIntercepted request: {\n  \"headers\": {\n    \"host\": \"conduit.productionready.io\",\n    \"connection\": \"keep-alive\",\n    \"content-length\": \"130\",\n    \"accept\": \"application/json\",\n    \"authorization\": \"Token eyJhbGciOiJIUzI1NiIsInR5cCI6IkpXVCJ9.eyJlbWFpbCI6ImN5dGVzdEB0ZXN0LmNvbSIsInVzZXJuYW1lIjoiQ3lUZXN0IiwiaWF0IjoxNjQ4NTg1NTQwLCJleHAiOjE2NTM3Njk1NDB9.Q0GelXF6oVuaAyZF9Z5OhG_er1eduGonEpF4gQchkRk\",\n    \"user-agent\": \"Mozilla/5.0 (Windows NT 10.0; Win64; x64) AppleWebKit/537.36 (KHTML, like Gecko) Cypress/6.2.0 Chrome/87.0.4280.67 Electron/11.0.3 Safari/537.36\",\n    \"content-type\": \"application/json\",\n    \"origin\": \"http://localhost:4200\",\n    \"sec-fetch-site\": \"cross-site\",\n    \"sec-fetch-mode\": \"cors\",\n    \"sec-fetch-dest\": \"empty\",\n    \"referer\": \"http://localhost:4200/editor\",\n    \"accept-encoding\": \"gzip, deflate, br\",\n    \"accept-language\": \"en-US\"\n  },\n  \"url\": \"https://conduit.productionready.io/api/articles/\",\n  \"method\": \"POST\",\n  \"httpVersion\": \"1.1\",\n  \"body\": {\n    \"article\": {\n      \"tagList\": [],\n      \"title\": \"This is a title\",\n      \"description\": \"This is a descritption\",\n      \"body\": \"This is a body of the Article\"\n    }\n  },\n  \"responseTimeout\": 30000\n}\n\nIntercepted response: {\n  \"headers\": {\n    \"date\": \"Tue, 29 Mar 2022 20:25:42 GMT\",\n    \"content-length\": \"0\",\n    \"connection\": \"keep-alive\",\n    \"location\": \"https://api.realworld.io/api/articles/\",\n    \"access-control-allow-origin\": \"*\",\n    \"access-control-allow-headers\": \"*\",\n    \"access-control-allow-methods\": \"GET,HEAD,POST,OPTIONS,PUT,PATCH,DELETE\",\n    \"expect-ct\": \"max-age=604800, report-uri=\\\"https://report-uri.cloudflare.com/cdn-cgi/beacon/expect-ct\\\"\",\n    \"report-to\": \"{\\\"endpoints\\\":[{\\\"url\\\":\\\"https:\\\\/\\\\/a.nel.cloudflare.com\\\\/report\\\\/v3?s=R9X%2F3CZUjhiDHaLVSXOMPjDohOLZfXEiBTNjHlDDZyISVRMtqUQDZ%2F3lv9vvPGGVdBEXoOvGqsfzNiG7fcamdE1EneYARQHkxvCBYjZmb%2BLivh5I3sPny62k4r6jFVELV3TdO8slwHe4ndbwQw%3D%3D\\\"}],\\\"group\\\":\\\"cf-nel\\\",\\\"max_age\\\":604800}\",\n    \"nel\": \"{\\\"success_fraction\\\":0,\\\"report_to\\\":\\\"cf-nel\\\",\\\"max_age\\\":604800}\",\n    \"vary\": \"Accept-Encoding\",\n    \"server\": \"cloudflare\",\n    \"cf-ray\": \"6f3b561af88e8c35-EWR\",\n    \"alt-svc\": \"h3=\\\":443\\\"; ma=86400, h3-29=\\\":443\\\"; ma=86400\"\n  },\n  \"url\": \"https://conduit.productionready.io/api/articles/\",\n  \"method\": null,\n  \"httpVersion\": \"1.1\",\n  \"statusCode\": 307,\n  \"statusMessage\": \"Temporary Redirect\",\n  \"body\": \"\"\n}\n\nWhen Cypress detects uncaught errors originating from your test code it will automatically fail the current test.\n    at http://localhost:4200/__cypress/runner/cypress_runner.js:164873:65\n    at tryCatcher (http://localhost:4200/__cypress/runner/cypress_runner.js:10584:23)\n    at Promise._settlePromiseFromHandler (http://localhost:4200/__cypress/runner/cypress_runner.js:8519:31)\n    at Promise._settlePromise (http://localhost:4200/__cypress/runner/cypress_runner.js:8576:18)\n    at Promise._settlePromiseCtx (http://localhost:4200/__cypress/runner/cypress_runner.js:8613:10)\n    at _drainQueueStep (http://localhost:4200/__cypress/runner/cypress_runner.js:5295:12)\n    at _drainQueue (http://localhost:4200/__cypress/runner/cypress_runner.js:5284:9)\n    at Async.../../node_modules/bluebird/js/release/async.js.Async._drainQueues (http://localhost:4200/__cypress/runner/cypress_runner.js:5300:5)\n    at Async.drainQueues (http://localhost:4200/__cypress/runner/cypress_runner.js:5170:14)\nFrom Your Spec Code:\n    at Context.eval (http://localhost:4200/__cypress/tests?p=cypress\\integration\\firstTest.spec.js:140:8)\n\nFrom response callback:\n  TypeError: Cannot read property 'description' of undefined\n      at Object.eval [as responseHandler] (http://localhost:4200/__cypress/tests?p=cypress\\integration\\firstTest.spec.js:131:33)\nFrom Your Spec Code:\n    at Context.eval (http://localhost:4200/__cypress/tests?p=cypress\\integration\\firstTest.spec.js:140:8)",
                "diff": null
              },
              "uuid": "464fe9a4-fa2f-4849-aa04-123f7f208ef1",
              "parentUUID": "293fef51-2431-4af0-bd7f-fef081db6e10",
              "isHook": false,
              "skipped": false
            },
            {
              "title": "should gave tags with routing object",
              "fullTitle": "Test with backend should gave tags with routing object",
              "timedOut": null,
              "duration": 845,
              "state": "passed",
              "speed": "slow",
              "pass": true,
              "fail": false,
              "pending": false,
              "context": null,
              "code": "cy.get('.tag-list').should('contain', 'cypress').and('contain', 'automation').and('contain', 'testing');",
              "err": {},
              "uuid": "987c75a7-4157-498f-a1b5-628ce491d0f3",
              "parentUUID": "293fef51-2431-4af0-bd7f-fef081db6e10",
              "isHook": false,
              "skipped": false
            },
            {
              "title": "verify global feed likes count",
              "fullTitle": "Test with backend verify global feed likes count",
              "timedOut": null,
              "duration": 1615,
              "state": "failed",
              "speed": null,
              "pass": false,
              "fail": true,
              "pending": false,
              "context": null,
              "code": "cy.intercept('GET', '**/articles/feed*', {\n  \"articles\": [],\n  \"articlesCount\": 0\n});\ncy.intercept('GET', '**/articles*', {\n  fixture: 'articles.json'\n});\ncy.contains('Global Feed').click();\ncy.get('app-article-list button').then(function (listOfbuttons) {\n  expect(listOfbuttons[0]).to.contain('1');\n  expect(listOfbuttons[1]).to.contain('5');\n});\ncy.fixture('articles').then(function (file) {\n  var articleLink = file.articles[1].slug;\n  cy.intercept('POST', '**/articles/' + articleLink + '/favorite', file);\n});\ncy.get('app-article-list button').eq(1).click().should('contain', '6');",
              "err": {
                "message": "AssertionError: expected '<button.btn.btn-sm.btn-outline-primary>' to contain '1'",
                "estack": "AssertionError: expected '<button.btn.btn-sm.btn-outline-primary>' to contain '1'\n    at Context.eval (http://localhost:4200/__cypress/tests?p=cypress\\integration\\firstTest.spec.js:161:35)",
                "diff": null
              },
              "uuid": "6b5004d5-361f-4996-b46f-a347744658e3",
              "parentUUID": "293fef51-2431-4af0-bd7f-fef081db6e10",
              "isHook": false,
              "skipped": false
            },
            {
              "title": "delete a new article in a global feed",
              "fullTitle": "Test with backend delete a new article in a global feed",
              "timedOut": null,
              "duration": 1414,
              "state": "failed",
              "speed": null,
              "pass": false,
              "fail": true,
              "pending": false,
              "context": null,
              "code": "var bodyRequest = {\n  \"article\": {\n    \"tagList\": [],\n    \"title\": \"Request from API\",\n    \"description\": \"API testing is easy\",\n    \"body\": \"Angular is cool\"\n  }\n};\ncy.get('@token').then(function (token) {\n  cy.request({\n    url: Cypress.env('apiUrl') + 'api/articles/',\n    headers: {\n      'Authorization': 'Token ' + token\n    },\n    method: 'POST',\n    body: bodyRequest\n  }).then(function (response) {\n    expect(response.status).to.equal(200);\n  });\n  cy.contains('Global Feed').click();\n  cy.get('.article-preview').first().click();\n  cy.get('.article-actions').contains('Delete Article').click();\n  cy.request({\n    url: Cypress.env('apiUrl') + 'api/articles?limit=10&offset=0',\n    headers: {\n      'Authorization': 'Token ' + token\n    },\n    method: 'GET'\n  }).its('body').then(function (body) {\n    expect(body.articles[0].title).not.to.equal('Request from API');\n  });\n});",
              "err": {
                "message": "CypressError: `cy.request()` failed on:\n\nhttps://conduit.productionready.io/api/articles/\n\nThe response we received from your web server was:\n\n  > 422: Unprocessable Entity\n\nThis was considered a failure because the status code was not `2xx` or `3xx`.\n\nIf you do not want status codes to cause failures pass the option: `failOnStatusCode: false`\n\n-----------------------------------------------------------\n\nThe request we sent was:\n\nMethod: POST\nURL: https://conduit.productionready.io/api/articles/\nHeaders: {\n  \"Connection\": \"keep-alive\",\n  \"Authorization\": \"Token eyJhbGciOiJIUzI1NiIsInR5cCI6IkpXVCJ9.eyJlbWFpbCI6ImN5dGVzdEB0ZXN0LmNvbSIsInVzZXJuYW1lIjoiQ3lUZXN0IiwiaWF0IjoxNjQ4NTg1NTUxLCJleHAiOjE2NTM3Njk1NTF9.E46ECVssIS-RXlk7fEbypIHnI30elqI0hVbSFbTokxw\",\n  \"user-agent\": \"Mozilla/5.0 (Windows NT 10.0; Win64; x64) AppleWebKit/537.36 (KHTML, like Gecko) Cypress/6.2.0 Chrome/87.0.4280.67 Electron/11.0.3 Safari/537.36\",\n  \"accept\": \"*/*\",\n  \"accept-encoding\": \"gzip, deflate\",\n  \"content-type\": \"application/json\",\n  \"content-length\": 114,\n  \"referer\": \"https://conduit.productionready.io/api/articles/\"\n}\nBody: {\"article\":{\"tagList\":[],\"title\":\"Request from API\",\"description\":\"API testing is easy\",\"body\":\"Angular is cool\"}}\nRedirects: [\n  \"307: https://api.realworld.io/api/articles/\"\n]\n\n-----------------------------------------------------------\n\nThe response we got was:\n\nStatus: 422 - Unprocessable Entity\nHeaders: {\n  \"date\": \"Tue, 29 Mar 2022 20:25:51 GMT\",\n  \"content-type\": \"application/json; charset=utf-8\",\n  \"content-length\": \"39\",\n  \"connection\": \"keep-alive\",\n  \"x-powered-by\": \"Express\",\n  \"access-control-allow-origin\": \"*\",\n  \"etag\": \"W/\\\"27-BNeuaWQ7DHvW/r+pl+qdJiF06Is\\\"\",\n  \"via\": \"1.1 vegur\",\n  \"cf-cache-status\": \"DYNAMIC\",\n  \"expect-ct\": \"max-age=604800, report-uri=\\\"https://report-uri.cloudflare.com/cdn-cgi/beacon/expect-ct\\\"\",\n  \"report-to\": \"{\\\"endpoints\\\":[{\\\"url\\\":\\\"https:\\\\/\\\\/a.nel.cloudflare.com\\\\/report\\\\/v3?s=ppfX99X91zpm9zFYs33TpA8H2ShJBkt5vs%2BeZXs4W4f9G4Iwn5mt10o5f3W1uwzYi%2B8gzJrw9xsS6xvG4%2BhvjaS53kUPekCBz45Sk%2ByQO%2BdHbOVD7CAbFi5rptCWJvH7NDB3\\\"}],\\\"group\\\":\\\"cf-nel\\\",\\\"max_age\\\":604800}\",\n  \"nel\": \"{\\\"success_fraction\\\":0,\\\"report_to\\\":\\\"cf-nel\\\",\\\"max_age\\\":604800}\",\n  \"server\": \"cloudflare\",\n  \"cf-ray\": \"6f3b5652587515ab-EWR\",\n  \"alt-svc\": \"h3=\\\":443\\\"; ma=86400, h3-29=\\\":443\\\"; ma=86400\"\n}\nBody: {\n  \"errors\": {\n    \"title\": [\n      \"must be unique\"\n    ]\n  }\n}\n\n\nhttps://on.cypress.io/request",
                "estack": "CypressError: `cy.request()` failed on:\n\nhttps://conduit.productionready.io/api/articles/\n\nThe response we received from your web server was:\n\n  > 422: Unprocessable Entity\n\nThis was considered a failure because the status code was not `2xx` or `3xx`.\n\nIf you do not want status codes to cause failures pass the option: `failOnStatusCode: false`\n\n-----------------------------------------------------------\n\nThe request we sent was:\n\nMethod: POST\nURL: https://conduit.productionready.io/api/articles/\nHeaders: {\n  \"Connection\": \"keep-alive\",\n  \"Authorization\": \"Token eyJhbGciOiJIUzI1NiIsInR5cCI6IkpXVCJ9.eyJlbWFpbCI6ImN5dGVzdEB0ZXN0LmNvbSIsInVzZXJuYW1lIjoiQ3lUZXN0IiwiaWF0IjoxNjQ4NTg1NTUxLCJleHAiOjE2NTM3Njk1NTF9.E46ECVssIS-RXlk7fEbypIHnI30elqI0hVbSFbTokxw\",\n  \"user-agent\": \"Mozilla/5.0 (Windows NT 10.0; Win64; x64) AppleWebKit/537.36 (KHTML, like Gecko) Cypress/6.2.0 Chrome/87.0.4280.67 Electron/11.0.3 Safari/537.36\",\n  \"accept\": \"*/*\",\n  \"accept-encoding\": \"gzip, deflate\",\n  \"content-type\": \"application/json\",\n  \"content-length\": 114,\n  \"referer\": \"https://conduit.productionready.io/api/articles/\"\n}\nBody: {\"article\":{\"tagList\":[],\"title\":\"Request from API\",\"description\":\"API testing is easy\",\"body\":\"Angular is cool\"}}\nRedirects: [\n  \"307: https://api.realworld.io/api/articles/\"\n]\n\n-----------------------------------------------------------\n\nThe response we got was:\n\nStatus: 422 - Unprocessable Entity\nHeaders: {\n  \"date\": \"Tue, 29 Mar 2022 20:25:51 GMT\",\n  \"content-type\": \"application/json; charset=utf-8\",\n  \"content-length\": \"39\",\n  \"connection\": \"keep-alive\",\n  \"x-powered-by\": \"Express\",\n  \"access-control-allow-origin\": \"*\",\n  \"etag\": \"W/\\\"27-BNeuaWQ7DHvW/r+pl+qdJiF06Is\\\"\",\n  \"via\": \"1.1 vegur\",\n  \"cf-cache-status\": \"DYNAMIC\",\n  \"expect-ct\": \"max-age=604800, report-uri=\\\"https://report-uri.cloudflare.com/cdn-cgi/beacon/expect-ct\\\"\",\n  \"report-to\": \"{\\\"endpoints\\\":[{\\\"url\\\":\\\"https:\\\\/\\\\/a.nel.cloudflare.com\\\\/report\\\\/v3?s=ppfX99X91zpm9zFYs33TpA8H2ShJBkt5vs%2BeZXs4W4f9G4Iwn5mt10o5f3W1uwzYi%2B8gzJrw9xsS6xvG4%2BhvjaS53kUPekCBz45Sk%2ByQO%2BdHbOVD7CAbFi5rptCWJvH7NDB3\\\"}],\\\"group\\\":\\\"cf-nel\\\",\\\"max_age\\\":604800}\",\n  \"nel\": \"{\\\"success_fraction\\\":0,\\\"report_to\\\":\\\"cf-nel\\\",\\\"max_age\\\":604800}\",\n  \"server\": \"cloudflare\",\n  \"cf-ray\": \"6f3b5652587515ab-EWR\",\n  \"alt-svc\": \"h3=\\\":443\\\"; ma=86400, h3-29=\\\":443\\\"; ma=86400\"\n}\nBody: {\n  \"errors\": {\n    \"title\": [\n      \"must be unique\"\n    ]\n  }\n}\n\n\nhttps://on.cypress.io/request\n    at http://localhost:4200/__cypress/runner/cypress_runner.js:159018:21\n    at tryCatcher (http://localhost:4200/__cypress/runner/cypress_runner.js:10584:23)\n    at Promise._settlePromiseFromHandler (http://localhost:4200/__cypress/runner/cypress_runner.js:8519:31)\n    at Promise._settlePromise (http://localhost:4200/__cypress/runner/cypress_runner.js:8576:18)\n    at Promise._settlePromise0 (http://localhost:4200/__cypress/runner/cypress_runner.js:8621:10)\n    at Promise._settlePromises (http://localhost:4200/__cypress/runner/cypress_runner.js:8701:18)\n    at _drainQueueStep (http://localhost:4200/__cypress/runner/cypress_runner.js:5291:12)\n    at _drainQueue (http://localhost:4200/__cypress/runner/cypress_runner.js:5284:9)\n    at Async.../../node_modules/bluebird/js/release/async.js.Async._drainQueues (http://localhost:4200/__cypress/runner/cypress_runner.js:5300:5)\n    at Async.drainQueues (http://localhost:4200/__cypress/runner/cypress_runner.js:5170:14)\nFrom Your Spec Code:\n    at Context.eval (http://localhost:4200/__cypress/tests?p=cypress\\integration\\firstTest.spec.js:180:10)",
                "diff": null
              },
              "uuid": "6abf9e2a-dffb-40e9-8098-b008bf8df876",
              "parentUUID": "293fef51-2431-4af0-bd7f-fef081db6e10",
              "isHook": false,
              "skipped": false
            }
          ],
          "suites": [],
          "passes": [
            "987c75a7-4157-498f-a1b5-628ce491d0f3"
          ],
          "failures": [
            "dcbfaa4e-fae1-4415-97f9-e7488bbb5d2c",
            "464fe9a4-fa2f-4849-aa04-123f7f208ef1",
            "6b5004d5-361f-4996-b46f-a347744658e3",
            "6abf9e2a-dffb-40e9-8098-b008bf8df876"
          ],
          "pending": [],
          "skipped": [],
          "duration": 9923,
          "root": false,
          "rootEmpty": false,
          "_timeout": 2000
        }
      ],
      "passes": [],
      "failures": [],
      "pending": [],
      "skipped": [],
      "duration": 0,
      "root": true,
      "rootEmpty": true,
      "_timeout": 2000
    },
    {
      "uuid": "f7bfe450-8a7a-4494-92cf-4f054738a73a",
      "title": "",
      "fullFile": "cypress\\integration\\secondTest.spec.js",
      "file": "cypress\\integration\\secondTest.spec.js",
      "beforeHooks": [],
      "afterHooks": [],
      "tests": [],
      "suites": [
        {
          "uuid": "73c973b9-0c12-4e98-bb6d-1491985c910d",
          "title": "Test log out",
          "fullFile": "",
          "file": "",
          "beforeHooks": [],
          "afterHooks": [],
          "tests": [
            {
              "title": "verify use can log out successfully",
              "fullTitle": "Test log out verify use can log out successfully",
              "timedOut": null,
              "duration": 1558,
              "state": "passed",
              "speed": "slow",
              "pass": true,
              "fail": false,
              "pending": false,
              "context": null,
              "code": "cy.contains('Settings').click();\ncy.contains('Or click here to logout').click();\ncy.get('.navbar-nav').should('contain', 'Sign up');",
              "err": {},
              "uuid": "bbe035c9-b844-4972-89ad-1637d1a85587",
              "parentUUID": "73c973b9-0c12-4e98-bb6d-1491985c910d",
              "isHook": false,
              "skipped": false
            }
          ],
          "suites": [],
          "passes": [
            "bbe035c9-b844-4972-89ad-1637d1a85587"
          ],
          "failures": [],
          "pending": [],
          "skipped": [],
          "duration": 1558,
          "root": false,
          "rootEmpty": false,
          "_timeout": 2000
        }
      ],
      "passes": [],
      "failures": [],
      "pending": [],
      "skipped": [],
      "duration": 0,
      "root": true,
      "rootEmpty": true,
      "_timeout": 2000
    },
    {
      "uuid": "0c6d65d0-79a5-4952-9412-dca0683ecf57",
      "title": "",
      "fullFile": "cypress\\integration\\testingD\\firstTestConduit.spec.js",
      "file": "cypress\\integration\\testingD\\firstTestConduit.spec.js",
      "beforeHooks": [],
      "afterHooks": [],
      "tests": [],
      "suites": [
        {
          "uuid": "a23590d4-f680-49a0-b9cc-13a741a3e7cd",
          "title": "Test with backend",
          "fullFile": "",
          "file": "",
          "beforeHooks": [],
          "afterHooks": [],
          "tests": [
            {
              "title": "verify correct request and response",
              "fullTitle": "Test with backend verify correct request and response",
              "timedOut": null,
              "duration": 0,
              "state": "pending",
              "speed": null,
              "pass": false,
              "fail": false,
              "pending": true,
              "context": null,
              "code": "",
              "err": {},
              "uuid": "7cb1958d-1459-4a56-bc04-986d3ef803b6",
              "parentUUID": "a23590d4-f680-49a0-b9cc-13a741a3e7cd",
              "isHook": false,
              "skipped": false
            },
            {
              "title": "should gave tags with routing object ",
              "fullTitle": "Test with backend should gave tags with routing object ",
              "timedOut": null,
              "duration": 1237,
              "state": "passed",
              "speed": "slow",
              "pass": true,
              "fail": false,
              "pending": false,
              "context": null,
              "code": "//looking in json file mocked the co\n//cy.wait(20000)\ncy.get('div .tag-list').should('contain', 'cypress').should('contain', 'automation').should('contain', 'testing');",
              "err": {},
              "uuid": "e1f064ef-eae4-4c3c-974e-fd860d705a57",
              "parentUUID": "a23590d4-f680-49a0-b9cc-13a741a3e7cd",
              "isHook": false,
              "skipped": false
            },
            {
              "title": "Verify the local feed likes count",
              "fullTitle": "Test with backend Verify the local feed likes count",
              "timedOut": null,
              "duration": 1121,
              "state": "passed",
              "speed": "slow",
              "pass": true,
              "fail": false,
              "pending": false,
              "context": null,
              "code": "cy.intercept('GET', '**/articles/feed*', {\n  \"articles\": [],\n  \"articlesCount\": 0\n});\ncy.intercept('GET', '**/articles*', {\n  fixture: 'articles.json'\n});\ncy.contains('Global Feed').click();\ncy.get('app-article-list button').then(function (listOfButton) {\n  expect(listOfButton).to.contain('2');\n  expect(listOfButton[1]).to.contain('5');\n}); //create the route by call a fixture methode and read the fisture file articles.json\ncy.fixture('articles').then(function (file) {\n  var articlelink = file.articles[1].slug;\n  cy.intercept('POST', '**/articles/' + articlelink + '/favorite', file); //file is the respond of the link that we created\n}); //assertion \ncy.get('app-article-list button').eq(1).click().should('contain', '6'); //because is mocked test, we do not depend on the backend server",
              "err": {},
              "uuid": "f3e64066-67a7-44e6-bc26-7246bb4d4af4",
              "parentUUID": "a23590d4-f680-49a0-b9cc-13a741a3e7cd",
              "isHook": false,
              "skipped": false
            }
          ],
          "suites": [],
          "passes": [
            "e1f064ef-eae4-4c3c-974e-fd860d705a57",
            "f3e64066-67a7-44e6-bc26-7246bb4d4af4"
          ],
          "failures": [],
          "pending": [
            "7cb1958d-1459-4a56-bc04-986d3ef803b6"
          ],
          "skipped": [],
          "duration": 2358,
          "root": false,
          "rootEmpty": false,
          "_timeout": 2000
        }
      ],
      "passes": [],
      "failures": [],
      "pending": [],
      "skipped": [],
      "duration": 0,
      "root": true,
      "rootEmpty": true,
      "_timeout": 2000
    },
    {
      "uuid": "d530a5ca-1c64-4b89-ac6c-e6e8a49fc23e",
      "title": "",
      "fullFile": "cypress\\integration\\testingD\\refactorServerRoute.spec.js",
      "file": "cypress\\integration\\testingD\\refactorServerRoute.spec.js",
      "beforeHooks": [],
      "afterHooks": [],
      "tests": [],
      "suites": [
        {
          "uuid": "50d95e1e-8459-483a-9495-fe32b5585533",
          "title": "Test with backend / refactoring use intercept",
          "fullFile": "",
          "file": "",
          "beforeHooks": [],
          "afterHooks": [],
          "tests": [
            {
              "title": "verify correct request and response",
              "fullTitle": "Test with backend / refactoring use intercept verify correct request and response",
              "timedOut": null,
              "duration": 3768,
              "state": "passed",
              "speed": "slow",
              "pass": true,
              "fail": false,
              "pending": false,
              "context": null,
              "code": "//cy.server() //crear el servidorde cypress\ncy.intercept('POST', '**/api.realworld.io/api/articles').as('postArticles');\ncy.contains('New Article').click();\ncy.get('[formcontrolname=\"title\"]').type('GitHub ');\ncy.get('[formcontrolname=\"description\"]').type('code hosting platform');\ncy.get('[formcontrolname=\"body\"]').type('version control and collaboration, lets you and others work together on projects from anywhere.');\ncy.contains('Publish Article').click();\ncy.wait('@postArticles');\ncy.get('@postArticles').then(function (xhr) {\n  console.log(xhr);\n  expect(xhr.response.statusCode).to.equal(200);\n  expect(xhr.request.body.article.body).to.equal('version control and collaboration, lets you and others work together on projects from anywhere.');\n  expect(xhr.response.body.article.description).to.equal('code hosting platform');\n});",
              "err": {},
              "uuid": "2419f601-101b-4342-9050-1580431a516a",
              "parentUUID": "50d95e1e-8459-483a-9495-fe32b5585533",
              "isHook": false,
              "skipped": false
            },
            {
              "title": "Intercepting and modifying the request and response",
              "fullTitle": "Test with backend / refactoring use intercept Intercepting and modifying the request and response",
              "timedOut": null,
              "duration": 0,
              "state": "pending",
              "speed": null,
              "pass": false,
              "fail": false,
              "pending": true,
              "context": null,
              "code": "",
              "err": {},
              "uuid": "c400c599-dcce-44ae-9da7-39202c93959f",
              "parentUUID": "50d95e1e-8459-483a-9495-fe32b5585533",
              "isHook": false,
              "skipped": false
            },
            {
              "title": "should gave tags with routing object ",
              "fullTitle": "Test with backend / refactoring use intercept should gave tags with routing object ",
              "timedOut": null,
              "duration": 793,
              "state": "passed",
              "speed": "slow",
              "pass": true,
              "fail": false,
              "pending": false,
              "context": null,
              "code": "//looking in json file mocked the co\n//cy.wait(20000)\ncy.get('div .tag-list').should('contain', 'cypress').should('contain', 'automation').should('contain', 'testing');",
              "err": {},
              "uuid": "9acec0ee-d617-42f5-a4d8-cd470a47c2e8",
              "parentUUID": "50d95e1e-8459-483a-9495-fe32b5585533",
              "isHook": false,
              "skipped": false
            },
            {
              "title": "Verify the local feed likes count",
              "fullTitle": "Test with backend / refactoring use intercept Verify the local feed likes count",
              "timedOut": null,
              "duration": 936,
              "state": "passed",
              "speed": "slow",
              "pass": true,
              "fail": false,
              "pending": false,
              "context": null,
              "code": "cy.intercept('GET', '**/articles/feed*', {\n  \"articles\": [],\n  \"articlesCount\": 0\n});\ncy.intercept('GET', '**/articles*', {\n  fixture: 'articles.json'\n});\ncy.contains('Global Feed').click();\ncy.get('app-article-list button').then(function (listOfButton) {\n  expect(listOfButton).to.contain('2');\n  expect(listOfButton[1]).to.contain('5');\n}); //create the route by call a fixture methode and read the fisture file articles.json\ncy.fixture('articles').then(function (file) {\n  var articlelink = file.articles[1].slug;\n  cy.intercept('POST', '**/articles/' + articlelink + '/favorite', file); //file is the respond of the link that we created\n}); //assertion \ncy.get('app-article-list button').eq(1).click().should('contain', '6'); //because is mocked test, we do not depend on the backend server",
              "err": {},
              "uuid": "0398d1b2-3d4e-41de-a110-769543b2b5a3",
              "parentUUID": "50d95e1e-8459-483a-9495-fe32b5585533",
              "isHook": false,
              "skipped": false
            },
            {
              "title": "Delete new article  in global feed",
              "fullTitle": "Test with backend / refactoring use intercept Delete new article  in global feed",
              "timedOut": null,
              "duration": 1874,
              "state": "passed",
              "speed": "slow",
              "pass": true,
              "fail": false,
              "pending": false,
              "context": null,
              "code": "//create a const for login and relocated at commands.js loginApplication()\n// const userCredentials =  { \"user\": {\n//   \"email\": \"cytest@test.com\",\n//   \"password\": \"Welcome123\"\n//  }\n// }\nvar bodyRequest = {\n  \"article\": {\n    \"tagList\": [],\n    \"title\": \"Request from API (Postman)\",\n    \"description\": \"Api testing is easy\",\n    \"body\": \"angular is cool\"\n  }\n}; //this are in comments because we relocated at command.js or loginApplication() so \n//we use instaed cy.get\n// cy.request('POST', 'https://api.realworld.io/api/users/login', userCredentials)\n// .its('body').then( body => {\ncy.get('@token').then(function (token) {\n  //2. second request from articles\n  cy.request({\n    url: 'https://api.realworld.io/api/articles',\n    headers: {\n      'Authorization': 'Token ' + token\n    },\n    //la variable guardada como se muestra en postman\n    method: 'POST',\n    body: bodyRequest //const created to save the body request\n  }).then(function (response) {\n    expect(response.status).to.equal(200);\n  }); //we need go into global feed\n  cy.contains('Global Feed').click();\n  cy.get('.article-preview').first().click();\n  cy.get('.article-actions').contains('Delete Article').click(); //need request our article is successfully deleted.request the list by using API\n  //verifying the first artile of the list DO NOT have text \"Request from API (Postman)\" como arriba que creamos nosotros\n  cy.request({\n    url: 'https://api.realworld.io/api/articles?limit=10&offset=0',\n    headers: {\n      'Authorization': 'Token ' + token\n    },\n    //la variable guardada como se muestra en postman\n    method: 'GET'\n  }).its('body').then(function (body) {\n    //console.log(body) //aqui probammos que en consola se imprima la lista articulos\n    expect(body.articles[0].title).not.equal('Request from API (Postman)');\n  });\n});",
              "err": {},
              "uuid": "70425e58-bff6-4a07-a900-a4a24ddfcbe1",
              "parentUUID": "50d95e1e-8459-483a-9495-fe32b5585533",
              "isHook": false,
              "skipped": false
            }
          ],
          "suites": [],
          "passes": [
            "2419f601-101b-4342-9050-1580431a516a",
            "9acec0ee-d617-42f5-a4d8-cd470a47c2e8",
            "0398d1b2-3d4e-41de-a110-769543b2b5a3",
            "70425e58-bff6-4a07-a900-a4a24ddfcbe1"
          ],
          "failures": [],
          "pending": [
            "c400c599-dcce-44ae-9da7-39202c93959f"
          ],
          "skipped": [],
          "duration": 7371,
          "root": false,
          "rootEmpty": false,
          "_timeout": 2000
        }
      ],
      "passes": [],
      "failures": [],
      "pending": [],
      "skipped": [],
      "duration": 0,
      "root": true,
      "rootEmpty": true,
      "_timeout": 2000
    },
    {
      "uuid": "97329d5b-81e6-4e09-aa92-b51ee88dcc3c",
      "title": "",
      "fullFile": "cypress\\integration\\firstTest.spec.js",
      "file": "cypress\\integration\\firstTest.spec.js",
      "beforeHooks": [],
      "afterHooks": [],
      "tests": [],
      "suites": [
        {
          "uuid": "0d7d0069-ebd6-4910-aba6-508eb6ea3f8a",
          "title": "Test with backend",
          "fullFile": "",
          "file": "",
          "beforeHooks": [],
          "afterHooks": [],
          "tests": [
            {
              "title": "verify correct request and response",
              "fullTitle": "Test with backend verify correct request and response",
              "timedOut": null,
              "duration": 17461,
              "state": "failed",
              "speed": null,
              "pass": false,
              "fail": true,
              "pending": false,
              "context": null,
              "code": "cy.intercept('POST', '**/articles').as('postArticles');\ncy.contains('New Article').click();\ncy.get('[formcontrolname=\"title\"]').type('This is a title');\ncy.get('[formcontrolname=\"description\"]').type('This is a descritption');\ncy.get('[formcontrolname=\"body\"]').type('This is a body of the Article');\ncy.contains('Publish Article').click();\ncy.wait('@postArticles');\ncy.get('@postArticles').then(function (xhr) {\n  console.log(xhr);\n  expect(xhr.response.statusCode).to.equal(200);\n  expect(xhr.request.body.article.body).to.equal('This is a body of the Article');\n  expect(xhr.response.body.article.description).to.equal('This is a descritption');\n});",
              "err": {
                "message": "TypeError: Cannot read properties of undefined (reading 'statusCode')",
                "estack": "TypeError: Cannot read properties of undefined (reading 'statusCode')\n    at Context.eval (http://localhost:4200/__cypress/tests?p=cypress\\integration\\firstTest.spec.js:120:27)",
                "diff": null
              },
              "uuid": "d84128d1-610a-4cea-9ec2-9bcd69c29ff1",
              "parentUUID": "0d7d0069-ebd6-4910-aba6-508eb6ea3f8a",
              "isHook": false,
              "skipped": false
            },
            {
              "title": "intercepting and modifying the request and response",
              "fullTitle": "Test with backend intercepting and modifying the request and response",
              "timedOut": null,
              "duration": 2792,
              "state": "failed",
              "speed": null,
              "pass": false,
              "fail": true,
              "pending": false,
              "context": null,
              "code": "// cy.intercept('POST', '**/articles', (req) => {\n//     req.body.article.description = \"This is a descritption 2\"\n// }).as('postArticles')\ncy.intercept('POST', '**/articles', function (req) {\n  req.reply(function (res) {\n    expect(res.body.article.description).to.equal('This is a descritption');\n    res.body.article.description = \"This is a descritption 2\";\n  });\n}).as('postArticles');\ncy.contains('New Article').click();\ncy.get('[formcontrolname=\"title\"]').type('This is a title');\ncy.get('[formcontrolname=\"description\"]').type('This is a descritption');\ncy.get('[formcontrolname=\"body\"]').type('This is a body of the Article');\ncy.contains('Publish Article').click();\ncy.wait('@postArticles');\ncy.get('@postArticles').then(function (xhr) {\n  console.log(xhr);\n  expect(xhr.response.statusCode).to.equal(200);\n  expect(xhr.request.body.article.body).to.equal('This is a body of the Article');\n  expect(xhr.response.body.article.description).to.equal('This is a descritption 2');\n});",
              "err": {
                "message": "CypressError: The following error originated from your test code, not from Cypress.\n\n  > A response callback passed to `req.reply()` threw an error while intercepting a response:\n\nCannot read properties of undefined (reading 'description')\n\nRoute: {\n  \"matchUrlAgainstPath\": true,\n  \"method\": \"POST\",\n  \"url\": \"**/articles\"\n}\n\nIntercepted request: {\n  \"headers\": {\n    \"host\": \"conduit.productionready.io\",\n    \"connection\": \"keep-alive\",\n    \"content-length\": \"130\",\n    \"sec-ch-ua\": \"\\\" Not A;Brand\\\";v=\\\"99\\\", \\\"Chromium\\\";v=\\\"99\\\", \\\"Google Chrome\\\";v=\\\"99\\\"\",\n    \"accept\": \"application/json\",\n    \"content-type\": \"application/json\",\n    \"authorization\": \"Token eyJhbGciOiJIUzI1NiIsInR5cCI6IkpXVCJ9.eyJlbWFpbCI6ImN5dGVzdEB0ZXN0LmNvbSIsInVzZXJuYW1lIjoiQ3lUZXN0IiwiaWF0IjoxNjQ4NTg3MzI1LCJleHAiOjE2NTM3NzEzMjV9.KiDFuuUfyH0RUpTjhftrOt_vPurQG3uU3MoczezNVbw\",\n    \"sec-ch-ua-mobile\": \"?0\",\n    \"user-agent\": \"Mozilla/5.0 (Windows NT 10.0; Win64; x64) AppleWebKit/537.36 (KHTML, like Gecko) Chrome/99.0.4844.84 Safari/537.36\",\n    \"sec-ch-ua-platform\": \"\\\"Windows\\\"\",\n    \"origin\": \"http://localhost:4200\",\n    \"sec-fetch-site\": \"cross-site\",\n    \"sec-fetch-mode\": \"cors\",\n    \"sec-fetch-dest\": \"empty\",\n    \"referer\": \"http://localhost:4200/\",\n    \"accept-encoding\": \"gzip, deflate, br\",\n    \"accept-language\": \"en-US,en;q=0.9\"\n  },\n  \"url\": \"https://conduit.productionready.io/api/articles/\",\n  \"method\": \"POST\",\n  \"httpVersion\": \"1.1\",\n  \"body\": {\n    \"article\": {\n      \"tagList\": [],\n      \"title\": \"This is a title\",\n      \"description\": \"This is a descritption\",\n      \"body\": \"This is a body of the Article\"\n    }\n  },\n  \"responseTimeout\": 30000\n}\n\nIntercepted response: {\n  \"headers\": {\n    \"date\": \"Tue, 29 Mar 2022 20:55:27 GMT\",\n    \"content-length\": \"0\",\n    \"connection\": \"keep-alive\",\n    \"location\": \"https://api.realworld.io/api/articles/\",\n    \"access-control-allow-origin\": \"*\",\n    \"access-control-allow-headers\": \"*\",\n    \"access-control-allow-methods\": \"GET,HEAD,POST,OPTIONS,PUT,PATCH,DELETE\",\n    \"expect-ct\": \"max-age=604800, report-uri=\\\"https://report-uri.cloudflare.com/cdn-cgi/beacon/expect-ct\\\"\",\n    \"report-to\": \"{\\\"endpoints\\\":[{\\\"url\\\":\\\"https:\\\\/\\\\/a.nel.cloudflare.com\\\\/report\\\\/v3?s=51rQSoMEStaa%2FEGZIWvsQjJPzGsZrY4MiZdbQ6FB7iOpHJrEVWqKgdfd8kJRU6NCMBkkXkv3Sx8kC39qj%2F7HYN15R9wadQDNJfTdrIXq44ogduqqcOqvbgyCZjvjxqRQBbciu6Nl%2BHboXCxEig%3D%3D\\\"}],\\\"group\\\":\\\"cf-nel\\\",\\\"max_age\\\":604800}\",\n    \"nel\": \"{\\\"success_fraction\\\":0,\\\"report_to\\\":\\\"cf-nel\\\",\\\"max_age\\\":604800}\",\n    \"vary\": \"Accept-Encoding\",\n    \"server\": \"cloudflare\",\n    \"cf-ray\": \"6f3b81ab6d751821-EWR\",\n    \"alt-svc\": \"h3=\\\":443\\\"; ma=86400, h3-29=\\\":443\\\"; ma=86400\"\n  },\n  \"url\": \"https://conduit.productionready.io/api/articles/\",\n  \"method\": null,\n  \"httpVersion\": \"1.1\",\n  \"statusCode\": 307,\n  \"statusMessage\": \"Temporary Redirect\",\n  \"body\": \"\"\n}\n\nWhen Cypress detects uncaught errors originating from your test code it will automatically fail the current test.",
                "estack": "CypressError: The following error originated from your test code, not from Cypress.\n\n  > A response callback passed to `req.reply()` threw an error while intercepting a response:\n\nCannot read properties of undefined (reading 'description')\n\nRoute: {\n  \"matchUrlAgainstPath\": true,\n  \"method\": \"POST\",\n  \"url\": \"**/articles\"\n}\n\nIntercepted request: {\n  \"headers\": {\n    \"host\": \"conduit.productionready.io\",\n    \"connection\": \"keep-alive\",\n    \"content-length\": \"130\",\n    \"sec-ch-ua\": \"\\\" Not A;Brand\\\";v=\\\"99\\\", \\\"Chromium\\\";v=\\\"99\\\", \\\"Google Chrome\\\";v=\\\"99\\\"\",\n    \"accept\": \"application/json\",\n    \"content-type\": \"application/json\",\n    \"authorization\": \"Token eyJhbGciOiJIUzI1NiIsInR5cCI6IkpXVCJ9.eyJlbWFpbCI6ImN5dGVzdEB0ZXN0LmNvbSIsInVzZXJuYW1lIjoiQ3lUZXN0IiwiaWF0IjoxNjQ4NTg3MzI1LCJleHAiOjE2NTM3NzEzMjV9.KiDFuuUfyH0RUpTjhftrOt_vPurQG3uU3MoczezNVbw\",\n    \"sec-ch-ua-mobile\": \"?0\",\n    \"user-agent\": \"Mozilla/5.0 (Windows NT 10.0; Win64; x64) AppleWebKit/537.36 (KHTML, like Gecko) Chrome/99.0.4844.84 Safari/537.36\",\n    \"sec-ch-ua-platform\": \"\\\"Windows\\\"\",\n    \"origin\": \"http://localhost:4200\",\n    \"sec-fetch-site\": \"cross-site\",\n    \"sec-fetch-mode\": \"cors\",\n    \"sec-fetch-dest\": \"empty\",\n    \"referer\": \"http://localhost:4200/\",\n    \"accept-encoding\": \"gzip, deflate, br\",\n    \"accept-language\": \"en-US,en;q=0.9\"\n  },\n  \"url\": \"https://conduit.productionready.io/api/articles/\",\n  \"method\": \"POST\",\n  \"httpVersion\": \"1.1\",\n  \"body\": {\n    \"article\": {\n      \"tagList\": [],\n      \"title\": \"This is a title\",\n      \"description\": \"This is a descritption\",\n      \"body\": \"This is a body of the Article\"\n    }\n  },\n  \"responseTimeout\": 30000\n}\n\nIntercepted response: {\n  \"headers\": {\n    \"date\": \"Tue, 29 Mar 2022 20:55:27 GMT\",\n    \"content-length\": \"0\",\n    \"connection\": \"keep-alive\",\n    \"location\": \"https://api.realworld.io/api/articles/\",\n    \"access-control-allow-origin\": \"*\",\n    \"access-control-allow-headers\": \"*\",\n    \"access-control-allow-methods\": \"GET,HEAD,POST,OPTIONS,PUT,PATCH,DELETE\",\n    \"expect-ct\": \"max-age=604800, report-uri=\\\"https://report-uri.cloudflare.com/cdn-cgi/beacon/expect-ct\\\"\",\n    \"report-to\": \"{\\\"endpoints\\\":[{\\\"url\\\":\\\"https:\\\\/\\\\/a.nel.cloudflare.com\\\\/report\\\\/v3?s=51rQSoMEStaa%2FEGZIWvsQjJPzGsZrY4MiZdbQ6FB7iOpHJrEVWqKgdfd8kJRU6NCMBkkXkv3Sx8kC39qj%2F7HYN15R9wadQDNJfTdrIXq44ogduqqcOqvbgyCZjvjxqRQBbciu6Nl%2BHboXCxEig%3D%3D\\\"}],\\\"group\\\":\\\"cf-nel\\\",\\\"max_age\\\":604800}\",\n    \"nel\": \"{\\\"success_fraction\\\":0,\\\"report_to\\\":\\\"cf-nel\\\",\\\"max_age\\\":604800}\",\n    \"vary\": \"Accept-Encoding\",\n    \"server\": \"cloudflare\",\n    \"cf-ray\": \"6f3b81ab6d751821-EWR\",\n    \"alt-svc\": \"h3=\\\":443\\\"; ma=86400, h3-29=\\\":443\\\"; ma=86400\"\n  },\n  \"url\": \"https://conduit.productionready.io/api/articles/\",\n  \"method\": null,\n  \"httpVersion\": \"1.1\",\n  \"statusCode\": 307,\n  \"statusMessage\": \"Temporary Redirect\",\n  \"body\": \"\"\n}\n\nWhen Cypress detects uncaught errors originating from your test code it will automatically fail the current test.\n    at http://localhost:4200/__cypress/runner/cypress_runner.js:164873:65\n    at tryCatcher (http://localhost:4200/__cypress/runner/cypress_runner.js:10584:23)\n    at Promise._settlePromiseFromHandler (http://localhost:4200/__cypress/runner/cypress_runner.js:8519:31)\n    at Promise._settlePromise (http://localhost:4200/__cypress/runner/cypress_runner.js:8576:18)\n    at Promise._settlePromiseCtx (http://localhost:4200/__cypress/runner/cypress_runner.js:8613:10)\n    at _drainQueueStep (http://localhost:4200/__cypress/runner/cypress_runner.js:5295:12)\n    at _drainQueue (http://localhost:4200/__cypress/runner/cypress_runner.js:5284:9)\n    at Async.../../node_modules/bluebird/js/release/async.js.Async._drainQueues (http://localhost:4200/__cypress/runner/cypress_runner.js:5300:5)\n    at Async.drainQueues (http://localhost:4200/__cypress/runner/cypress_runner.js:5170:14)\n\nFrom response callback:\n  TypeError: Cannot read properties of undefined (reading 'description')\n      at Object.eval [as responseHandler] (http://localhost:4200/__cypress/tests?p=cypress\\integration\\firstTest.spec.js:131:33)",
                "diff": null
              },
              "uuid": "98bc6410-d0be-4ac3-91e9-e45f5b5e483d",
              "parentUUID": "0d7d0069-ebd6-4910-aba6-508eb6ea3f8a",
              "isHook": false,
              "skipped": false
            },
            {
              "title": "should gave tags with routing object",
              "fullTitle": "Test with backend should gave tags with routing object",
              "timedOut": null,
              "duration": 1116,
              "state": "passed",
              "speed": "slow",
              "pass": true,
              "fail": false,
              "pending": false,
              "context": null,
              "code": "cy.get('.tag-list').should('contain', 'cypress').and('contain', 'automation').and('contain', 'testing');",
              "err": {},
              "uuid": "af89b647-3289-4fe1-9cf1-669ea5141ff3",
              "parentUUID": "0d7d0069-ebd6-4910-aba6-508eb6ea3f8a",
              "isHook": false,
              "skipped": false
            },
            {
              "title": "verify global feed likes count",
              "fullTitle": "Test with backend verify global feed likes count",
              "timedOut": null,
              "duration": 1304,
              "state": "failed",
              "speed": null,
              "pass": false,
              "fail": true,
              "pending": false,
              "context": null,
              "code": "cy.intercept('GET', '**/articles/feed*', {\n  \"articles\": [],\n  \"articlesCount\": 0\n});\ncy.intercept('GET', '**/articles*', {\n  fixture: 'articles.json'\n});\ncy.contains('Global Feed').click();\ncy.get('app-article-list button').then(function (listOfbuttons) {\n  expect(listOfbuttons[0]).to.contain('1');\n  expect(listOfbuttons[1]).to.contain('5');\n});\ncy.fixture('articles').then(function (file) {\n  var articleLink = file.articles[1].slug;\n  cy.intercept('POST', '**/articles/' + articleLink + '/favorite', file);\n});\ncy.get('app-article-list button').eq(1).click().should('contain', '6');",
              "err": {
                "message": "AssertionError: expected '<button.btn.btn-sm.btn-outline-primary>' to contain '1'",
                "estack": "AssertionError: expected '<button.btn.btn-sm.btn-outline-primary>' to contain '1'\n    at Context.eval (http://localhost:4200/__cypress/tests?p=cypress\\integration\\firstTest.spec.js:160:39)",
                "diff": null
              },
              "uuid": "b5633016-d2b7-416a-805d-08cd0e1a17ee",
              "parentUUID": "0d7d0069-ebd6-4910-aba6-508eb6ea3f8a",
              "isHook": false,
              "skipped": false
            },
            {
              "title": "delete a new article in a global feed",
              "fullTitle": "Test with backend delete a new article in a global feed",
              "timedOut": null,
              "duration": 967,
              "state": "failed",
              "speed": null,
              "pass": false,
              "fail": true,
              "pending": false,
              "context": null,
              "code": "var bodyRequest = {\n  \"article\": {\n    \"tagList\": [],\n    \"title\": \"Request from API\",\n    \"description\": \"API testing is easy\",\n    \"body\": \"Angular is cool\"\n  }\n};\ncy.get('@token').then(function (token) {\n  cy.request({\n    url: Cypress.env('apiUrl') + 'api/articles/',\n    headers: {\n      'Authorization': 'Token ' + token\n    },\n    method: 'POST',\n    body: bodyRequest\n  }).then(function (response) {\n    expect(response.status).to.equal(200);\n  });\n  cy.contains('Global Feed').click();\n  cy.get('.article-preview').first().click();\n  cy.get('.article-actions').contains('Delete Article').click();\n  cy.request({\n    url: Cypress.env('apiUrl') + 'api/articles?limit=10&offset=0',\n    headers: {\n      'Authorization': 'Token ' + token\n    },\n    method: 'GET'\n  }).its('body').then(function (body) {\n    expect(body.articles[0].title).not.to.equal('Request from API');\n  });\n});",
              "err": {
                "message": "CypressError: `cy.request()` failed on:\n\nhttps://conduit.productionready.io/api/articles/\n\nThe response we received from your web server was:\n\n  > 422: Unprocessable Entity\n\nThis was considered a failure because the status code was not `2xx` or `3xx`.\n\nIf you do not want status codes to cause failures pass the option: `failOnStatusCode: false`\n\n-----------------------------------------------------------\n\nThe request we sent was:\n\nMethod: POST\nURL: https://conduit.productionready.io/api/articles/\nHeaders: {\n  \"Connection\": \"keep-alive\",\n  \"Authorization\": \"Token eyJhbGciOiJIUzI1NiIsInR5cCI6IkpXVCJ9.eyJlbWFpbCI6ImN5dGVzdEB0ZXN0LmNvbSIsInVzZXJuYW1lIjoiQ3lUZXN0IiwiaWF0IjoxNjQ4NTg3MzM0LCJleHAiOjE2NTM3NzEzMzR9.-W1TvmgEoPp754PcWy_QS86r-cwajEqMuu0NUp1P_g8\",\n  \"user-agent\": \"Mozilla/5.0 (Windows NT 10.0; Win64; x64) AppleWebKit/537.36 (KHTML, like Gecko) Chrome/99.0.4844.84 Safari/537.36\",\n  \"accept\": \"*/*\",\n  \"accept-encoding\": \"gzip, deflate\",\n  \"content-type\": \"application/json\",\n  \"content-length\": 114,\n  \"referer\": \"https://conduit.productionready.io/api/articles/\"\n}\nBody: {\"article\":{\"tagList\":[],\"title\":\"Request from API\",\"description\":\"API testing is easy\",\"body\":\"Angular is cool\"}}\nRedirects: [\n  \"307: https://api.realworld.io/api/articles/\"\n]\n\n-----------------------------------------------------------\n\nThe response we got was:\n\nStatus: 422 - Unprocessable Entity\nHeaders: {\n  \"date\": \"Tue, 29 Mar 2022 20:55:34 GMT\",\n  \"content-type\": \"application/json; charset=utf-8\",\n  \"content-length\": \"39\",\n  \"connection\": \"keep-alive\",\n  \"x-powered-by\": \"Express\",\n  \"access-control-allow-origin\": \"*\",\n  \"etag\": \"W/\\\"27-BNeuaWQ7DHvW/r+pl+qdJiF06Is\\\"\",\n  \"via\": \"1.1 vegur\",\n  \"cf-cache-status\": \"DYNAMIC\",\n  \"expect-ct\": \"max-age=604800, report-uri=\\\"https://report-uri.cloudflare.com/cdn-cgi/beacon/expect-ct\\\"\",\n  \"report-to\": \"{\\\"endpoints\\\":[{\\\"url\\\":\\\"https:\\\\/\\\\/a.nel.cloudflare.com\\\\/report\\\\/v3?s=amgg7R9u90wJxcniVfcs37BGCwVEQlpH4CvBttGP6R7zCT%2BzMd76yF4hFv4byBMeXaLvDfZW%2BnCMnfTT8xfAYvCdTtdUpkXFF9ZDCgrbwWe2xQi5Lw5GL12RB7R0ifjMBTCf\\\"}],\\\"group\\\":\\\"cf-nel\\\",\\\"max_age\\\":604800}\",\n  \"nel\": \"{\\\"success_fraction\\\":0,\\\"report_to\\\":\\\"cf-nel\\\",\\\"max_age\\\":604800}\",\n  \"server\": \"cloudflare\",\n  \"cf-ray\": \"6f3b81da0943178c-EWR\",\n  \"alt-svc\": \"h3=\\\":443\\\"; ma=86400, h3-29=\\\":443\\\"; ma=86400\"\n}\nBody: {\n  \"errors\": {\n    \"title\": [\n      \"must be unique\"\n    ]\n  }\n}\n\n\nhttps://on.cypress.io/request",
                "estack": "CypressError: `cy.request()` failed on:\n\nhttps://conduit.productionready.io/api/articles/\n\nThe response we received from your web server was:\n\n  > 422: Unprocessable Entity\n\nThis was considered a failure because the status code was not `2xx` or `3xx`.\n\nIf you do not want status codes to cause failures pass the option: `failOnStatusCode: false`\n\n-----------------------------------------------------------\n\nThe request we sent was:\n\nMethod: POST\nURL: https://conduit.productionready.io/api/articles/\nHeaders: {\n  \"Connection\": \"keep-alive\",\n  \"Authorization\": \"Token eyJhbGciOiJIUzI1NiIsInR5cCI6IkpXVCJ9.eyJlbWFpbCI6ImN5dGVzdEB0ZXN0LmNvbSIsInVzZXJuYW1lIjoiQ3lUZXN0IiwiaWF0IjoxNjQ4NTg3MzM0LCJleHAiOjE2NTM3NzEzMzR9.-W1TvmgEoPp754PcWy_QS86r-cwajEqMuu0NUp1P_g8\",\n  \"user-agent\": \"Mozilla/5.0 (Windows NT 10.0; Win64; x64) AppleWebKit/537.36 (KHTML, like Gecko) Chrome/99.0.4844.84 Safari/537.36\",\n  \"accept\": \"*/*\",\n  \"accept-encoding\": \"gzip, deflate\",\n  \"content-type\": \"application/json\",\n  \"content-length\": 114,\n  \"referer\": \"https://conduit.productionready.io/api/articles/\"\n}\nBody: {\"article\":{\"tagList\":[],\"title\":\"Request from API\",\"description\":\"API testing is easy\",\"body\":\"Angular is cool\"}}\nRedirects: [\n  \"307: https://api.realworld.io/api/articles/\"\n]\n\n-----------------------------------------------------------\n\nThe response we got was:\n\nStatus: 422 - Unprocessable Entity\nHeaders: {\n  \"date\": \"Tue, 29 Mar 2022 20:55:34 GMT\",\n  \"content-type\": \"application/json; charset=utf-8\",\n  \"content-length\": \"39\",\n  \"connection\": \"keep-alive\",\n  \"x-powered-by\": \"Express\",\n  \"access-control-allow-origin\": \"*\",\n  \"etag\": \"W/\\\"27-BNeuaWQ7DHvW/r+pl+qdJiF06Is\\\"\",\n  \"via\": \"1.1 vegur\",\n  \"cf-cache-status\": \"DYNAMIC\",\n  \"expect-ct\": \"max-age=604800, report-uri=\\\"https://report-uri.cloudflare.com/cdn-cgi/beacon/expect-ct\\\"\",\n  \"report-to\": \"{\\\"endpoints\\\":[{\\\"url\\\":\\\"https:\\\\/\\\\/a.nel.cloudflare.com\\\\/report\\\\/v3?s=amgg7R9u90wJxcniVfcs37BGCwVEQlpH4CvBttGP6R7zCT%2BzMd76yF4hFv4byBMeXaLvDfZW%2BnCMnfTT8xfAYvCdTtdUpkXFF9ZDCgrbwWe2xQi5Lw5GL12RB7R0ifjMBTCf\\\"}],\\\"group\\\":\\\"cf-nel\\\",\\\"max_age\\\":604800}\",\n  \"nel\": \"{\\\"success_fraction\\\":0,\\\"report_to\\\":\\\"cf-nel\\\",\\\"max_age\\\":604800}\",\n  \"server\": \"cloudflare\",\n  \"cf-ray\": \"6f3b81da0943178c-EWR\",\n  \"alt-svc\": \"h3=\\\":443\\\"; ma=86400, h3-29=\\\":443\\\"; ma=86400\"\n}\nBody: {\n  \"errors\": {\n    \"title\": [\n      \"must be unique\"\n    ]\n  }\n}\n\n\nhttps://on.cypress.io/request\n    at http://localhost:4200/__cypress/runner/cypress_runner.js:159018:21\n    at tryCatcher (http://localhost:4200/__cypress/runner/cypress_runner.js:10584:23)\n    at Promise._settlePromiseFromHandler (http://localhost:4200/__cypress/runner/cypress_runner.js:8519:31)\n    at Promise._settlePromise (http://localhost:4200/__cypress/runner/cypress_runner.js:8576:18)\n    at Promise._settlePromise0 (http://localhost:4200/__cypress/runner/cypress_runner.js:8621:10)\n    at Promise._settlePromises (http://localhost:4200/__cypress/runner/cypress_runner.js:8701:18)\n    at _drainQueueStep (http://localhost:4200/__cypress/runner/cypress_runner.js:5291:12)\n    at _drainQueue (http://localhost:4200/__cypress/runner/cypress_runner.js:5284:9)\n    at Async.../../node_modules/bluebird/js/release/async.js.Async._drainQueues (http://localhost:4200/__cypress/runner/cypress_runner.js:5300:5)\n    at Async.drainQueues (http://localhost:4200/__cypress/runner/cypress_runner.js:5170:14)",
                "diff": null
              },
              "uuid": "326c1623-d834-4a63-8278-045bbfe91e47",
              "parentUUID": "0d7d0069-ebd6-4910-aba6-508eb6ea3f8a",
              "isHook": false,
              "skipped": false
            }
          ],
          "suites": [],
          "passes": [
            "af89b647-3289-4fe1-9cf1-669ea5141ff3"
          ],
          "failures": [
            "d84128d1-610a-4cea-9ec2-9bcd69c29ff1",
            "98bc6410-d0be-4ac3-91e9-e45f5b5e483d",
            "b5633016-d2b7-416a-805d-08cd0e1a17ee",
            "326c1623-d834-4a63-8278-045bbfe91e47"
          ],
          "pending": [],
          "skipped": [],
          "duration": 23640,
          "root": false,
          "rootEmpty": false,
          "_timeout": 2000
        }
      ],
      "passes": [],
      "failures": [],
      "pending": [],
      "skipped": [],
      "duration": 0,
      "root": true,
      "rootEmpty": true,
      "_timeout": 2000
    },
    {
      "uuid": "8fdb74ed-da04-49d8-9891-58ee0aacaf44",
      "title": "",
      "fullFile": "cypress\\integration\\secondTest.spec.js",
      "file": "cypress\\integration\\secondTest.spec.js",
      "beforeHooks": [],
      "afterHooks": [],
      "tests": [],
      "suites": [
        {
          "uuid": "4b7eef5e-da31-4f36-bd54-ed0d700eee93",
          "title": "Test log out",
          "fullFile": "",
          "file": "",
          "beforeHooks": [],
          "afterHooks": [],
          "tests": [
            {
              "title": "verify use can log out successfully",
              "fullTitle": "Test log out verify use can log out successfully",
              "timedOut": null,
              "duration": 2099,
              "state": "passed",
              "speed": "slow",
              "pass": true,
              "fail": false,
              "pending": false,
              "context": null,
              "code": "cy.contains('Settings').click();\ncy.contains('Or click here to logout').click();\ncy.get('.navbar-nav').should('contain', 'Sign up');",
              "err": {},
              "uuid": "41300f3f-ff22-4d82-8699-030533ef3e25",
              "parentUUID": "4b7eef5e-da31-4f36-bd54-ed0d700eee93",
              "isHook": false,
              "skipped": false
            }
          ],
          "suites": [],
          "passes": [
            "41300f3f-ff22-4d82-8699-030533ef3e25"
          ],
          "failures": [],
          "pending": [],
          "skipped": [],
          "duration": 2099,
          "root": false,
          "rootEmpty": false,
          "_timeout": 2000
        }
      ],
      "passes": [],
      "failures": [],
      "pending": [],
      "skipped": [],
      "duration": 0,
      "root": true,
      "rootEmpty": true,
      "_timeout": 2000
    },
    {
      "uuid": "7ac1a047-b010-467f-8c2a-bfa1ce62d413",
      "title": "",
      "fullFile": "cypress\\integration\\testingD\\firstTestConduit.spec.js",
      "file": "cypress\\integration\\testingD\\firstTestConduit.spec.js",
      "beforeHooks": [],
      "afterHooks": [],
      "tests": [],
      "suites": [
        {
          "uuid": "6773fdd0-530b-4e53-8ed8-fe11c397f100",
          "title": "Test with backend",
          "fullFile": "",
          "file": "",
          "beforeHooks": [],
          "afterHooks": [],
          "tests": [
            {
              "title": "verify correct request and response",
              "fullTitle": "Test with backend verify correct request and response",
              "timedOut": null,
              "duration": 0,
              "state": "pending",
              "speed": null,
              "pass": false,
              "fail": false,
              "pending": true,
              "context": null,
              "code": "",
              "err": {},
              "uuid": "8345e9ca-3c1b-4bac-b47e-558fcc7becca",
              "parentUUID": "6773fdd0-530b-4e53-8ed8-fe11c397f100",
              "isHook": false,
              "skipped": false
            },
            {
              "title": "should gave tags with routing object ",
              "fullTitle": "Test with backend should gave tags with routing object ",
              "timedOut": null,
              "duration": 1850,
              "state": "passed",
              "speed": "slow",
              "pass": true,
              "fail": false,
              "pending": false,
              "context": null,
              "code": "//looking in json file mocked the co\n//cy.wait(20000)\ncy.get('div .tag-list').should('contain', 'cypress').should('contain', 'automation').should('contain', 'testing');",
              "err": {},
              "uuid": "24efaaed-2f07-40bc-bccc-a45be97c426e",
              "parentUUID": "6773fdd0-530b-4e53-8ed8-fe11c397f100",
              "isHook": false,
              "skipped": false
            },
            {
              "title": "Verify the local feed likes count",
              "fullTitle": "Test with backend Verify the local feed likes count",
              "timedOut": null,
              "duration": 1072,
              "state": "passed",
              "speed": "slow",
              "pass": true,
              "fail": false,
              "pending": false,
              "context": null,
[...]
              "err": {
                "message": "CypressError: The following error originated from your test code, not from Cypress.\n\n  > A response callback passed to `req.reply()` threw an error while intercepting a response:\n\nCannot read property 'description' of undefined\n\nRoute: {\n  \"matchUrlAgainstPath\": true,\n  \"method\": \"POST\",\n  \"url\": \"**/articles\"\n}\n\nIntercepted request: {\n  \"headers\": {\n    \"host\": \"conduit.productionready.io\",\n    \"connection\": \"keep-alive\",\n    \"content-length\": \"130\",\n    \"accept\": \"application/json\",\n    \"authorization\": \"Token eyJhbGciOiJIUzI1NiIsInR5cCI6IkpXVCJ9.eyJlbWFpbCI6ImN5dGVzdEB0ZXN0LmNvbSIsInVzZXJuYW1lIjoiQ3lUZXN0IiwiaWF0IjoxNjQ4NTg1MTU4LCJleHAiOjE2NTM3NjkxNTh9.kZWTRbMMRVbg_h2gvc2IHOLJwKyDskQl37EVyuV1pps\",\n    \"user-agent\": \"Mozilla/5.0 (Windows NT 10.0; Win64; x64) AppleWebKit/537.36 (KHTML, like Gecko) Cypress/6.2.0 Chrome/87.0.4280.67 Electron/11.0.3 Safari/537.36\",\n    \"content-type\": \"application/json\",\n    \"origin\": \"http://localhost:4200\",\n    \"sec-fetch-site\": \"cross-site\",\n    \"sec-fetch-mode\": \"cors\",\n    \"sec-fetch-dest\": \"empty\",\n    \"referer\": \"http://localhost:4200/editor\",\n    \"accept-encoding\": \"gzip, deflate, br\",\n    \"accept-language\": \"en-US\"\n  },\n  \"url\": \"https://conduit.productionready.io/api/articles/\",\n  \"method\": \"POST\",\n  \"httpVersion\": \"1.1\",\n  \"body\": {\n    \"article\": {\n      \"tagList\": [],\n      \"title\": \"This is a title\",\n      \"description\": \"This is a descritption\",\n      \"body\": \"This is a body of the Article\"\n    }\n  },\n  \"responseTimeout\": 30000\n}\n\nIntercepted response: {\n  \"headers\": {\n    \"date\": \"Tue, 29 Mar 2022 20:19:20 GMT\",\n    \"content-length\": \"0\",\n    \"connection\": \"keep-alive\",\n    \"location\": \"https://api.realworld.io/api/articles/\",\n    \"access-control-allow-origin\": \"*\",\n    \"access-control-allow-headers\": \"*\",\n    \"access-control-allow-methods\": \"GET,HEAD,POST,OPTIONS,PUT,PATCH,DELETE\",\n    \"expect-ct\": \"max-age=604800, report-uri=\\\"https://report-uri.cloudflare.com/cdn-cgi/beacon/expect-ct\\\"\",\n    \"report-to\": \"{\\\"endpoints\\\":[{\\\"url\\\":\\\"https:\\\\/\\\\/a.nel.cloudflare.com\\\\/report\\\\/v3?s=%2BO8lKUWy9bhphX4FlJOav9riHYEA5v6XM2EQ8VPGg6xkE4Pk89CbGulHDDFIzPbsaEWCKfHshPl5Tx22SzRTUtNMqLSmPwVWGgmWShUDyLcTSVcdDjSFXxqNiatbDNSYti3pG0JQYcnQHobydw%3D%3D\\\"}],\\\"group\\\":\\\"cf-nel\\\",\\\"max_age\\\":604800}\",\n    \"nel\": \"{\\\"success_fraction\\\":0,\\\"report_to\\\":\\\"cf-nel\\\",\\\"max_age\\\":604800}\",\n    \"vary\": \"Accept-Encoding\",\n    \"server\": \"cloudflare\",\n    \"cf-ray\": \"6f3b4cc4ce1319db-EWR\",\n    \"alt-svc\": \"h3=\\\":443\\\"; ma=86400, h3-29=\\\":443\\\"; ma=86400\"\n  },\n  \"url\": \"https://conduit.productionready.io/api/articles/\",\n  \"method\": null,\n  \"httpVersion\": \"1.1\",\n  \"statusCode\": 307,\n  \"statusMessage\": \"Temporary Redirect\",\n  \"body\": \"\"\n}\n\nWhen Cypress detects uncaught errors originating from your test code it will automatically fail the current test.",
                "estack": "CypressError: The following error originated from your test code, not from Cypress.\n\n  > A response callback passed to `req.reply()` threw an error while intercepting a response:\n\nCannot read property 'description' of undefined\n\nRoute: {\n  \"matchUrlAgainstPath\": true,\n  \"method\": \"POST\",\n  \"url\": \"**/articles\"\n}\n\nIntercepted request: {\n  \"headers\": {\n    \"host\": \"conduit.productionready.io\",\n    \"connection\": \"keep-alive\",\n    \"content-length\": \"130\",\n    \"accept\": \"application/json\",\n    \"authorization\": \"Token eyJhbGciOiJIUzI1NiIsInR5cCI6IkpXVCJ9.eyJlbWFpbCI6ImN5dGVzdEB0ZXN0LmNvbSIsInVzZXJuYW1lIjoiQ3lUZXN0IiwiaWF0IjoxNjQ4NTg1MTU4LCJleHAiOjE2NTM3NjkxNTh9.kZWTRbMMRVbg_h2gvc2IHOLJwKyDskQl37EVyuV1pps\",\n    \"user-agent\": \"Mozilla/5.0 (Windows NT 10.0; Win64; x64) AppleWebKit/537.36 (KHTML, like Gecko) Cypress/6.2.0 Chrome/87.0.4280.67 Electron/11.0.3 Safari/537.36\",\n    \"content-type\": \"application/json\",\n    \"origin\": \"http://localhost:4200\",\n    \"sec-fetch-site\": \"cross-site\",\n    \"sec-fetch-mode\": \"cors\",\n    \"sec-fetch-dest\": \"empty\",\n    \"referer\": \"http://localhost:4200/editor\",\n    \"accept-encoding\": \"gzip, deflate, br\",\n    \"accept-language\": \"en-US\"\n  },\n  \"url\": \"https://conduit.productionready.io/api/articles/\",\n  \"method\": \"POST\",\n  \"httpVersion\": \"1.1\",\n  \"body\": {\n    \"article\": {\n      \"tagList\": [],\n      \"title\": \"This is a title\",\n      \"description\": \"This is a descritption\",\n      \"body\": \"This is a body of the Article\"\n    }\n  },\n  \"responseTimeout\": 30000\n}\n\nIntercepted response: {\n  \"headers\": {\n    \"date\": \"Tue, 29 Mar 2022 20:19:20 GMT\",\n    \"content-length\": \"0\",\n    \"connection\": \"keep-alive\",\n    \"location\": \"https://api.realworld.io/api/articles/\",\n    \"access-control-allow-origin\": \"*\",\n    \"access-control-allow-headers\": \"*\",\n    \"access-control-allow-methods\": \"GET,HEAD,POST,OPTIONS,PUT,PATCH,DELETE\",\n    \"expect-ct\": \"max-age=604800, report-uri=\\\"https://report-uri.cloudflare.com/cdn-cgi/beacon/expect-ct\\\"\",\n    \"report-to\": \"{\\\"endpoints\\\":[{\\\"url\\\":\\\"https:\\\\/\\\\/a.nel.cloudflare.com\\\\/report\\\\/v3?s=%2BO8lKUWy9bhphX4FlJOav9riHYEA5v6XM2EQ8VPGg6xkE4Pk89CbGulHDDFIzPbsaEWCKfHshPl5Tx22SzRTUtNMqLSmPwVWGgmWShUDyLcTSVcdDjSFXxqNiatbDNSYti3pG0JQYcnQHobydw%3D%3D\\\"}],\\\"group\\\":\\\"cf-nel\\\",\\\"max_age\\\":604800}\",\n    \"nel\": \"{\\\"success_fraction\\\":0,\\\"report_to\\\":\\\"cf-nel\\\",\\\"max_age\\\":604800}\",\n    \"vary\": \"Accept-Encoding\",\n    \"server\": \"cloudflare\",\n    \"cf-ray\": \"6f3b4cc4ce1319db-EWR\",\n    \"alt-svc\": \"h3=\\\":443\\\"; ma=86400, h3-29=\\\":443\\\"; ma=86400\"\n  },\n  \"url\": \"https://conduit.productionready.io/api/articles/\",\n  \"method\": null,\n  \"httpVersion\": \"1.1\",\n  \"statusCode\": 307,\n  \"statusMessage\": \"Temporary Redirect\",\n  \"body\": \"\"\n}\n\nWhen Cypress detects uncaught errors originating from your test code it will automatically fail the current test.\n    at http://localhost:4200/__cypress/runner/cypress_runner.js:164873:65\n    at tryCatcher (http://localhost:4200/__cypress/runner/cypress_runner.js:10584:23)\n    at Promise._settlePromiseFromHandler (http://localhost:4200/__cypress/runner/cypress_runner.js:8519:31)\n    at Promise._settlePromise (http://localhost:4200/__cypress/runner/cypress_runner.js:8576:18)\n    at Promise._settlePromiseCtx (http://localhost:4200/__cypress/runner/cypress_runner.js:8613:10)\n    at _drainQueueStep (http://localhost:4200/__cypress/runner/cypress_runner.js:5295:12)\n    at _drainQueue (http://localhost:4200/__cypress/runner/cypress_runner.js:5284:9)\n    at Async.../../node_modules/bluebird/js/release/async.js.Async._drainQueues (http://localhost:4200/__cypress/runner/cypress_runner.js:5300:5)\n    at Async.drainQueues (http://localhost:4200/__cypress/runner/cypress_runner.js:5170:14)\nFrom Your Spec Code:\n    at Context.eval (http://localhost:4200/__cypress/tests?p=cypress\\integration\\firstTest.spec.js:140:8)\n\nFrom response callback:\n  TypeError: Cannot read property 'description' of undefined\n      at Object.eval [as responseHandler] (http://localhost:4200/__cypress/tests?p=cypress\\integration\\firstTest.spec.js:131:33)\nFrom Your Spec Code:\n    at Context.eval (http://localhost:4200/__cypress/tests?p=cypress\\integration\\firstTest.spec.js:140:8)",
                "diff": null
              },
              "uuid": "a55e83ba-6260-4224-90fb-67f1b0d7f27c",
              "parentUUID": "e283b07e-bcf6-4315-aaec-333f37f31502",
              "isHook": false,
              "skipped": false
            },
            {
              "title": "should gave tags with routing object",
              "fullTitle": "Test with backend should gave tags with routing object",
              "timedOut": null,
              "duration": 869,
              "state": "passed",
              "speed": "slow",
              "pass": true,
              "fail": false,
              "pending": false,
              "context": null,
              "code": "cy.get('.tag-list').should('contain', 'cypress').and('contain', 'automation').and('contain', 'testing');",
              "err": {},
              "uuid": "1a5af415-b482-4185-820f-f3730c15fc20",
              "parentUUID": "e283b07e-bcf6-4315-aaec-333f37f31502",
              "isHook": false,
              "skipped": false
            },
            {
              "title": "verify global feed likes count",
              "fullTitle": "Test with backend verify global feed likes count",
              "timedOut": null,
              "duration": 1597,
              "state": "failed",
              "speed": null,
              "pass": false,
              "fail": true,
              "pending": false,
              "context": null,
              "code": "cy.intercept('GET', '**/articles/feed*', {\n  \"articles\": [],\n  \"articlesCount\": 0\n});\ncy.intercept('GET', '**/articles*', {\n  fixture: 'articles.json'\n});\ncy.contains('Global Feed').click();\ncy.get('app-article-list button').then(function (listOfbuttons) {\n  expect(listOfbuttons[0]).to.contain('1');\n  expect(listOfbuttons[1]).to.contain('5');\n});\ncy.fixture('articles').then(function (file) {\n  var articleLink = file.articles[1].slug;\n  cy.intercept('POST', '**/articles/' + articleLink + '/favorite', file);\n});\ncy.get('app-article-list button').eq(1).click().should('contain', '6');",
              "err": {
                "message": "AssertionError: expected '<button.btn.btn-sm.btn-outline-primary>' to contain '1'",
                "estack": "AssertionError: expected '<button.btn.btn-sm.btn-outline-primary>' to contain '1'\n    at Context.eval (http://localhost:4200/__cypress/tests?p=cypress\\integration\\firstTest.spec.js:161:35)",
                "diff": null
              },
              "uuid": "faa81826-e71e-4812-8651-3b8958530b0e",
              "parentUUID": "e283b07e-bcf6-4315-aaec-333f37f31502",
              "isHook": false,
              "skipped": false
            },
            {
              "title": "delete a new article in a global feed",
              "fullTitle": "Test with backend delete a new article in a global feed",
              "timedOut": null,
              "duration": 1384,
              "state": "failed",
              "speed": null,
              "pass": false,
              "fail": true,
              "pending": false,
              "context": null,
              "code": "var bodyRequest = {\n  \"article\": {\n    \"tagList\": [],\n    \"title\": \"Request from API\",\n    \"description\": \"API testing is easy\",\n    \"body\": \"Angular is cool\"\n  }\n};\ncy.get('@token').then(function (token) {\n  cy.request({\n    url: Cypress.env('apiUrl') + 'api/articles/',\n    headers: {\n      'Authorization': 'Token ' + token\n    },\n    method: 'POST',\n    body: bodyRequest\n  }).then(function (response) {\n    expect(response.status).to.equal(200);\n  });\n  cy.contains('Global Feed').click();\n  cy.get('.article-preview').first().click();\n  cy.get('.article-actions').contains('Delete Article').click();\n  cy.request({\n    url: Cypress.env('apiUrl') + 'api/articles?limit=10&offset=0',\n    headers: {\n      'Authorization': 'Token ' + token\n    },\n    method: 'GET'\n  }).its('body').then(function (body) {\n    expect(body.articles[0].title).not.to.equal('Request from API');\n  });\n});",
              "err": {
                "message": "CypressError: `cy.request()` failed on:\n\nhttps://conduit.productionready.io/api/articles/\n\nThe response we received from your web server was:\n\n  > 422: Unprocessable Entity\n\nThis was considered a failure because the status code was not `2xx` or `3xx`.\n\nIf you do not want status codes to cause failures pass the option: `failOnStatusCode: false`\n\n-----------------------------------------------------------\n\nThe request we sent was:\n\nMethod: POST\nURL: https://conduit.productionready.io/api/articles/\nHeaders: {\n  \"Connection\": \"keep-alive\",\n  \"Authorization\": \"Token eyJhbGciOiJIUzI1NiIsInR5cCI6IkpXVCJ9.eyJlbWFpbCI6ImN5dGVzdEB0ZXN0LmNvbSIsInVzZXJuYW1lIjoiQ3lUZXN0IiwiaWF0IjoxNjQ4NTg1MTY4LCJleHAiOjE2NTM3NjkxNjh9.ue1_55UMrR8Ybcl45FhG7LyvY-qNmXvv88b1G_k-zx8\",\n  \"user-agent\": \"Mozilla/5.0 (Windows NT 10.0; Win64; x64) AppleWebKit/537.36 (KHTML, like Gecko) Cypress/6.2.0 Chrome/87.0.4280.67 Electron/11.0.3 Safari/537.36\",\n  \"accept\": \"*/*\",\n  \"accept-encoding\": \"gzip, deflate\",\n  \"content-type\": \"application/json\",\n  \"content-length\": 114,\n  \"referer\": \"https://conduit.productionready.io/api/articles/\"\n}\nBody: {\"article\":{\"tagList\":[],\"title\":\"Request from API\",\"description\":\"API testing is easy\",\"body\":\"Angular is cool\"}}\nRedirects: [\n  \"307: https://api.realworld.io/api/articles/\"\n]\n\n-----------------------------------------------------------\n\nThe response we got was:\n\nStatus: 422 - Unprocessable Entity\nHeaders: {\n  \"date\": \"Tue, 29 Mar 2022 20:19:29 GMT\",\n  \"content-type\": \"application/json; charset=utf-8\",\n  \"content-length\": \"39\",\n  \"connection\": \"keep-alive\",\n  \"x-powered-by\": \"Express\",\n  \"access-control-allow-origin\": \"*\",\n  \"etag\": \"W/\\\"27-BNeuaWQ7DHvW/r+pl+qdJiF06Is\\\"\",\n  \"via\": \"1.1 vegur\",\n  \"cf-cache-status\": \"DYNAMIC\",\n  \"expect-ct\": \"max-age=604800, report-uri=\\\"https://report-uri.cloudflare.com/cdn-cgi/beacon/expect-ct\\\"\",\n  \"report-to\": \"{\\\"endpoints\\\":[{\\\"url\\\":\\\"https:\\\\/\\\\/a.nel.cloudflare.com\\\\/report\\\\/v3?s=t8F3HBGrXDR5rRFxq3RXvsfljg0TMYe%2B4%2FKss5HkGN29Rcan7cVQMMEQX55nMCj1RZKrSh9vyD6uPi9bFZJEb3%2F9uru4KxmAAfBU6g4pKKfItLCPtLiQaQp9UAErZC%2BXOfbR\\\"}],\\\"group\\\":\\\"cf-nel\\\",\\\"max_age\\\":604800}\",\n  \"nel\": \"{\\\"success_fraction\\\":0,\\\"report_to\\\":\\\"cf-nel\\\",\\\"max_age\\\":604800}\",\n  \"server\": \"cloudflare\",\n  \"cf-ray\": \"6f3b4cfbab998c83-EWR\",\n  \"alt-svc\": \"h3=\\\":443\\\"; ma=86400, h3-29=\\\":443\\\"; ma=86400\"\n}\nBody: {\n  \"errors\": {\n    \"title\": [\n      \"must be unique\"\n    ]\n  }\n}\n\n\nhttps://on.cypress.io/request",
                "estack": "CypressError: `cy.request()` failed on:\n\nhttps://conduit.productionready.io/api/articles/\n\nThe response we received from your web server was:\n\n  > 422: Unprocessable Entity\n\nThis was considered a failure because the status code was not `2xx` or `3xx`.\n\nIf you do not want status codes to cause failures pass the option: `failOnStatusCode: false`\n\n-----------------------------------------------------------\n\nThe request we sent was:\n\nMethod: POST\nURL: https://conduit.productionready.io/api/articles/\nHeaders: {\n  \"Connection\": \"keep-alive\",\n  \"Authorization\": \"Token eyJhbGciOiJIUzI1NiIsInR5cCI6IkpXVCJ9.eyJlbWFpbCI6ImN5dGVzdEB0ZXN0LmNvbSIsInVzZXJuYW1lIjoiQ3lUZXN0IiwiaWF0IjoxNjQ4NTg1MTY4LCJleHAiOjE2NTM3NjkxNjh9.ue1_55UMrR8Ybcl45FhG7LyvY-qNmXvv88b1G_k-zx8\",\n  \"user-agent\": \"Mozilla/5.0 (Windows NT 10.0; Win64; x64) AppleWebKit/537.36 (KHTML, like Gecko) Cypress/6.2.0 Chrome/87.0.4280.67 Electron/11.0.3 Safari/537.36\",\n  \"accept\": \"*/*\",\n  \"accept-encoding\": \"gzip, deflate\",\n  \"content-type\": \"application/json\",\n  \"content-length\": 114,\n  \"referer\": \"https://conduit.productionready.io/api/articles/\"\n}\nBody: {\"article\":{\"tagList\":[],\"title\":\"Request from API\",\"description\":\"API testing is easy\",\"body\":\"Angular is cool\"}}\nRedirects: [\n  \"307: https://api.realworld.io/api/articles/\"\n]\n\n-----------------------------------------------------------\n\nThe response we got was:\n\nStatus: 422 - Unprocessable Entity\nHeaders: {\n  \"date\": \"Tue, 29 Mar 2022 20:19:29 GMT\",\n  \"content-type\": \"application/json; charset=utf-8\",\n  \"content-length\": \"39\",\n  \"connection\": \"keep-alive\",\n  \"x-powered-by\": \"Express\",\n  \"access-control-allow-origin\": \"*\",\n  \"etag\": \"W/\\\"27-BNeuaWQ7DHvW/r+pl+qdJiF06Is\\\"\",\n  \"via\": \"1.1 vegur\",\n  \"cf-cache-status\": \"DYNAMIC\",\n  \"expect-ct\": \"max-age=604800, report-uri=\\\"https://report-uri.cloudflare.com/cdn-cgi/beacon/expect-ct\\\"\",\n  \"report-to\": \"{\\\"endpoints\\\":[{\\\"url\\\":\\\"https:\\\\/\\\\/a.nel.cloudflare.com\\\\/report\\\\/v3?s=t8F3HBGrXDR5rRFxq3RXvsfljg0TMYe%2B4%2FKss5HkGN29Rcan7cVQMMEQX55nMCj1RZKrSh9vyD6uPi9bFZJEb3%2F9uru4KxmAAfBU6g4pKKfItLCPtLiQaQp9UAErZC%2BXOfbR\\\"}],\\\"group\\\":\\\"cf-nel\\\",\\\"max_age\\\":604800}\",\n  \"nel\": \"{\\\"success_fraction\\\":0,\\\"report_to\\\":\\\"cf-nel\\\",\\\"max_age\\\":604800}\",\n  \"server\": \"cloudflare\",\n  \"cf-ray\": \"6f3b4cfbab998c83-EWR\",\n  \"alt-svc\": \"h3=\\\":443\\\"; ma=86400, h3-29=\\\":443\\\"; ma=86400\"\n}\nBody: {\n  \"errors\": {\n    \"title\": [\n      \"must be unique\"\n    ]\n  }\n}\n\n\nhttps://on.cypress.io/request\n    at http://localhost:4200/__cypress/runner/cypress_runner.js:159018:21\n    at tryCatcher (http://localhost:4200/__cypress/runner/cypress_runner.js:10584:23)\n    at Promise._settlePromiseFromHandler (http://localhost:4200/__cypress/runner/cypress_runner.js:8519:31)\n    at Promise._settlePromise (http://localhost:4200/__cypress/runner/cypress_runner.js:8576:18)\n    at Promise._settlePromise0 (http://localhost:4200/__cypress/runner/cypress_runner.js:8621:10)\n    at Promise._settlePromises (http://localhost:4200/__cypress/runner/cypress_runner.js:8701:18)\n    at _drainQueueStep (http://localhost:4200/__cypress/runner/cypress_runner.js:5291:12)\n    at _drainQueue (http://localhost:4200/__cypress/runner/cypress_runner.js:5284:9)\n    at Async.../../node_modules/bluebird/js/release/async.js.Async._drainQueues (http://localhost:4200/__cypress/runner/cypress_runner.js:5300:5)\n    at Async.drainQueues (http://localhost:4200/__cypress/runner/cypress_runner.js:5170:14)\nFrom Your Spec Code:\n    at Context.eval (http://localhost:4200/__cypress/tests?p=cypress\\integration\\firstTest.spec.js:180:10)",
                "diff": null
              },
              "uuid": "fe22f700-f96c-423c-8b6a-3f279214f0a1",
              "parentUUID": "e283b07e-bcf6-4315-aaec-333f37f31502",
              "isHook": false,
              "skipped": false
            }
          ],
          "suites": [],
          "passes": [
            "1a5af415-b482-4185-820f-f3730c15fc20"
          ],
          "failures": [
            "339234df-6814-4d60-bfbe-1ec435b0a625",
            "a55e83ba-6260-4224-90fb-67f1b0d7f27c",
            "faa81826-e71e-4812-8651-3b8958530b0e",
            "fe22f700-f96c-423c-8b6a-3f279214f0a1"
          ],
          "pending": [],
          "skipped": [],
          "duration": 10168,
          "root": false,
          "rootEmpty": false,
          "_timeout": 2000
        }
      ],
      "passes": [],
      "failures": [],
      "pending": [],
      "skipped": [],
      "duration": 0,
      "root": true,
      "rootEmpty": true,
      "_timeout": 2000
    }
  ],
  "meta": {
    "mocha": {
      "version": "7.0.1"
    },
    "mochawesome": {
      "options": {
        "quiet": false,
        "reportFilename": "mochawesome",
        "saveHtml": false,
        "saveJson": true,
        "consoleReporter": "spec",
        "useInlineDiffs": false
      },
      "version": "4.1.0"
    },
    "marge": {
      "options": {
        "id": "default",
        "reportDir": "cypress/results/mochawesome",
        "overwrite": false,
        "html": false,
        "json": true
      },
      "version": "4.1.0"
    }
  }
}