{
  "stats": {
    "suites": 1,
    "tests": 1,
    "passes": 0,
    "pending": 0,
    "failures": 1,
    "start": "2022-03-31T20:31:05.087Z",
    "end": "2022-03-31T20:31:28.878Z",
    "duration": 23791,
    "testsRegistered": 1,
    "passPercent": 0,
    "pendingPercent": 0,
    "other": 0,
    "hasOther": false,
    "skipped": 0,
    "hasSkipped": false
  },
  "results": [
    {
      "uuid": "f43cfc10-906a-4a01-a1d6-cca6502f13cd",
      "title": "",
      "fullFile": "cypress/integration/secondTest.spec.js",
      "file": "cypress/integration/secondTest.spec.js",
      "beforeHooks": [],
      "afterHooks": [],
      "tests": [],
      "suites": [
        {
          "uuid": "517d5307-b6e6-480b-860c-832686bf8965",
          "title": "Test log out",
          "fullFile": "",
          "file": "",
          "beforeHooks": [],
          "afterHooks": [],
          "tests": [
            {
              "title": "verify use can log out successfully",
              "fullTitle": "Test log out verify use can log out successfully",
              "timedOut": null,
              "duration": 7486,
              "state": "failed",
              "speed": null,
              "pass": false,
              "fail": true,
              "pending": false,
              "context": null,
              "code": "cy.contains('Settings').click();\ncy.contains('Or click here to logout').click();\ncy.get('.navbar-nav').should('contain', 'Sign up2');",
              "err": {
                "message": "AssertionError: Timed out retrying after 4000ms: expected '<ul.nav.navbar-nav.pull-xs-right>' to contain 'Sign up2'",
                "estack": "AssertionError: Timed out retrying after 4000ms: expected '<ul.nav.navbar-nav.pull-xs-right>' to contain 'Sign up2'\n    at Context.eval (http://localhost:4200/__cypress/tests?p=cypress\\integration\\secondTest.spec.js:107:27)",
                "diff": null
              },
              "uuid": "635515da-b83b-4f9d-9dca-cde5b2ac93e8",
              "parentUUID": "517d5307-b6e6-480b-860c-832686bf8965",
              "isHook": false,
              "skipped": false
            }
          ],
          "suites": [],
          "passes": [],
          "failures": [
            "635515da-b83b-4f9d-9dca-cde5b2ac93e8"
          ],
          "pending": [],
          "skipped": [],
          "duration": 7486,
          "root": false,
          "rootEmpty": false,
          "_timeout": 2000
        }
      ],
      "passes": [],
      "failures": [],
      "pending": [],
      "skipped": [],
      "duration": 0,
      "root": true,
      "rootEmpty": true,
      "_timeout": 2000
    }
  ],
  "meta": {
    "mocha": {
      "version": "7.0.1"
    },
    "mochawesome": {
      "options": {
        "quiet": false,
        "reportFilename": "mochawesome",
        "saveHtml": false,
        "saveJson": true,
        "consoleReporter": "spec",
        "useInlineDiffs": false
      },
      "version": "4.1.0"
    },
    "marge": {
      "options": {
        "id": "default",
        "reportDir": "cypress/results/mochawesome",
        "overwrite": false,
        "html": false,
        "json": true
      },
      "version": "4.1.0"
    }
  }
}