{
  "stats": {
    "suites": 1,
    "tests": 4,
    "passes": 3,
    "pending": 1,
    "failures": 0,
    "start": "2022-03-31T19:17:30.909Z",
    "end": "2022-03-31T19:17:55.546Z",
    "duration": 24637,
    "testsRegistered": 5,
    "passPercent": 75,
    "pendingPercent": 20,
    "other": 1,
    "hasOther": true,
    "skipped": 1,
    "hasSkipped": true
  },
  "results": [
    {
      "uuid": "621d573a-21c0-4912-8109-2da08f9ba6b5",
      "title": "",
      "fullFile": "cypress/integration/testingD/refactorServerRoute.spec.js",
      "file": "cypress/integration/testingD/refactorServerRoute.spec.js",
      "beforeHooks": [],
      "afterHooks": [],
      "tests": [],
      "suites": [
        {
          "uuid": "031c4d22-3115-4621-94ee-9e80b7251362",
          "title": "Test with backend / refactoring use intercept",
          "fullFile": "",
          "file": "",
          "beforeHooks": [],
          "afterHooks": [],
          "tests": [
            {
              "title": "verify correct request and response",
              "fullTitle": "Test with backend / refactoring use intercept verify correct request and response",
              "timedOut": null,
              "duration": 6439,
              "state": "failed",
              "speed": null,
              "pass": false,
              "fail": true,
              "pending": false,
              "context": null,
              "code": "//cy.server() //crear el servidorde cypress\ncy.intercept('POST', '**/api.realworld.io/api/articles').as('postArticles');\ncy.contains('New Article').click();\ncy.get('[formcontrolname=\"title\"]').type('GitHub ');\ncy.get('[formcontrolname=\"description\"]').type('code hosting platform');\ncy.get('[formcontrolname=\"body\"]').type('version control and collaboration, lets you and others work together on projects from anywhere.');\ncy.contains('Publish Article').click();\ncy.wait('@postArticles');\ncy.get('@postArticles').then(xhr => {\n  console.log(xhr);\n  expect(xhr.response.statusCode).to.equal(200);\n  expect(xhr.request.body.article.body).to.equal('version control and collaboration, lets you and others work together on projects from anywhere.');\n  expect(xhr.response.body.article.description).to.equal('code hosting platform');\n});",
              "err": {
                "message": "AssertionError: expected 422 to equal 200",
                "estack": "AssertionError: expected 422 to equal 200\n    at Context.eval (http://localhost:4200/__cypress/tests?p=cypress\\integration\\testingD\\refactorServerRoute.spec.js:124:42)",
                "diff": "- 422\n+ 200\n"
              },
              "uuid": "9b81496d-1895-4579-9322-234231e4d7eb",
              "parentUUID": "031c4d22-3115-4621-94ee-9e80b7251362",
              "isHook": false,
              "skipped": false
            },
            {
              "title": "Intercepting and modifying the request and response",
              "fullTitle": "Test with backend / refactoring use intercept Intercepting and modifying the request and response",
              "timedOut": null,
              "duration": 0,
              "state": "pending",
              "speed": null,
              "pass": false,
              "fail": false,
              "pending": true,
              "context": null,
              "code": "",
              "err": {},
              "uuid": "2474866c-22d0-4608-b6a6-da5386ff062b",
              "parentUUID": "031c4d22-3115-4621-94ee-9e80b7251362",
              "isHook": false,
              "skipped": false
            },
            {
              "title": "should gave tags with routing object ",
              "fullTitle": "Test with backend / refactoring use intercept should gave tags with routing object ",
              "timedOut": null,
              "duration": 1202,
              "state": "passed",
              "speed": "fast",
              "pass": true,
              "fail": false,
              "pending": false,
              "context": null,
              "code": "//looking in json file mocked the co\n//cy.wait(20000)\ncy.get('div .tag-list').should('contain', 'cypress').should('contain', 'automation').should('contain', 'testing');",
              "err": {},
              "uuid": "27dbc3ef-a401-429a-a607-835870d0044f",
              "parentUUID": "031c4d22-3115-4621-94ee-9e80b7251362",
              "isHook": false,
              "skipped": false
            },
            {
              "title": "Verify the local feed likes count",
              "fullTitle": "Test with backend / refactoring use intercept Verify the local feed likes count",
              "timedOut": null,
              "duration": 1982,
              "state": "passed",
              "speed": "fast",
              "pass": true,
              "fail": false,
              "pending": false,
              "context": null,
              "code": "cy.intercept('GET', '**/articles/feed*', {\n  \"articles\": [],\n  \"articlesCount\": 0\n});\ncy.intercept('GET', '**/articles*', {\n  fixture: 'articles.json'\n});\ncy.contains('Global Feed').click();\ncy.get('app-article-list button').then(listOfButton => {\n  expect(listOfButton).to.contain('2');\n  expect(listOfButton[1]).to.contain('5');\n}); //create the route by call a fixture methode and read the fisture file articles.json\ncy.fixture('articles').then(file => {\n  const articlelink = file.articles[1].slug;\n  cy.intercept('POST', '**/articles/' + articlelink + '/favorite', file); //file is the respond of the link that we created\n}); //assertion \ncy.get('app-article-list button').eq(1).click().should('contain', '6'); //because is mocked test, we do not depend on the backend server",
              "err": {},
              "uuid": "7ad02691-3738-4d03-bc25-5d123da1b810",
              "parentUUID": "031c4d22-3115-4621-94ee-9e80b7251362",
              "isHook": false,
              "skipped": false
            },
            {
              "title": "Delete new article  in global feed",
              "fullTitle": "Test with backend / refactoring use intercept Delete new article  in global feed",
              "timedOut": null,
              "duration": 2998,
              "state": "passed",
              "speed": "fast",
              "pass": true,
              "fail": false,
              "pending": false,
              "context": null,
              "code": "//create a const for login and relocated at commands.js loginApplication()\n// const userCredentials =  { \"user\": {\n//   \"email\": \"cytest@test.com\",\n//   \"password\": \"Welcome123\"\n//  }\n// }\nconst bodyRequest = {\n  \"article\": {\n    \"tagList\": [],\n    \"title\": \"Request from API (Postman)\",\n    \"description\": \"Api testing is easy\",\n    \"body\": \"angular is cool\"\n  }\n}; //this are in comments because we relocated at command.js or loginApplication() so \n//we use instaed cy.get\n// cy.request('POST', 'https://api.realworld.io/api/users/login', userCredentials)\n// .its('body').then( body => {\ncy.get('@token').then(token => {\n  //2. second request from articles\n  cy.request({\n    url: 'https://api.realworld.io/api/articles',\n    headers: {\n      'Authorization': 'Token ' + token\n    },\n    //la variable guardada como se muestra en postman\n    method: 'POST',\n    body: bodyRequest //const created to save the body request\n  }).then(response => {\n    expect(response.status).to.equal(200);\n  }); //we need go into global feed\n  cy.contains('Global Feed').click();\n  cy.get('.article-preview').first().click();\n  cy.get('.article-actions').contains('Delete Article').click(); //need request our article is successfully deleted.request the list by using API\n  //verifying the first artile of the list DO NOT have text \"Request from API (Postman)\" como arriba que creamos nosotros\n  cy.request({\n    url: 'https://api.realworld.io/api/articles?limit=10&offset=0',\n    headers: {\n      'Authorization': 'Token ' + token\n    },\n    //la variable guardada como se muestra en postman\n    method: 'GET'\n  }).its('body').then(body => {\n    //console.log(body) //aqui probammos que en consola se imprima la lista articulos\n    expect(body.articles[0].title).not.equal('Request from API (Postman)');\n  });\n});",
              "err": {},
              "uuid": "ded68e94-ce3b-48d0-baea-06e34fe13618",
              "parentUUID": "031c4d22-3115-4621-94ee-9e80b7251362",
              "isHook": false,
              "skipped": false
            }
          ],
          "suites": [],
          "passes": [
            "27dbc3ef-a401-429a-a607-835870d0044f",
            "7ad02691-3738-4d03-bc25-5d123da1b810",
            "ded68e94-ce3b-48d0-baea-06e34fe13618"
          ],
          "failures": [
            "9b81496d-1895-4579-9322-234231e4d7eb"
          ],
          "pending": [
            "2474866c-22d0-4608-b6a6-da5386ff062b"
          ],
          "skipped": [],
          "duration": 12621,
          "root": false,
          "rootEmpty": false,
          "_timeout": 2000
        }
      ],
      "passes": [],
      "failures": [],
      "pending": [],
      "skipped": [],
      "duration": 0,
      "root": true,
      "rootEmpty": true,
      "_timeout": 2000
    }
  ],
  "meta": {
    "mocha": {
      "version": "7.0.1"
    },
    "mochawesome": {
      "options": {
        "quiet": false,
        "reportFilename": "mochawesome",
        "saveHtml": false,
        "saveJson": true,
        "consoleReporter": "spec",
        "useInlineDiffs": false
      },
      "version": "4.1.0"
    },
    "marge": {
      "options": {
        "id": "default",
        "reportDir": "cypress/results/mochawesome",
        "overwrite": false,
        "html": false,
        "json": true
      },
      "version": "4.1.0"
    }
  }
}