{
  "stats": {
    "suites": 1,
    "tests": 2,
    "passes": 2,
    "pending": 1,
    "failures": -1,
    "start": "2022-03-31T19:30:07.604Z",
    "end": "2022-03-31T19:30:12.539Z",
    "duration": 4935,
    "testsRegistered": 3,
    "passPercent": 100,
    "pendingPercent": 33.33333333333333,
    "other": 1,
    "hasOther": true,
    "skipped": 1,
    "hasSkipped": true
  },
  "results": [
    {
      "uuid": "b79f3e53-3f1b-464b-8cb1-653fbdb5a8dc",
      "title": "",
      "fullFile": "cypress/integration/testingD/firstTestConduit.spec.js",
      "file": "cypress/integration/testingD/firstTestConduit.spec.js",
      "beforeHooks": [],
      "afterHooks": [],
      "tests": [],
      "suites": [
        {
          "uuid": "d1681499-4a88-4e9f-bfb0-026f24b7566e",
          "title": "Test with backend",
          "fullFile": "",
          "file": "",
          "beforeHooks": [],
          "afterHooks": [],
          "tests": [
            {
              "title": "verify correct request and response",
              "fullTitle": "Test with backend verify correct request and response",
              "timedOut": null,
              "duration": 0,
              "state": "pending",
              "speed": null,
              "pass": false,
              "fail": false,
              "pending": true,
              "context": null,
              "code": "",
              "err": {},
              "uuid": "fefa5b23-7582-4fb3-a824-c220ae7548e4",
              "parentUUID": "d1681499-4a88-4e9f-bfb0-026f24b7566e",
              "isHook": false,
              "skipped": false
            },
            {
              "title": "should gave tags with routing object ",
              "fullTitle": "Test with backend should gave tags with routing object ",
              "timedOut": null,
              "duration": 2376,
              "state": "passed",
              "speed": "fast",
              "pass": true,
              "fail": false,
              "pending": false,
              "context": null,
              "code": "//looking in json file mocked the co\n//cy.wait(20000)\ncy.get('div .tag-list').should('contain', 'cypress').should('contain', 'automation').should('contain', 'testing');",
              "err": {},
              "uuid": "ad2da238-5854-4b09-95a3-09621fa5a090",
              "parentUUID": "d1681499-4a88-4e9f-bfb0-026f24b7566e",
              "isHook": false,
              "skipped": false
            },
            {
              "title": "Verify the local feed likes count",
              "fullTitle": "Test with backend Verify the local feed likes count",
              "timedOut": null,
              "duration": 2396,
              "state": "passed",
              "speed": "fast",
              "pass": true,
              "fail": false,
              "pending": false,
              "context": null,
              "code": "cy.intercept('GET', '**/articles/feed*', {\n  \"articles\": [],\n  \"articlesCount\": 0\n});\ncy.intercept('GET', '**/articles*', {\n  fixture: 'articles.json'\n});\ncy.contains('Global Feed').click();\ncy.get('app-article-list button').then(listOfButton => {\n  expect(listOfButton).to.contain('2');\n  expect(listOfButton[1]).to.contain('5');\n}); //create the route by call a fixture methode and read the fisture file articles.json\ncy.fixture('articles').then(file => {\n  const articlelink = file.articles[1].slug;\n  cy.intercept('POST', '**/articles/' + articlelink + '/favorite', file); //file is the respond of the link that we created\n}); //assertion \ncy.get('app-article-list button').eq(1).click().should('contain', '6'); //because is mocked test, we do not depend on the backend server",
              "err": {},
              "uuid": "373e76d1-ef4d-477e-b198-32770cc07df1",
              "parentUUID": "d1681499-4a88-4e9f-bfb0-026f24b7566e",
              "isHook": false,
              "skipped": false
            }
          ],
          "suites": [],
          "passes": [
            "ad2da238-5854-4b09-95a3-09621fa5a090",
            "373e76d1-ef4d-477e-b198-32770cc07df1"
          ],
          "failures": [],
          "pending": [
            "fefa5b23-7582-4fb3-a824-c220ae7548e4"
          ],
          "skipped": [],
          "duration": 4772,
          "root": false,
          "rootEmpty": false,
          "_timeout": 2000
        }
      ],
      "passes": [],
      "failures": [],
      "pending": [],
      "skipped": [],
      "duration": 0,
      "root": true,
      "rootEmpty": true,
      "_timeout": 2000
    }
  ],
  "meta": {
    "mocha": {
      "version": "7.0.1"
    },
    "mochawesome": {
      "options": {
        "quiet": false,
        "reportFilename": "mochawesome",
        "saveHtml": false,
        "saveJson": true,
        "consoleReporter": "spec",
        "useInlineDiffs": false
      },
      "version": "4.1.0"
    },
    "marge": {
      "options": {
        "id": "default",
        "reportDir": "cypress/results/mochawesome",
        "overwrite": false,
        "html": false,
        "json": true
      },
      "version": "4.1.0"
    }
  }
}