<?xml version="1.0" encoding="UTF-8"?>
<testsuites name="Mocha Tests" time="3.2110" tests="1" failures="0">
  <testsuite name="Root Suite" timestamp="2022-04-25T19:04:27" tests="0" file="cypress/integration/secondTest.spec.js" time="0.0000" failures="0">
  </testsuite>
  <testsuite name="Test log out" timestamp="2022-04-25T19:04:27" tests="1" time="3.2110" failures="0">
    <testcase name="Test log out verify use can log out successfully" time="3.2110" classname="verify use can log out successfully">
    </testcase>
  </testsuite>
</testsuites>