<?xml version="1.0"?>
<testsuites>
<testsuite name="Root Suite" timestamp="2022-03-29T20:55:41" tests="0" file="cypress\integration\testingD\firstTestConduit.spec.js" time="0.0000" failures="0"/>
<testsuite name="Test with backend" timestamp="2022-03-29T20:55:41" tests="3" time="2.9220" failures="0">
  
  <testcase name="Test with backend should gave tags with routing object " time="1.8500" classname="should gave tags with routing object "/>
  
  <testcase name="Test with backend Verify the local feed likes count" time="1.0720" classname="Verify the local feed likes count"/>
  
</testsuite>
<testsuite name="Root Suite" timestamp="2022-03-30T16:41:03" tests="0" file="cypress\integration\firstTest.spec.js" time="0.0000" failures="0"/>
<testsuite name="Test with backend" timestamp="2022-03-30T16:41:03" tests="5" time="10.4250" failures="4">
  
  <testcase name="Test with backend verify correct request and response" time="3.2060" classname="verify correct request and response">
    
    <failure message="expected 307 to equal 200" type="AssertionError"><![CDATA[AssertionError: expected 307 to equal 200
    at Context.eval (http://localhost:4200/__cypress/tests?p=cypress\integration\firstTest.spec.js:120:42)]]></failure>
    
  </testcase>
  
  <testcase name="Test with backend intercepting and modifying the request and response" time="3.0770" classname="intercepting and modifying the request and response">
    
    <failure message="The following error originated from your test code, not from Cypress.

  &gt; A response callback passed to `req.reply()` threw an error while intercepting a response:

Cannot read property &apos;description&apos; of undefined

Route: {
  &quot;matchUrlAgainstPath&quot;: true,
  &quot;method&quot;: &quot;POST&quot;,
  &quot;url&quot;: &quot;**/articles&quot;
}

Intercepted request: {
  &quot;headers&quot;: {
    &quot;host&quot;: &quot;conduit.productionready.io&quot;,
    &quot;connection&quot;: &quot;keep-alive&quot;,
    &quot;content-length&quot;: &quot;130&quot;,
    &quot;accept&quot;: &quot;application/json&quot;,
    &quot;authorization&quot;: &quot;Token eyJhbGciOiJIUzI1NiIsInR5cCI6IkpXVCJ9.eyJlbWFpbCI6ImN5dGVzdEB0ZXN0LmNvbSIsInVzZXJuYW1lIjoiQ3lUZXN0IiwiaWF0IjoxNjQ4NjU4NDgwLCJleHAiOjE2NTM4NDI0ODB9.aJvq-Pa1LXScEI3SA-SlwS8vSphqhUcRmbkSTVgYCGk&quot;,
    &quot;user-agent&quot;: &quot;Mozilla/5.0 (Windows NT 10.0; Win64; x64) AppleWebKit/537.36 (KHTML, like Gecko) Cypress/6.2.0 Chrome/87.0.4280.67 Electron/11.0.3 Safari/537.36&quot;,
    &quot;content-type&quot;: &quot;application/json&quot;,
    &quot;origin&quot;: &quot;http://localhost:4200&quot;,
    &quot;sec-fetch-site&quot;: &quot;cross-site&quot;,
    &quot;sec-fetch-mode&quot;: &quot;cors&quot;,
    &quot;sec-fetch-dest&quot;: &quot;empty&quot;,
    &quot;referer&quot;: &quot;http://localhost:4200/editor&quot;,
    &quot;accept-encoding&quot;: &quot;gzip, deflate, br&quot;,
    &quot;accept-language&quot;: &quot;en-US&quot;
  },
  &quot;url&quot;: &quot;https://conduit.productionready.io/api/articles/&quot;,
  &quot;method&quot;: &quot;POST&quot;,
  &quot;httpVersion&quot;: &quot;1.1&quot;,
  &quot;body&quot;: {
    &quot;article&quot;: {
      &quot;tagList&quot;: [],
      &quot;title&quot;: &quot;This is a title&quot;,
      &quot;description&quot;: &quot;This is a descritption&quot;,
      &quot;body&quot;: &quot;This is a body of the Article&quot;
    }
  },
  &quot;responseTimeout&quot;: 30000
}

Intercepted response: {
  &quot;headers&quot;: {
    &quot;date&quot;: &quot;Wed, 30 Mar 2022 16:41:22 GMT&quot;,
    &quot;content-length&quot;: &quot;0&quot;,
    &quot;connection&quot;: &quot;keep-alive&quot;,
    &quot;location&quot;: &quot;https://api.realworld.io/api/articles/&quot;,
    &quot;access-control-allow-origin&quot;: &quot;*&quot;,
    &quot;access-control-allow-headers&quot;: &quot;*&quot;,
    &quot;access-control-allow-methods&quot;: &quot;GET,HEAD,POST,OPTIONS,PUT,PATCH,DELETE&quot;,
    &quot;expect-ct&quot;: &quot;max-age=604800, report-uri=\&quot;https://report-uri.cloudflare.com/cdn-cgi/beacon/expect-ct\&quot;&quot;,
    &quot;report-to&quot;: &quot;{\&quot;endpoints\&quot;:[{\&quot;url\&quot;:\&quot;https:\\/\\/a.nel.cloudflare.com\\/report\\/v3?s=WTqWBDFjdgW2YpWVPoKBtpAXoIi%2FGaBZkQOqCaBmN3sZKKevrht3ljVWoHzexK1ojCJ35egQw5jUAhkQQuifyrn84MFN%2F9IevGRE7cEC0OCG3lXc9vCTiggN11LgcJJbHG3sfTt%2Bh6I%2BTCQC1w%3D%3D\&quot;}],\&quot;group\&quot;:\&quot;cf-nel\&quot;,\&quot;max_age\&quot;:604800}&quot;,
    &quot;nel&quot;: &quot;{\&quot;success_fraction\&quot;:0,\&quot;report_to\&quot;:\&quot;cf-nel\&quot;,\&quot;max_age\&quot;:604800}&quot;,
    &quot;vary&quot;: &quot;Accept-Encoding&quot;,
    &quot;server&quot;: &quot;cloudflare&quot;,
    &quot;cf-ray&quot;: &quot;6f424adba89f1821-EWR&quot;,
    &quot;alt-svc&quot;: &quot;h3=\&quot;:443\&quot;; ma=86400, h3-29=\&quot;:443\&quot;; ma=86400&quot;
  },
  &quot;url&quot;: &quot;https://conduit.productionready.io/api/articles/&quot;,
  &quot;method&quot;: null,
  &quot;httpVersion&quot;: &quot;1.1&quot;,
  &quot;statusCode&quot;: 307,
  &quot;statusMessage&quot;: &quot;Temporary Redirect&quot;,
  &quot;body&quot;: &quot;&quot;
}

When Cypress detects uncaught errors originating from your test code it will automatically fail the current test." type="CypressError"><![CDATA[CypressError: The following error originated from your test code, not from Cypress.

  > A response callback passed to `req.reply()` threw an error while intercepting a response:

Cannot read property 'description' of undefined

Route: {
  "matchUrlAgainstPath": true,
  "method": "POST",
  "url": "**/articles"
}

Intercepted request: {
  "headers": {
    "host": "conduit.productionready.io",
    "connection": "keep-alive",
    "content-length": "130",
    "accept": "application/json",
    "authorization": "Token eyJhbGciOiJIUzI1NiIsInR5cCI6IkpXVCJ9.eyJlbWFpbCI6ImN5dGVzdEB0ZXN0LmNvbSIsInVzZXJuYW1lIjoiQ3lUZXN0IiwiaWF0IjoxNjQ4NjU4NDgwLCJleHAiOjE2NTM4NDI0ODB9.aJvq-Pa1LXScEI3SA-SlwS8vSphqhUcRmbkSTVgYCGk",
    "user-agent": "Mozilla/5.0 (Windows NT 10.0; Win64; x64) AppleWebKit/537.36 (KHTML, like Gecko) Cypress/6.2.0 Chrome/87.0.4280.67 Electron/11.0.3 Safari/537.36",
    "content-type": "application/json",
    "origin": "http://localhost:4200",
    "sec-fetch-site": "cross-site",
    "sec-fetch-mode": "cors",
    "sec-fetch-dest": "empty",
    "referer": "http://localhost:4200/editor",
    "accept-encoding": "gzip, deflate, br",
    "accept-language": "en-US"
  },
  "url": "https://conduit.productionready.io/api/articles/",
  "method": "POST",
  "httpVersion": "1.1",
  "body": {
    "article": {
      "tagList": [],
      "title": "This is a title",
      "description": "This is a descritption",
      "body": "This is a body of the Article"
    }
  },
  "responseTimeout": 30000
}

Intercepted response: {
  "headers": {
    "date": "Wed, 30 Mar 2022 16:41:22 GMT",
    "content-length": "0",
    "connection": "keep-alive",
    "location": "https://api.realworld.io/api/articles/",
    "access-control-allow-origin": "*",
    "access-control-allow-headers": "*",
    "access-control-allow-methods": "GET,HEAD,POST,OPTIONS,PUT,PATCH,DELETE",
    "expect-ct": "max-age=604800, report-uri=\"https://report-uri.cloudflare.com/cdn-cgi/beacon/expect-ct\"",
    "report-to": "{\"endpoints\":[{\"url\":\"https:\\/\\/a.nel.cloudflare.com\\/report\\/v3?s=WTqWBDFjdgW2YpWVPoKBtpAXoIi%2FGaBZkQOqCaBmN3sZKKevrht3ljVWoHzexK1ojCJ35egQw5jUAhkQQuifyrn84MFN%2F9IevGRE7cEC0OCG3lXc9vCTiggN11LgcJJbHG3sfTt%2Bh6I%2BTCQC1w%3D%3D\"}],\"group\":\"cf-nel\",\"max_age\":604800}",
    "nel": "{\"success_fraction\":0,\"report_to\":\"cf-nel\",\"max_age\":604800}",
    "vary": "Accept-Encoding",
    "server": "cloudflare",
    "cf-ray": "6f424adba89f1821-EWR",
    "alt-svc": "h3=\":443\"; ma=86400, h3-29=\":443\"; ma=86400"
  },
  "url": "https://conduit.productionready.io/api/articles/",
  "method": null,
  "httpVersion": "1.1",
  "statusCode": 307,
  "statusMessage": "Temporary Redirect",
  "body": ""
}

When Cypress detects uncaught errors originating from your test code it will automatically fail the current test.
    at http://localhost:4200/__cypress/runner/cypress_runner.js:164873:65
    at tryCatcher (http://localhost:4200/__cypress/runner/cypress_runner.js:10584:23)
    at Promise._settlePromiseFromHandler (http://localhost:4200/__cypress/runner/cypress_runner.js:8519:31)
    at Promise._settlePromise (http://localhost:4200/__cypress/runner/cypress_runner.js:8576:18)
    at Promise._settlePromiseCtx (http://localhost:4200/__cypress/runner/cypress_runner.js:8613:10)
    at _drainQueueStep (http://localhost:4200/__cypress/runner/cypress_runner.js:5295:12)
    at _drainQueue (http://localhost:4200/__cypress/runner/cypress_runner.js:5284:9)
    at Async.../../node_modules/bluebird/js/release/async.js.Async._drainQueues (http://localhost:4200/__cypress/runner/cypress_runner.js:5300:5)
    at Async.drainQueues (http://localhost:4200/__cypress/runner/cypress_runner.js:5170:14)
From Your Spec Code:
    at Context.eval (http://localhost:4200/__cypress/tests?p=cypress\integration\firstTest.spec.js:140:8)

From response callback:
  TypeError: Cannot read property 'description' of undefined
      at Object.eval [as responseHandler] (http://localhost:4200/__cypress/tests?p=cypress\integration\firstTest.spec.js:131:33)
From Your Spec Code:
    at Context.eval (http://localhost:4200/__cypress/tests?p=cypress\integration\firstTest.spec.js:140:8)]]></failure>
    
  </testcase>
  
  <testcase name="Test with backend should gave tags with routing object" time="1.2340" classname="should gave tags with routing object"/>
  
  <testcase name="Test with backend verify global feed likes count" time="1.4730" classname="verify global feed likes count">
    
    <failure message="expected &apos;&lt;button.btn.btn-sm.btn-outline-primary&gt;&apos; to contain &apos;1&apos;" type="AssertionError"><![CDATA[AssertionError: expected '<button.btn.btn-sm.btn-outline-primary>' to contain '1'
    at Context.eval (http://localhost:4200/__cypress/tests?p=cypress\integration\firstTest.spec.js:161:35)]]></failure>
    
  </testcase>
  
  <testcase name="Test with backend delete a new article in a global feed" time="1.4350" classname="delete a new article in a global feed">
    
    <failure message="`cy.request()` failed on:

https://conduit.productionready.io/api/articles/

The response we received from your web server was:

  &gt; 422: Unprocessable Entity

This was considered a failure because the status code was not `2xx` or `3xx`.

If you do not want status codes to cause failures pass the option: `failOnStatusCode: false`

-----------------------------------------------------------

The request we sent was:

Method: POST
URL: https://conduit.productionready.io/api/articles/
Headers: {
  &quot;Connection&quot;: &quot;keep-alive&quot;,
  &quot;Authorization&quot;: &quot;Token eyJhbGciOiJIUzI1NiIsInR5cCI6IkpXVCJ9.eyJlbWFpbCI6ImN5dGVzdEB0ZXN0LmNvbSIsInVzZXJuYW1lIjoiQ3lUZXN0IiwiaWF0IjoxNjQ4NjU4NDkxLCJleHAiOjE2NTM4NDI0OTF9.KqYucss1pYIzhKdP9wOadQMpEUsG8xRc8Zn3jp-JsUk&quot;,
  &quot;user-agent&quot;: &quot;Mozilla/5.0 (Windows NT 10.0; Win64; x64) AppleWebKit/537.36 (KHTML, like Gecko) Cypress/6.2.0 Chrome/87.0.4280.67 Electron/11.0.3 Safari/537.36&quot;,
  &quot;accept&quot;: &quot;*/*&quot;,
  &quot;accept-encoding&quot;: &quot;gzip, deflate&quot;,
  &quot;content-type&quot;: &quot;application/json&quot;,
  &quot;content-length&quot;: 114,
  &quot;referer&quot;: &quot;https://conduit.productionready.io/api/articles/&quot;
}
Body: {&quot;article&quot;:{&quot;tagList&quot;:[],&quot;title&quot;:&quot;Request from API&quot;,&quot;description&quot;:&quot;API testing is easy&quot;,&quot;body&quot;:&quot;Angular is cool&quot;}}
Redirects: [
  &quot;307: https://api.realworld.io/api/articles/&quot;
]

-----------------------------------------------------------

The response we got was:

Status: 422 - Unprocessable Entity
Headers: {
  &quot;date&quot;: &quot;Wed, 30 Mar 2022 16:41:32 GMT&quot;,
  &quot;content-type&quot;: &quot;application/json; charset=utf-8&quot;,
  &quot;content-length&quot;: &quot;39&quot;,
  &quot;connection&quot;: &quot;keep-alive&quot;,
  &quot;x-powered-by&quot;: &quot;Express&quot;,
  &quot;access-control-allow-origin&quot;: &quot;*&quot;,
  &quot;etag&quot;: &quot;W/\&quot;27-BNeuaWQ7DHvW/r+pl+qdJiF06Is\&quot;&quot;,
  &quot;via&quot;: &quot;1.1 vegur&quot;,
  &quot;cf-cache-status&quot;: &quot;DYNAMIC&quot;,
  &quot;expect-ct&quot;: &quot;max-age=604800, report-uri=\&quot;https://report-uri.cloudflare.com/cdn-cgi/beacon/expect-ct\&quot;&quot;,
  &quot;report-to&quot;: &quot;{\&quot;endpoints\&quot;:[{\&quot;url\&quot;:\&quot;https:\\/\\/a.nel.cloudflare.com\\/report\\/v3?s=dPNdHOKr920gZn9NtK3Obe8d7Xx6zBck%2FK1tv9hkQnmHtn%2FlVmtmondJhRDQquVPJVEMCiUmO%2BT80y5ZTO%2FDnmteYM6gNfUIqCS4pkLcbEW3eSHiqUO%2FSQ4Ba4%2F11DnxB1zY\&quot;}],\&quot;group\&quot;:\&quot;cf-nel\&quot;,\&quot;max_age\&quot;:604800}&quot;,
  &quot;nel&quot;: &quot;{\&quot;success_fraction\&quot;:0,\&quot;report_to\&quot;:\&quot;cf-nel\&quot;,\&quot;max_age\&quot;:604800}&quot;,
  &quot;server&quot;: &quot;cloudflare&quot;,
  &quot;cf-ray&quot;: &quot;6f424b166b1678ed-EWR&quot;,
  &quot;alt-svc&quot;: &quot;h3=\&quot;:443\&quot;; ma=86400, h3-29=\&quot;:443\&quot;; ma=86400&quot;
}
Body: {
  &quot;errors&quot;: {
    &quot;title&quot;: [
      &quot;must be unique&quot;
    ]
  }
}


https://on.cypress.io/request" type="CypressError"><![CDATA[CypressError: `cy.request()` failed on:

https://conduit.productionready.io/api/articles/

The response we received from your web server was:

  > 422: Unprocessable Entity

This was considered a failure because the status code was not `2xx` or `3xx`.

If you do not want status codes to cause failures pass the option: `failOnStatusCode: false`

-----------------------------------------------------------

The request we sent was:

Method: POST
URL: https://conduit.productionready.io/api/articles/
Headers: {
  "Connection": "keep-alive",
  "Authorization": "Token eyJhbGciOiJIUzI1NiIsInR5cCI6IkpXVCJ9.eyJlbWFpbCI6ImN5dGVzdEB0ZXN0LmNvbSIsInVzZXJuYW1lIjoiQ3lUZXN0IiwiaWF0IjoxNjQ4NjU4NDkxLCJleHAiOjE2NTM4NDI0OTF9.KqYucss1pYIzhKdP9wOadQMpEUsG8xRc8Zn3jp-JsUk",
  "user-agent": "Mozilla/5.0 (Windows NT 10.0; Win64; x64) AppleWebKit/537.36 (KHTML, like Gecko) Cypress/6.2.0 Chrome/87.0.4280.67 Electron/11.0.3 Safari/537.36",
  "accept": "*/*",
  "accept-encoding": "gzip, deflate",
  "content-type": "application/json",
  "content-length": 114,
  "referer": "https://conduit.productionready.io/api/articles/"
}
Body: {"article":{"tagList":[],"title":"Request from API","description":"API testing is easy","body":"Angular is cool"}}
Redirects: [
  "307: https://api.realworld.io/api/articles/"
]

-----------------------------------------------------------

The response we got was:

Status: 422 - Unprocessable Entity
Headers: {
  "date": "Wed, 30 Mar 2022 16:41:32 GMT",
  "content-type": "application/json; charset=utf-8",
  "content-length": "39",
  "connection": "keep-alive",
  "x-powered-by": "Express",
  "access-control-allow-origin": "*",
  "etag": "W/\"27-BNeuaWQ7DHvW/r+pl+qdJiF06Is\"",
  "via": "1.1 vegur",
  "cf-cache-status": "DYNAMIC",
  "expect-ct": "max-age=604800, report-uri=\"https://report-uri.cloudflare.com/cdn-cgi/beacon/expect-ct\"",
  "report-to": "{\"endpoints\":[{\"url\":\"https:\\/\\/a.nel.cloudflare.com\\/report\\/v3?s=dPNdHOKr920gZn9NtK3Obe8d7Xx6zBck%2FK1tv9hkQnmHtn%2FlVmtmondJhRDQquVPJVEMCiUmO%2BT80y5ZTO%2FDnmteYM6gNfUIqCS4pkLcbEW3eSHiqUO%2FSQ4Ba4%2F11DnxB1zY\"}],\"group\":\"cf-nel\",\"max_age\":604800}",
  "nel": "{\"success_fraction\":0,\"report_to\":\"cf-nel\",\"max_age\":604800}",
  "server": "cloudflare",
  "cf-ray": "6f424b166b1678ed-EWR",
  "alt-svc": "h3=\":443\"; ma=86400, h3-29=\":443\"; ma=86400"
}
Body: {
  "errors": {
    "title": [
      "must be unique"
    ]
  }
}


https://on.cypress.io/request
    at http://localhost:4200/__cypress/runner/cypress_runner.js:159018:21
    at tryCatcher (http://localhost:4200/__cypress/runner/cypress_runner.js:10584:23)
    at Promise._settlePromiseFromHandler (http://localhost:4200/__cypress/runner/cypress_runner.js:8519:31)
    at Promise._settlePromise (http://localhost:4200/__cypress/runner/cypress_runner.js:8576:18)
    at Promise._settlePromise0 (http://localhost:4200/__cypress/runner/cypress_runner.js:8621:10)
    at Promise._settlePromises (http://localhost:4200/__cypress/runner/cypress_runner.js:8701:18)
    at _drainQueueStep (http://localhost:4200/__cypress/runner/cypress_runner.js:5291:12)
    at _drainQueue (http://localhost:4200/__cypress/runner/cypress_runner.js:5284:9)
    at Async.../../node_modules/bluebird/js/release/async.js.Async._drainQueues (http://localhost:4200/__cypress/runner/cypress_runner.js:5300:5)
    at Async.drainQueues (http://localhost:4200/__cypress/runner/cypress_runner.js:5170:14)
From Your Spec Code:
    at Context.eval (http://localhost:4200/__cypress/tests?p=cypress\integration\firstTest.spec.js:180:10)]]></failure>
    
  </testcase>
  
</testsuite>
<testsuite name="Root Suite" timestamp="2022-03-30T17:28:26" tests="0" file="cypress\integration\testingD\refactorServerRoute.spec.js" time="0.0000" failures="0"/>
<testsuite name="Test with backend / refactoring use intercept" timestamp="2022-03-30T17:28:26" tests="5" time="9.7030" failures="1">
  
  <testcase name="Test with backend / refactoring use intercept verify correct request and response" time="4.4520" classname="verify correct request and response">
    
    <failure message="expected 422 to equal 200" type="AssertionError"><![CDATA[AssertionError: expected 422 to equal 200
    at Context.eval (http://localhost:4200/__cypress/tests?p=cypress\integration\testingD\refactorServerRoute.spec.js:124:42)]]></failure>
    
  </testcase>
  
  <testcase name="Test with backend / refactoring use intercept should gave tags with routing object " time="0.9790" classname="should gave tags with routing object "/>
  
  <testcase name="Test with backend / refactoring use intercept Verify the local feed likes count" time="1.1960" classname="Verify the local feed likes count"/>
  
  <testcase name="Test with backend / refactoring use intercept Delete new article  in global feed" time="3.0760" classname="Delete new article  in global feed"/>
  
</testsuite>
<testsuite name="Root Suite" timestamp="2022-03-30T16:44:57" tests="0" file="cypress\integration\testingD\refactorServerRoute.spec.js" time="0.0000" failures="0"/>
<testsuite name="Test with backend / refactoring use intercept" timestamp="2022-03-30T16:44:57" tests="5" time="8.5290" failures="1">
  
  <testcase name="Test with backend / refactoring use intercept verify correct request and response" time="4.2340" classname="verify correct request and response">
    
    <failure message="expected 422 to equal 200" type="AssertionError"><![CDATA[AssertionError: expected 422 to equal 200
    at Context.eval (http://localhost:4200/__cypress/tests?p=cypress\integration\testingD\refactorServerRoute.spec.js:124:42)]]></failure>
    
  </testcase>
  
  <testcase name="Test with backend / refactoring use intercept should gave tags with routing object " time="0.9330" classname="should gave tags with routing object "/>
  
  <testcase name="Test with backend / refactoring use intercept Verify the local feed likes count" time="1.0880" classname="Verify the local feed likes count"/>
  
  <testcase name="Test with backend / refactoring use intercept Delete new article  in global feed" time="2.2740" classname="Delete new article  in global feed"/>
  
</testsuite>
<testsuite name="Root Suite" timestamp="2022-03-29T20:19:01" tests="0" file="cypress\integration\firstTest.spec.js" time="0.0000" failures="0"/>
<testsuite name="Test with backend" timestamp="2022-03-29T20:19:01" tests="5" time="9.5220" failures="4">
  
  <testcase name="Test with backend verify correct request and response" time="2.8540" classname="verify correct request and response">
    
    <failure message="expected 307 to equal 200" type="AssertionError"><![CDATA[AssertionError: expected 307 to equal 200
    at Context.eval (http://localhost:4200/__cypress/tests?p=cypress\integration\firstTest.spec.js:120:42)]]></failure>
    
  </testcase>
  
  <testcase name="Test with backend intercepting and modifying the request and response" time="3.0320" classname="intercepting and modifying the request and response">
    
    <failure message="The following error originated from your test code, not from Cypress.

  &gt; A response callback passed to `req.reply()` threw an error while intercepting a response:

Cannot read property &apos;description&apos; of undefined

Route: {
  &quot;matchUrlAgainstPath&quot;: true,
  &quot;method&quot;: &quot;POST&quot;,
  &quot;url&quot;: &quot;**/articles&quot;
}

Intercepted request: {
  &quot;headers&quot;: {
    &quot;host&quot;: &quot;conduit.productionready.io&quot;,
    &quot;connection&quot;: &quot;keep-alive&quot;,
    &quot;content-length&quot;: &quot;130&quot;,
    &quot;accept&quot;: &quot;application/json&quot;,
    &quot;authorization&quot;: &quot;Token eyJhbGciOiJIUzI1NiIsInR5cCI6IkpXVCJ9.eyJlbWFpbCI6ImN5dGVzdEB0ZXN0LmNvbSIsInVzZXJuYW1lIjoiQ3lUZXN0IiwiaWF0IjoxNjQ4NTg1MTU4LCJleHAiOjE2NTM3NjkxNTh9.kZWTRbMMRVbg_h2gvc2IHOLJwKyDskQl37EVyuV1pps&quot;,
    &quot;user-agent&quot;: &quot;Mozilla/5.0 (Windows NT 10.0; Win64; x64) AppleWebKit/537.36 (KHTML, like Gecko) Cypress/6.2.0 Chrome/87.0.4280.67 Electron/11.0.3 Safari/537.36&quot;,
    &quot;content-type&quot;: &quot;application/json&quot;,
    &quot;origin&quot;: &quot;http://localhost:4200&quot;,
    &quot;sec-fetch-site&quot;: &quot;cross-site&quot;,
    &quot;sec-fetch-mode&quot;: &quot;cors&quot;,
    &quot;sec-fetch-dest&quot;: &quot;empty&quot;,
    &quot;referer&quot;: &quot;http://localhost:4200/editor&quot;,
    &quot;accept-encoding&quot;: &quot;gzip, deflate, br&quot;,
    &quot;accept-language&quot;: &quot;en-US&quot;
  },
  &quot;url&quot;: &quot;https://conduit.productionready.io/api/articles/&quot;,
  &quot;method&quot;: &quot;POST&quot;,
  &quot;httpVersion&quot;: &quot;1.1&quot;,
  &quot;body&quot;: {
    &quot;article&quot;: {
      &quot;tagList&quot;: [],
      &quot;title&quot;: &quot;This is a title&quot;,
      &quot;description&quot;: &quot;This is a descritption&quot;,
      &quot;body&quot;: &quot;This is a body of the Article&quot;
    }
  },
  &quot;responseTimeout&quot;: 30000
}

Intercepted response: {
  &quot;headers&quot;: {
    &quot;date&quot;: &quot;Tue, 29 Mar 2022 20:19:20 GMT&quot;,
    &quot;content-length&quot;: &quot;0&quot;,
    &quot;connection&quot;: &quot;keep-alive&quot;,
    &quot;location&quot;: &quot;https://api.realworld.io/api/articles/&quot;,
    &quot;access-control-allow-origin&quot;: &quot;*&quot;,
    &quot;access-control-allow-headers&quot;: &quot;*&quot;,
    &quot;access-control-allow-methods&quot;: &quot;GET,HEAD,POST,OPTIONS,PUT,PATCH,DELETE&quot;,
    &quot;expect-ct&quot;: &quot;max-age=604800, report-uri=\&quot;https://report-uri.cloudflare.com/cdn-cgi/beacon/expect-ct\&quot;&quot;,
    &quot;report-to&quot;: &quot;{\&quot;endpoints\&quot;:[{\&quot;url\&quot;:\&quot;https:\\/\\/a.nel.cloudflare.com\\/report\\/v3?s=%2BO8lKUWy9bhphX4FlJOav9riHYEA5v6XM2EQ8VPGg6xkE4Pk89CbGulHDDFIzPbsaEWCKfHshPl5Tx22SzRTUtNMqLSmPwVWGgmWShUDyLcTSVcdDjSFXxqNiatbDNSYti3pG0JQYcnQHobydw%3D%3D\&quot;}],\&quot;group\&quot;:\&quot;cf-nel\&quot;,\&quot;max_age\&quot;:604800}&quot;,
    &quot;nel&quot;: &quot;{\&quot;success_fraction\&quot;:0,\&quot;report_to\&quot;:\&quot;cf-nel\&quot;,\&quot;max_age\&quot;:604800}&quot;,
    &quot;vary&quot;: &quot;Accept-Encoding&quot;,
    &quot;server&quot;: &quot;cloudflare&quot;,
    &quot;cf-ray&quot;: &quot;6f3b4cc4ce1319db-EWR&quot;,
    &quot;alt-svc&quot;: &quot;h3=\&quot;:443\&quot;; ma=86400, h3-29=\&quot;:443\&quot;; ma=86400&quot;
  },
  &quot;url&quot;: &quot;https://conduit.productionready.io/api/articles/&quot;,
  &quot;method&quot;: null,
  &quot;httpVersion&quot;: &quot;1.1&quot;,
  &quot;statusCode&quot;: 307,
  &quot;statusMessage&quot;: &quot;Temporary Redirect&quot;,
  &quot;body&quot;: &quot;&quot;
}

When Cypress detects uncaught errors originating from your test code it will automatically fail the current test." type="CypressError"><![CDATA[CypressError: The following error originated from your test code, not from Cypress.

  > A response callback passed to `req.reply()` threw an error while intercepting a response:

Cannot read property 'description' of undefined

Route: {
  "matchUrlAgainstPath": true,
  "method": "POST",
  "url": "**/articles"
}

Intercepted request: {
  "headers": {
    "host": "conduit.productionready.io",
    "connection": "keep-alive",
    "content-length": "130",
    "accept": "application/json",
    "authorization": "Token eyJhbGciOiJIUzI1NiIsInR5cCI6IkpXVCJ9.eyJlbWFpbCI6ImN5dGVzdEB0ZXN0LmNvbSIsInVzZXJuYW1lIjoiQ3lUZXN0IiwiaWF0IjoxNjQ4NTg1MTU4LCJleHAiOjE2NTM3NjkxNTh9.kZWTRbMMRVbg_h2gvc2IHOLJwKyDskQl37EVyuV1pps",
    "user-agent": "Mozilla/5.0 (Windows NT 10.0; Win64; x64) AppleWebKit/537.36 (KHTML, like Gecko) Cypress/6.2.0 Chrome/87.0.4280.67 Electron/11.0.3 Safari/537.36",
    "content-type": "application/json",
    "origin": "http://localhost:4200",
    "sec-fetch-site": "cross-site",
    "sec-fetch-mode": "cors",
    "sec-fetch-dest": "empty",
    "referer": "http://localhost:4200/editor",
    "accept-encoding": "gzip, deflate, br",
    "accept-language": "en-US"
  },
  "url": "https://conduit.productionready.io/api/articles/",
  "method": "POST",
  "httpVersion": "1.1",
  "body": {
    "article": {
      "tagList": [],
      "title": "This is a title",
      "description": "This is a descritption",
      "body": "This is a body of the Article"
    }
  },
  "responseTimeout": 30000
}

Intercepted response: {
  "headers": {
    "date": "Tue, 29 Mar 2022 20:19:20 GMT",
    "content-length": "0",
    "connection": "keep-alive",
    "location": "https://api.realworld.io/api/articles/",
    "access-control-allow-origin": "*",
    "access-control-allow-headers": "*",
    "access-control-allow-methods": "GET,HEAD,POST,OPTIONS,PUT,PATCH,DELETE",
    "expect-ct": "max-age=604800, report-uri=\"https://report-uri.cloudflare.com/cdn-cgi/beacon/expect-ct\"",
    "report-to": "{\"endpoints\":[{\"url\":\"https:\\/\\/a.nel.cloudflare.com\\/report\\/v3?s=%2BO8lKUWy9bhphX4FlJOav9riHYEA5v6XM2EQ8VPGg6xkE4Pk89CbGulHDDFIzPbsaEWCKfHshPl5Tx22SzRTUtNMqLSmPwVWGgmWShUDyLcTSVcdDjSFXxqNiatbDNSYti3pG0JQYcnQHobydw%3D%3D\"}],\"group\":\"cf-nel\",\"max_age\":604800}",
    "nel": "{\"success_fraction\":0,\"report_to\":\"cf-nel\",\"max_age\":604800}",
    "vary": "Accept-Encoding",
    "server": "cloudflare",
    "cf-ray": "6f3b4cc4ce1319db-EWR",
    "alt-svc": "h3=\":443\"; ma=86400, h3-29=\":443\"; ma=86400"
  },
  "url": "https://conduit.productionready.io/api/articles/",
  "method": null,
  "httpVersion": "1.1",
  "statusCode": 307,
  "statusMessage": "Temporary Redirect",
  "body": ""
}

When Cypress detects uncaught errors originating from your test code it will automatically fail the current test.
    at http://localhost:4200/__cypress/runner/cypress_runner.js:164873:65
    at tryCatcher (http://localhost:4200/__cypress/runner/cypress_runner.js:10584:23)
    at Promise._settlePromiseFromHandler (http://localhost:4200/__cypress/runner/cypress_runner.js:8519:31)
    at Promise._settlePromise (http://localhost:4200/__cypress/runner/cypress_runner.js:8576:18)
    at Promise._settlePromiseCtx (http://localhost:4200/__cypress/runner/cypress_runner.js:8613:10)
    at _drainQueueStep (http://localhost:4200/__cypress/runner/cypress_runner.js:5295:12)
    at _drainQueue (http://localhost:4200/__cypress/runner/cypress_runner.js:5284:9)
    at Async.../../node_modules/bluebird/js/release/async.js.Async._drainQueues (http://localhost:4200/__cypress/runner/cypress_runner.js:5300:5)
    at Async.drainQueues (http://localhost:4200/__cypress/runner/cypress_runner.js:5170:14)
From Your Spec Code:
    at Context.eval (http://localhost:4200/__cypress/tests?p=cypress\integration\firstTest.spec.js:140:8)

From response callback:
  TypeError: Cannot read property 'description' of undefined
      at Object.eval [as responseHandler] (http://localhost:4200/__cypress/tests?p=cypress\integration\firstTest.spec.js:131:33)
From Your Spec Code:
    at Context.eval (http://localhost:4200/__cypress/tests?p=cypress\integration\firstTest.spec.js:140:8)]]></failure>
    
  </testcase>
  
  <testcase name="Test with backend should gave tags with routing object" time="0.8690" classname="should gave tags with routing object"/>
  
  <testcase name="Test with backend verify global feed likes count" time="1.4680" classname="verify global feed likes count">
    
    <failure message="expected &apos;&lt;button.btn.btn-sm.btn-outline-primary&gt;&apos; to contain &apos;1&apos;" type="AssertionError"><![CDATA[AssertionError: expected '<button.btn.btn-sm.btn-outline-primary>' to contain '1'
    at Context.eval (http://localhost:4200/__cypress/tests?p=cypress\integration\firstTest.spec.js:161:35)]]></failure>
    
  </testcase>
  
  <testcase name="Test with backend delete a new article in a global feed" time="1.2990" classname="delete a new article in a global feed">
    
    <failure message="`cy.request()` failed on:

https://conduit.productionready.io/api/articles/

The response we received from your web server was:

  &gt; 422: Unprocessable Entity

This was considered a failure because the status code was not `2xx` or `3xx`.

If you do not want status codes to cause failures pass the option: `failOnStatusCode: false`

-----------------------------------------------------------

The request we sent was:

Method: POST
URL: https://conduit.productionready.io/api/articles/
Headers: {
  &quot;Connection&quot;: &quot;keep-alive&quot;,
  &quot;Authorization&quot;: &quot;Token eyJhbGciOiJIUzI1NiIsInR5cCI6IkpXVCJ9.eyJlbWFpbCI6ImN5dGVzdEB0ZXN0LmNvbSIsInVzZXJuYW1lIjoiQ3lUZXN0IiwiaWF0IjoxNjQ4NTg1MTY4LCJleHAiOjE2NTM3NjkxNjh9.ue1_55UMrR8Ybcl45FhG7LyvY-qNmXvv88b1G_k-zx8&quot;,
  &quot;user-agent&quot;: &quot;Mozilla/5.0 (Windows NT 10.0; Win64; x64) AppleWebKit/537.36 (KHTML, like Gecko) Cypress/6.2.0 Chrome/87.0.4280.67 Electron/11.0.3 Safari/537.36&quot;,
  &quot;accept&quot;: &quot;*/*&quot;,
  &quot;accept-encoding&quot;: &quot;gzip, deflate&quot;,
  &quot;content-type&quot;: &quot;application/json&quot;,
  &quot;content-length&quot;: 114,
  &quot;referer&quot;: &quot;https://conduit.productionready.io/api/articles/&quot;
}
Body: {&quot;article&quot;:{&quot;tagList&quot;:[],&quot;title&quot;:&quot;Request from API&quot;,&quot;description&quot;:&quot;API testing is easy&quot;,&quot;body&quot;:&quot;Angular is cool&quot;}}
Redirects: [
  &quot;307: https://api.realworld.io/api/articles/&quot;
]

-----------------------------------------------------------

The response we got was:

Status: 422 - Unprocessable Entity
Headers: {
  &quot;date&quot;: &quot;Tue, 29 Mar 2022 20:19:29 GMT&quot;,
  &quot;content-type&quot;: &quot;application/json; charset=utf-8&quot;,
  &quot;content-length&quot;: &quot;39&quot;,
  &quot;connection&quot;: &quot;keep-alive&quot;,
  &quot;x-powered-by&quot;: &quot;Express&quot;,
  &quot;access-control-allow-origin&quot;: &quot;*&quot;,
  &quot;etag&quot;: &quot;W/\&quot;27-BNeuaWQ7DHvW/r+pl+qdJiF06Is\&quot;&quot;,
  &quot;via&quot;: &quot;1.1 vegur&quot;,
  &quot;cf-cache-status&quot;: &quot;DYNAMIC&quot;,
  &quot;expect-ct&quot;: &quot;max-age=604800, report-uri=\&quot;https://report-uri.cloudflare.com/cdn-cgi/beacon/expect-ct\&quot;&quot;,
  &quot;report-to&quot;: &quot;{\&quot;endpoints\&quot;:[{\&quot;url\&quot;:\&quot;https:\\/\\/a.nel.cloudflare.com\\/report\\/v3?s=t8F3HBGrXDR5rRFxq3RXvsfljg0TMYe%2B4%2FKss5HkGN29Rcan7cVQMMEQX55nMCj1RZKrSh9vyD6uPi9bFZJEb3%2F9uru4KxmAAfBU6g4pKKfItLCPtLiQaQp9UAErZC%2BXOfbR\&quot;}],\&quot;group\&quot;:\&quot;cf-nel\&quot;,\&quot;max_age\&quot;:604800}&quot;,
  &quot;nel&quot;: &quot;{\&quot;success_fraction\&quot;:0,\&quot;report_to\&quot;:\&quot;cf-nel\&quot;,\&quot;max_age\&quot;:604800}&quot;,
  &quot;server&quot;: &quot;cloudflare&quot;,
  &quot;cf-ray&quot;: &quot;6f3b4cfbab998c83-EWR&quot;,
  &quot;alt-svc&quot;: &quot;h3=\&quot;:443\&quot;; ma=86400, h3-29=\&quot;:443\&quot;; ma=86400&quot;
}
Body: {
  &quot;errors&quot;: {
    &quot;title&quot;: [
      &quot;must be unique&quot;
    ]
  }
}


https://on.cypress.io/request" type="CypressError"><![CDATA[CypressError: `cy.request()` failed on:

https://conduit.productionready.io/api/articles/

The response we received from your web server was:

  > 422: Unprocessable Entity

This was considered a failure because the status code was not `2xx` or `3xx`.

If you do not want status codes to cause failures pass the option: `failOnStatusCode: false`

-----------------------------------------------------------

The request we sent was:

Method: POST
URL: https://conduit.productionready.io/api/articles/
Headers: {
  "Connection": "keep-alive",
  "Authorization": "Token eyJhbGciOiJIUzI1NiIsInR5cCI6IkpXVCJ9.eyJlbWFpbCI6ImN5dGVzdEB0ZXN0LmNvbSIsInVzZXJuYW1lIjoiQ3lUZXN0IiwiaWF0IjoxNjQ4NTg1MTY4LCJleHAiOjE2NTM3NjkxNjh9.ue1_55UMrR8Ybcl45FhG7LyvY-qNmXvv88b1G_k-zx8",
  "user-agent": "Mozilla/5.0 (Windows NT 10.0; Win64; x64) AppleWebKit/537.36 (KHTML, like Gecko) Cypress/6.2.0 Chrome/87.0.4280.67 Electron/11.0.3 Safari/537.36",
  "accept": "*/*",
  "accept-encoding": "gzip, deflate",
  "content-type": "application/json",
  "content-length": 114,
  "referer": "https://conduit.productionready.io/api/articles/"
}
Body: {"article":{"tagList":[],"title":"Request from API","description":"API testing is easy","body":"Angular is cool"}}
Redirects: [
  "307: https://api.realworld.io/api/articles/"
]

-----------------------------------------------------------

The response we got was:

Status: 422 - Unprocessable Entity
Headers: {
  "date": "Tue, 29 Mar 2022 20:19:29 GMT",
  "content-type": "application/json; charset=utf-8",
  "content-length": "39",
  "connection": "keep-alive",
  "x-powered-by": "Express",
  "access-control-allow-origin": "*",
  "etag": "W/\"27-BNeuaWQ7DHvW/r+pl+qdJiF06Is\"",
  "via": "1.1 vegur",
  "cf-cache-status": "DYNAMIC",
  "expect-ct": "max-age=604800, report-uri=\"https://report-uri.cloudflare.com/cdn-cgi/beacon/expect-ct\"",
  "report-to": "{\"endpoints\":[{\"url\":\"https:\\/\\/a.nel.cloudflare.com\\/report\\/v3?s=t8F3HBGrXDR5rRFxq3RXvsfljg0TMYe%2B4%2FKss5HkGN29Rcan7cVQMMEQX55nMCj1RZKrSh9vyD6uPi9bFZJEb3%2F9uru4KxmAAfBU6g4pKKfItLCPtLiQaQp9UAErZC%2BXOfbR\"}],\"group\":\"cf-nel\",\"max_age\":604800}",
  "nel": "{\"success_fraction\":0,\"report_to\":\"cf-nel\",\"max_age\":604800}",
  "server": "cloudflare",
  "cf-ray": "6f3b4cfbab998c83-EWR",
  "alt-svc": "h3=\":443\"; ma=86400, h3-29=\":443\"; ma=86400"
}
Body: {
  "errors": {
    "title": [
      "must be unique"
    ]
  }
}


https://on.cypress.io/request
    at http://localhost:4200/__cypress/runner/cypress_runner.js:159018:21
    at tryCatcher (http://localhost:4200/__cypress/runner/cypress_runner.js:10584:23)
    at Promise._settlePromiseFromHandler (http://localhost:4200/__cypress/runner/cypress_runner.js:8519:31)
    at Promise._settlePromise (http://localhost:4200/__cypress/runner/cypress_runner.js:8576:18)
    at Promise._settlePromise0 (http://localhost:4200/__cypress/runner/cypress_runner.js:8621:10)
    at Promise._settlePromises (http://localhost:4200/__cypress/runner/cypress_runner.js:8701:18)
    at _drainQueueStep (http://localhost:4200/__cypress/runner/cypress_runner.js:5291:12)
    at _drainQueue (http://localhost:4200/__cypress/runner/cypress_runner.js:5284:9)
    at Async.../../node_modules/bluebird/js/release/async.js.Async._drainQueues (http://localhost:4200/__cypress/runner/cypress_runner.js:5300:5)
    at Async.drainQueues (http://localhost:4200/__cypress/runner/cypress_runner.js:5170:14)
From Your Spec Code:
    at Context.eval (http://localhost:4200/__cypress/tests?p=cypress\integration\firstTest.spec.js:180:10)]]></failure>
    
  </testcase>
  
</testsuite>
<testsuite name="Root Suite" timestamp="2022-03-29T20:55:46" tests="0" file="cypress\integration\testingD\refactorServerRoute.spec.js" time="0.0000" failures="0"/>
<testsuite name="Test with backend / refactoring use intercept" timestamp="2022-03-29T20:55:46" tests="5" time="7.7490" failures="1">
  
  <testcase name="Test with backend / refactoring use intercept verify correct request and response" time="4.2430" classname="verify correct request and response"/>
  
  <testcase name="Test with backend / refactoring use intercept should gave tags with routing object " time="0.7600" classname="should gave tags with routing object "/>
  
  <testcase name="Test with backend / refactoring use intercept Verify the local feed likes count" time="0.8460" classname="Verify the local feed likes count"/>
  
  <testcase name="Test with backend / refactoring use intercept Delete new article  in global feed" time="1.9000" classname="Delete new article  in global feed">
    
    <failure message="expected &apos;Request from API (Postman)&apos; to not equal &apos;Request from API (Postman)&apos;" type="AssertionError"><![CDATA[AssertionError: expected 'Request from API (Postman)' to not equal 'Request from API (Postman)'
    at Context.eval (http://localhost:4200/__cypress/tests?p=cypress\integration\testingD\refactorServerRoute.spec.js:225:22)]]></failure>
    
  </testcase>
  
</testsuite>
<testsuite name="Root Suite" timestamp="2022-03-30T17:59:53" tests="0" file="cypress\integration\secondTest.spec.js" time="0.0000" failures="0"/>
<testsuite name="Test log out" timestamp="2022-03-30T17:59:53" tests="1" time="2.2760" failures="0">
  
  <testcase name="Test log out verify use can log out successfully" time="2.2760" classname="verify use can log out successfully"/>
  
</testsuite>
<testsuite name="Root Suite" timestamp="2022-03-30T16:37:12" tests="0" file="cypress\integration\secondTest.spec.js" time="0.0000" failures="0"/>
<testsuite name="Test log out" timestamp="2022-03-30T16:37:12" tests="1" time="1.7780" failures="0">
  
  <testcase name="Test log out verify use can log out successfully" time="1.7780" classname="verify use can log out successfully"/>
  
</testsuite>
<testsuite name="Root Suite" timestamp="2022-03-30T16:41:43" tests="0" file="cypress\integration\testingD\firstTestConduit.spec.js" time="0.0000" failures="0"/>
<testsuite name="Test with backend" timestamp="2022-03-30T16:41:43" tests="3" time="2.4280" failures="0">
  
  <testcase name="Test with backend should gave tags with routing object " time="1.2900" classname="should gave tags with routing object "/>
  
  <testcase name="Test with backend Verify the local feed likes count" time="1.1380" classname="Verify the local feed likes count"/>
  
</testsuite>
<testsuite name="Root Suite" timestamp="2022-03-30T16:37:18" tests="0" file="cypress\integration\testingD\refactorServerRoute.spec.js" time="0.0000" failures="0"/>
<testsuite name="Test with backend / refactoring use intercept" timestamp="2022-03-30T16:37:18" tests="5" time="7.8180" failures="1">
  
  <testcase name="Test with backend / refactoring use intercept verify correct request and response" time="3.8650" classname="verify correct request and response">
    
    <failure message="expected 422 to equal 200" type="AssertionError"><![CDATA[AssertionError: expected 422 to equal 200
    at Context.eval (http://localhost:4200/__cypress/tests?p=cypress\integration\testingD\refactorServerRoute.spec.js:124:42)]]></failure>
    
  </testcase>
  
  <testcase name="Test with backend / refactoring use intercept should gave tags with routing object " time="0.7990" classname="should gave tags with routing object "/>
  
  <testcase name="Test with backend / refactoring use intercept Verify the local feed likes count" time="1.0280" classname="Verify the local feed likes count"/>
  
  <testcase name="Test with backend / refactoring use intercept Delete new article  in global feed" time="2.1260" classname="Delete new article  in global feed"/>
  
</testsuite>
<testsuite name="Root Suite" timestamp="2022-03-30T16:41:38" tests="0" file="cypress\integration\secondTest.spec.js" time="0.0000" failures="0"/>
<testsuite name="Test log out" timestamp="2022-03-30T16:41:38" tests="1" time="2.0520" failures="0">
  
  <testcase name="Test log out verify use can log out successfully" time="2.0520" classname="verify use can log out successfully"/>
  
</testsuite>
<testsuite name="Root Suite" timestamp="2022-03-29T20:19:31" tests="0" file="cypress\integration\secondTest.spec.js" time="0.0000" failures="0"/>
<testsuite name="Test log out" timestamp="2022-03-29T20:19:31" tests="1" time="1.5970" failures="0">
  
  <testcase name="Test log out verify use can log out successfully" time="1.5970" classname="verify use can log out successfully"/>
  
</testsuite>
<testsuite name="Root Suite" timestamp="2022-03-29T20:19:34" tests="0" file="cypress\integration\testingD\firstTestConduit.spec.js" time="0.0000" failures="0"/>
<testsuite name="Test with backend" timestamp="2022-03-29T20:19:34" tests="3" time="2.3440" failures="0">
  
  <testcase name="Test with backend should gave tags with routing object " time="1.1550" classname="should gave tags with routing object "/>
  
  <testcase name="Test with backend Verify the local feed likes count" time="1.1890" classname="Verify the local feed likes count"/>
  
</testsuite>
<testsuite name="Root Suite" timestamp="2022-03-30T18:00:04" tests="0" file="cypress\integration\testingD\refactorServerRoute.spec.js" time="0.0000" failures="0"/>
<testsuite name="Test with backend / refactoring use intercept" timestamp="2022-03-30T18:00:04" tests="5" time="8.3390" failures="0">
  
  <testcase name="Test with backend / refactoring use intercept verify correct request and response" time="3.9950" classname="verify correct request and response"/>
  
  <testcase name="Test with backend / refactoring use intercept should gave tags with routing object " time="1.2100" classname="should gave tags with routing object "/>
  
  <testcase name="Test with backend / refactoring use intercept Verify the local feed likes count" time="1.1990" classname="Verify the local feed likes count"/>
  
  <testcase name="Test with backend / refactoring use intercept Delete new article  in global feed" time="1.9350" classname="Delete new article  in global feed"/>
  
</testsuite>
<testsuite name="Root Suite" timestamp="2022-03-29T20:54:54" tests="0" file="cypress\integration\firstTest.spec.js" time="0.0000" failures="0"/>
<testsuite name="Test with backend" timestamp="2022-03-29T20:54:54" tests="5" time="8.8830" failures="4">
  
  <testcase name="Test with backend verify correct request and response" time="2.5930" classname="verify correct request and response">
    
    <failure message="Cannot read properties of undefined (reading &apos;statusCode&apos;)" type="TypeError"><![CDATA[TypeError: Cannot read properties of undefined (reading 'statusCode')
    at Context.eval (http://localhost:4200/__cypress/tests?p=cypress\integration\firstTest.spec.js:120:27)]]></failure>
    
  </testcase>
  
  <testcase name="Test with backend intercepting and modifying the request and response" time="3.0300" classname="intercepting and modifying the request and response">
    
    <failure message="The following error originated from your test code, not from Cypress.

  &gt; A response callback passed to `req.reply()` threw an error while intercepting a response:

Cannot read properties of undefined (reading &apos;description&apos;)

Route: {
  &quot;matchUrlAgainstPath&quot;: true,
  &quot;method&quot;: &quot;POST&quot;,
  &quot;url&quot;: &quot;**/articles&quot;
}

Intercepted request: {
  &quot;headers&quot;: {
    &quot;host&quot;: &quot;conduit.productionready.io&quot;,
    &quot;connection&quot;: &quot;keep-alive&quot;,
    &quot;content-length&quot;: &quot;130&quot;,
    &quot;sec-ch-ua&quot;: &quot;\&quot; Not A;Brand\&quot;;v=\&quot;99\&quot;, \&quot;Chromium\&quot;;v=\&quot;99\&quot;, \&quot;Google Chrome\&quot;;v=\&quot;99\&quot;&quot;,
    &quot;accept&quot;: &quot;application/json&quot;,
    &quot;content-type&quot;: &quot;application/json&quot;,
    &quot;authorization&quot;: &quot;Token eyJhbGciOiJIUzI1NiIsInR5cCI6IkpXVCJ9.eyJlbWFpbCI6ImN5dGVzdEB0ZXN0LmNvbSIsInVzZXJuYW1lIjoiQ3lUZXN0IiwiaWF0IjoxNjQ4NTg3MzI1LCJleHAiOjE2NTM3NzEzMjV9.KiDFuuUfyH0RUpTjhftrOt_vPurQG3uU3MoczezNVbw&quot;,
    &quot;sec-ch-ua-mobile&quot;: &quot;?0&quot;,
    &quot;user-agent&quot;: &quot;Mozilla/5.0 (Windows NT 10.0; Win64; x64) AppleWebKit/537.36 (KHTML, like Gecko) Chrome/99.0.4844.84 Safari/537.36&quot;,
    &quot;sec-ch-ua-platform&quot;: &quot;\&quot;Windows\&quot;&quot;,
    &quot;origin&quot;: &quot;http://localhost:4200&quot;,
    &quot;sec-fetch-site&quot;: &quot;cross-site&quot;,
    &quot;sec-fetch-mode&quot;: &quot;cors&quot;,
    &quot;sec-fetch-dest&quot;: &quot;empty&quot;,
    &quot;referer&quot;: &quot;http://localhost:4200/&quot;,
    &quot;accept-encoding&quot;: &quot;gzip, deflate, br&quot;,
    &quot;accept-language&quot;: &quot;en-US,en;q=0.9&quot;
  },
  &quot;url&quot;: &quot;https://conduit.productionready.io/api/articles/&quot;,
  &quot;method&quot;: &quot;POST&quot;,
  &quot;httpVersion&quot;: &quot;1.1&quot;,
  &quot;body&quot;: {
    &quot;article&quot;: {
      &quot;tagList&quot;: [],
      &quot;title&quot;: &quot;This is a title&quot;,
      &quot;description&quot;: &quot;This is a descritption&quot;,
      &quot;body&quot;: &quot;This is a body of the Article&quot;
    }
  },
  &quot;responseTimeout&quot;: 30000
}

Intercepted response: {
  &quot;headers&quot;: {
    &quot;date&quot;: &quot;Tue, 29 Mar 2022 20:55:27 GMT&quot;,
    &quot;content-length&quot;: &quot;0&quot;,
    &quot;connection&quot;: &quot;keep-alive&quot;,
    &quot;location&quot;: &quot;https://api.realworld.io/api/articles/&quot;,
    &quot;access-control-allow-origin&quot;: &quot;*&quot;,
    &quot;access-control-allow-headers&quot;: &quot;*&quot;,
    &quot;access-control-allow-methods&quot;: &quot;GET,HEAD,POST,OPTIONS,PUT,PATCH,DELETE&quot;,
    &quot;expect-ct&quot;: &quot;max-age=604800, report-uri=\&quot;https://report-uri.cloudflare.com/cdn-cgi/beacon/expect-ct\&quot;&quot;,
    &quot;report-to&quot;: &quot;{\&quot;endpoints\&quot;:[{\&quot;url\&quot;:\&quot;https:\\/\\/a.nel.cloudflare.com\\/report\\/v3?s=51rQSoMEStaa%2FEGZIWvsQjJPzGsZrY4MiZdbQ6FB7iOpHJrEVWqKgdfd8kJRU6NCMBkkXkv3Sx8kC39qj%2F7HYN15R9wadQDNJfTdrIXq44ogduqqcOqvbgyCZjvjxqRQBbciu6Nl%2BHboXCxEig%3D%3D\&quot;}],\&quot;group\&quot;:\&quot;cf-nel\&quot;,\&quot;max_age\&quot;:604800}&quot;,
    &quot;nel&quot;: &quot;{\&quot;success_fraction\&quot;:0,\&quot;report_to\&quot;:\&quot;cf-nel\&quot;,\&quot;max_age\&quot;:604800}&quot;,
    &quot;vary&quot;: &quot;Accept-Encoding&quot;,
    &quot;server&quot;: &quot;cloudflare&quot;,
    &quot;cf-ray&quot;: &quot;6f3b81ab6d751821-EWR&quot;,
    &quot;alt-svc&quot;: &quot;h3=\&quot;:443\&quot;; ma=86400, h3-29=\&quot;:443\&quot;; ma=86400&quot;
  },
  &quot;url&quot;: &quot;https://conduit.productionready.io/api/articles/&quot;,
  &quot;method&quot;: null,
  &quot;httpVersion&quot;: &quot;1.1&quot;,
  &quot;statusCode&quot;: 307,
  &quot;statusMessage&quot;: &quot;Temporary Redirect&quot;,
  &quot;body&quot;: &quot;&quot;
}

When Cypress detects uncaught errors originating from your test code it will automatically fail the current test." type="CypressError"><![CDATA[CypressError: The following error originated from your test code, not from Cypress.

  > A response callback passed to `req.reply()` threw an error while intercepting a response:

Cannot read properties of undefined (reading 'description')

Route: {
  "matchUrlAgainstPath": true,
  "method": "POST",
  "url": "**/articles"
}

Intercepted request: {
  "headers": {
    "host": "conduit.productionready.io",
    "connection": "keep-alive",
    "content-length": "130",
    "sec-ch-ua": "\" Not A;Brand\";v=\"99\", \"Chromium\";v=\"99\", \"Google Chrome\";v=\"99\"",
    "accept": "application/json",
    "content-type": "application/json",
    "authorization": "Token eyJhbGciOiJIUzI1NiIsInR5cCI6IkpXVCJ9.eyJlbWFpbCI6ImN5dGVzdEB0ZXN0LmNvbSIsInVzZXJuYW1lIjoiQ3lUZXN0IiwiaWF0IjoxNjQ4NTg3MzI1LCJleHAiOjE2NTM3NzEzMjV9.KiDFuuUfyH0RUpTjhftrOt_vPurQG3uU3MoczezNVbw",
    "sec-ch-ua-mobile": "?0",
    "user-agent": "Mozilla/5.0 (Windows NT 10.0; Win64; x64) AppleWebKit/537.36 (KHTML, like Gecko) Chrome/99.0.4844.84 Safari/537.36",
    "sec-ch-ua-platform": "\"Windows\"",
    "origin": "http://localhost:4200",
    "sec-fetch-site": "cross-site",
    "sec-fetch-mode": "cors",
    "sec-fetch-dest": "empty",
    "referer": "http://localhost:4200/",
    "accept-encoding": "gzip, deflate, br",
    "accept-language": "en-US,en;q=0.9"
  },
  "url": "https://conduit.productionready.io/api/articles/",
  "method": "POST",
  "httpVersion": "1.1",
  "body": {
    "article": {
      "tagList": [],
      "title": "This is a title",
      "description": "This is a descritption",
      "body": "This is a body of the Article"
    }
  },
  "responseTimeout": 30000
}

Intercepted response: {
  "headers": {
    "date": "Tue, 29 Mar 2022 20:55:27 GMT",
    "content-length": "0",
    "connection": "keep-alive",
    "location": "https://api.realworld.io/api/articles/",
    "access-control-allow-origin": "*",
    "access-control-allow-headers": "*",
    "access-control-allow-methods": "GET,HEAD,POST,OPTIONS,PUT,PATCH,DELETE",
    "expect-ct": "max-age=604800, report-uri=\"https://report-uri.cloudflare.com/cdn-cgi/beacon/expect-ct\"",
    "report-to": "{\"endpoints\":[{\"url\":\"https:\\/\\/a.nel.cloudflare.com\\/report\\/v3?s=51rQSoMEStaa%2FEGZIWvsQjJPzGsZrY4MiZdbQ6FB7iOpHJrEVWqKgdfd8kJRU6NCMBkkXkv3Sx8kC39qj%2F7HYN15R9wadQDNJfTdrIXq44ogduqqcOqvbgyCZjvjxqRQBbciu6Nl%2BHboXCxEig%3D%3D\"}],\"group\":\"cf-nel\",\"max_age\":604800}",
    "nel": "{\"success_fraction\":0,\"report_to\":\"cf-nel\",\"max_age\":604800}",
    "vary": "Accept-Encoding",
    "server": "cloudflare",
    "cf-ray": "6f3b81ab6d751821-EWR",
    "alt-svc": "h3=\":443\"; ma=86400, h3-29=\":443\"; ma=86400"
  },
  "url": "https://conduit.productionready.io/api/articles/",
  "method": null,
  "httpVersion": "1.1",
  "statusCode": 307,
  "statusMessage": "Temporary Redirect",
  "body": ""
}

When Cypress detects uncaught errors originating from your test code it will automatically fail the current test.
    at http://localhost:4200/__cypress/runner/cypress_runner.js:164873:65
    at tryCatcher (http://localhost:4200/__cypress/runner/cypress_runner.js:10584:23)
    at Promise._settlePromiseFromHandler (http://localhost:4200/__cypress/runner/cypress_runner.js:8519:31)
    at Promise._settlePromise (http://localhost:4200/__cypress/runner/cypress_runner.js:8576:18)
    at Promise._settlePromiseCtx (http://localhost:4200/__cypress/runner/cypress_runner.js:8613:10)
    at _drainQueueStep (http://localhost:4200/__cypress/runner/cypress_runner.js:5295:12)
    at _drainQueue (http://localhost:4200/__cypress/runner/cypress_runner.js:5284:9)
    at Async.../../node_modules/bluebird/js/release/async.js.Async._drainQueues (http://localhost:4200/__cypress/runner/cypress_runner.js:5300:5)
    at Async.drainQueues (http://localhost:4200/__cypress/runner/cypress_runner.js:5170:14)

From response callback:
  TypeError: Cannot read properties of undefined (reading 'description')
      at Object.eval [as responseHandler] (http://localhost:4200/__cypress/tests?p=cypress\integration\firstTest.spec.js:131:33)]]></failure>
    
  </testcase>
  
  <testcase name="Test with backend should gave tags with routing object" time="1.1160" classname="should gave tags with routing object"/>
  
  <testcase name="Test with backend verify global feed likes count" time="1.1690" classname="verify global feed likes count">
    
    <failure message="expected &apos;&lt;button.btn.btn-sm.btn-outline-primary&gt;&apos; to contain &apos;1&apos;" type="AssertionError"><![CDATA[AssertionError: expected '<button.btn.btn-sm.btn-outline-primary>' to contain '1'
    at Context.eval (http://localhost:4200/__cypress/tests?p=cypress\integration\firstTest.spec.js:160:39)]]></failure>
    
  </testcase>
  
  <testcase name="Test with backend delete a new article in a global feed" time="0.9750" classname="delete a new article in a global feed">
    
    <failure message="`cy.request()` failed on:

https://conduit.productionready.io/api/articles/

The response we received from your web server was:

  &gt; 422: Unprocessable Entity

This was considered a failure because the status code was not `2xx` or `3xx`.

If you do not want status codes to cause failures pass the option: `failOnStatusCode: false`

-----------------------------------------------------------

The request we sent was:

Method: POST
URL: https://conduit.productionready.io/api/articles/
Headers: {
  &quot;Connection&quot;: &quot;keep-alive&quot;,
  &quot;Authorization&quot;: &quot;Token eyJhbGciOiJIUzI1NiIsInR5cCI6IkpXVCJ9.eyJlbWFpbCI6ImN5dGVzdEB0ZXN0LmNvbSIsInVzZXJuYW1lIjoiQ3lUZXN0IiwiaWF0IjoxNjQ4NTg3MzM0LCJleHAiOjE2NTM3NzEzMzR9.-W1TvmgEoPp754PcWy_QS86r-cwajEqMuu0NUp1P_g8&quot;,
  &quot;user-agent&quot;: &quot;Mozilla/5.0 (Windows NT 10.0; Win64; x64) AppleWebKit/537.36 (KHTML, like Gecko) Chrome/99.0.4844.84 Safari/537.36&quot;,
  &quot;accept&quot;: &quot;*/*&quot;,
  &quot;accept-encoding&quot;: &quot;gzip, deflate&quot;,
  &quot;content-type&quot;: &quot;application/json&quot;,
  &quot;content-length&quot;: 114,
  &quot;referer&quot;: &quot;https://conduit.productionready.io/api/articles/&quot;
}
Body: {&quot;article&quot;:{&quot;tagList&quot;:[],&quot;title&quot;:&quot;Request from API&quot;,&quot;description&quot;:&quot;API testing is easy&quot;,&quot;body&quot;:&quot;Angular is cool&quot;}}
Redirects: [
  &quot;307: https://api.realworld.io/api/articles/&quot;
]

-----------------------------------------------------------

The response we got was:

Status: 422 - Unprocessable Entity
Headers: {
  &quot;date&quot;: &quot;Tue, 29 Mar 2022 20:55:34 GMT&quot;,
  &quot;content-type&quot;: &quot;application/json; charset=utf-8&quot;,
  &quot;content-length&quot;: &quot;39&quot;,
  &quot;connection&quot;: &quot;keep-alive&quot;,
  &quot;x-powered-by&quot;: &quot;Express&quot;,
  &quot;access-control-allow-origin&quot;: &quot;*&quot;,
  &quot;etag&quot;: &quot;W/\&quot;27-BNeuaWQ7DHvW/r+pl+qdJiF06Is\&quot;&quot;,
  &quot;via&quot;: &quot;1.1 vegur&quot;,
  &quot;cf-cache-status&quot;: &quot;DYNAMIC&quot;,
  &quot;expect-ct&quot;: &quot;max-age=604800, report-uri=\&quot;https://report-uri.cloudflare.com/cdn-cgi/beacon/expect-ct\&quot;&quot;,
  &quot;report-to&quot;: &quot;{\&quot;endpoints\&quot;:[{\&quot;url\&quot;:\&quot;https:\\/\\/a.nel.cloudflare.com\\/report\\/v3?s=amgg7R9u90wJxcniVfcs37BGCwVEQlpH4CvBttGP6R7zCT%2BzMd76yF4hFv4byBMeXaLvDfZW%2BnCMnfTT8xfAYvCdTtdUpkXFF9ZDCgrbwWe2xQi5Lw5GL12RB7R0ifjMBTCf\&quot;}],\&quot;group\&quot;:\&quot;cf-nel\&quot;,\&quot;max_age\&quot;:604800}&quot;,
  &quot;nel&quot;: &quot;{\&quot;success_fraction\&quot;:0,\&quot;report_to\&quot;:\&quot;cf-nel\&quot;,\&quot;max_age\&quot;:604800}&quot;,
  &quot;server&quot;: &quot;cloudflare&quot;,
  &quot;cf-ray&quot;: &quot;6f3b81da0943178c-EWR&quot;,
  &quot;alt-svc&quot;: &quot;h3=\&quot;:443\&quot;; ma=86400, h3-29=\&quot;:443\&quot;; ma=86400&quot;
}
Body: {
  &quot;errors&quot;: {
    &quot;title&quot;: [
      &quot;must be unique&quot;
    ]
  }
}


https://on.cypress.io/request" type="CypressError"><![CDATA[CypressError: `cy.request()` failed on:

https://conduit.productionready.io/api/articles/

The response we received from your web server was:

  > 422: Unprocessable Entity

This was considered a failure because the status code was not `2xx` or `3xx`.

If you do not want status codes to cause failures pass the option: `failOnStatusCode: false`

-----------------------------------------------------------

The request we sent was:

Method: POST
URL: https://conduit.productionready.io/api/articles/
Headers: {
  "Connection": "keep-alive",
  "Authorization": "Token eyJhbGciOiJIUzI1NiIsInR5cCI6IkpXVCJ9.eyJlbWFpbCI6ImN5dGVzdEB0ZXN0LmNvbSIsInVzZXJuYW1lIjoiQ3lUZXN0IiwiaWF0IjoxNjQ4NTg3MzM0LCJleHAiOjE2NTM3NzEzMzR9.-W1TvmgEoPp754PcWy_QS86r-cwajEqMuu0NUp1P_g8",
  "user-agent": "Mozilla/5.0 (Windows NT 10.0; Win64; x64) AppleWebKit/537.36 (KHTML, like Gecko) Chrome/99.0.4844.84 Safari/537.36",
  "accept": "*/*",
  "accept-encoding": "gzip, deflate",
  "content-type": "application/json",
  "content-length": 114,
  "referer": "https://conduit.productionready.io/api/articles/"
}
Body: {"article":{"tagList":[],"title":"Request from API","description":"API testing is easy","body":"Angular is cool"}}
Redirects: [
  "307: https://api.realworld.io/api/articles/"
]

-----------------------------------------------------------

The response we got was:

Status: 422 - Unprocessable Entity
Headers: {
  "date": "Tue, 29 Mar 2022 20:55:34 GMT",
  "content-type": "application/json; charset=utf-8",
  "content-length": "39",
  "connection": "keep-alive",
  "x-powered-by": "Express",
  "access-control-allow-origin": "*",
  "etag": "W/\"27-BNeuaWQ7DHvW/r+pl+qdJiF06Is\"",
  "via": "1.1 vegur",
  "cf-cache-status": "DYNAMIC",
  "expect-ct": "max-age=604800, report-uri=\"https://report-uri.cloudflare.com/cdn-cgi/beacon/expect-ct\"",
  "report-to": "{\"endpoints\":[{\"url\":\"https:\\/\\/a.nel.cloudflare.com\\/report\\/v3?s=amgg7R9u90wJxcniVfcs37BGCwVEQlpH4CvBttGP6R7zCT%2BzMd76yF4hFv4byBMeXaLvDfZW%2BnCMnfTT8xfAYvCdTtdUpkXFF9ZDCgrbwWe2xQi5Lw5GL12RB7R0ifjMBTCf\"}],\"group\":\"cf-nel\",\"max_age\":604800}",
  "nel": "{\"success_fraction\":0,\"report_to\":\"cf-nel\",\"max_age\":604800}",
  "server": "cloudflare",
  "cf-ray": "6f3b81da0943178c-EWR",
  "alt-svc": "h3=\":443\"; ma=86400, h3-29=\":443\"; ma=86400"
}
Body: {
  "errors": {
    "title": [
      "must be unique"
    ]
  }
}


https://on.cypress.io/request
    at http://localhost:4200/__cypress/runner/cypress_runner.js:159018:21
    at tryCatcher (http://localhost:4200/__cypress/runner/cypress_runner.js:10584:23)
    at Promise._settlePromiseFromHandler (http://localhost:4200/__cypress/runner/cypress_runner.js:8519:31)
    at Promise._settlePromise (http://localhost:4200/__cypress/runner/cypress_runner.js:8576:18)
    at Promise._settlePromise0 (http://localhost:4200/__cypress/runner/cypress_runner.js:8621:10)
    at Promise._settlePromises (http://localhost:4200/__cypress/runner/cypress_runner.js:8701:18)
    at _drainQueueStep (http://localhost:4200/__cypress/runner/cypress_runner.js:5291:12)
    at _drainQueue (http://localhost:4200/__cypress/runner/cypress_runner.js:5284:9)
    at Async.../../node_modules/bluebird/js/release/async.js.Async._drainQueues (http://localhost:4200/__cypress/runner/cypress_runner.js:5300:5)
    at Async.drainQueues (http://localhost:4200/__cypress/runner/cypress_runner.js:5170:14)]]></failure>
    
  </testcase>
  
</testsuite>
<testsuite name="Root Suite" timestamp="2022-03-30T17:59:58" tests="0" file="cypress\integration\testingD\firstTestConduit.spec.js" time="0.0000" failures="0"/>
<testsuite name="Test with backend" timestamp="2022-03-30T17:59:58" tests="3" time="2.9890" failures="0">
  
  <testcase name="Test with backend should gave tags with routing object " time="1.5000" classname="should gave tags with routing object "/>
  
  <testcase name="Test with backend Verify the local feed likes count" time="1.4890" classname="Verify the local feed likes count"/>
  
</testsuite>
<testsuite name="Root Suite" timestamp="2022-03-29T20:26:00" tests="0" file="cypress\integration\testingD\refactorServerRoute.spec.js" time="0.0000" failures="0"/>
<testsuite name="Test with backend / refactoring use intercept" timestamp="2022-03-29T20:26:00" tests="5" time="7.3710" failures="0">
  
  <testcase name="Test with backend / refactoring use intercept verify correct request and response" time="3.7680" classname="verify correct request and response"/>
  
  <testcase name="Test with backend / refactoring use intercept should gave tags with routing object " time="0.7930" classname="should gave tags with routing object "/>
  
  <testcase name="Test with backend / refactoring use intercept Verify the local feed likes count" time="0.9360" classname="Verify the local feed likes count"/>
  
  <testcase name="Test with backend / refactoring use intercept Delete new article  in global feed" time="1.8740" classname="Delete new article  in global feed"/>
  
</testsuite>
<testsuite name="Root Suite" timestamp="2022-03-30T17:29:31" tests="0" file="cypress\integration\testingD\refactorServerRoute.spec.js" time="0.0000" failures="0"/>
<testsuite name="Test with backend / refactoring use intercept" timestamp="2022-03-30T17:29:31" tests="5" time="10.1800" failures="0">
  
  <testcase name="Test with backend / refactoring use intercept verify correct request and response" time="5.3860" classname="verify correct request and response"/>
  
  <testcase name="Test with backend / refactoring use intercept should gave tags with routing object " time="1.0370" classname="should gave tags with routing object "/>
  
  <testcase name="Test with backend / refactoring use intercept Verify the local feed likes count" time="1.4500" classname="Verify the local feed likes count"/>
  
  <testcase name="Test with backend / refactoring use intercept Delete new article  in global feed" time="2.3070" classname="Delete new article  in global feed"/>
  
</testsuite>
<testsuite name="Root Suite" timestamp="2022-03-30T16:36:40" tests="0" file="cypress\integration\firstTest.spec.js" time="0.0000" failures="0"/>
<testsuite name="Test with backend" timestamp="2022-03-30T16:36:41" tests="5" time="10.2920" failures="4">
  
  <testcase name="Test with backend verify correct request and response" time="2.8790" classname="verify correct request and response">
    
    <failure message="expected 307 to equal 200" type="AssertionError"><![CDATA[AssertionError: expected 307 to equal 200
    at Context.eval (http://localhost:4200/__cypress/tests?p=cypress\integration\firstTest.spec.js:120:42)]]></failure>
    
  </testcase>
  
  <testcase name="Test with backend intercepting and modifying the request and response" time="3.2670" classname="intercepting and modifying the request and response">
    
    <failure message="The following error originated from your test code, not from Cypress.

  &gt; A response callback passed to `req.reply()` threw an error while intercepting a response:

Cannot read property &apos;description&apos; of undefined

Route: {
  &quot;matchUrlAgainstPath&quot;: true,
  &quot;method&quot;: &quot;POST&quot;,
  &quot;url&quot;: &quot;**/articles&quot;
}

Intercepted request: {
  &quot;headers&quot;: {
    &quot;host&quot;: &quot;conduit.productionready.io&quot;,
    &quot;connection&quot;: &quot;keep-alive&quot;,
    &quot;content-length&quot;: &quot;130&quot;,
    &quot;accept&quot;: &quot;application/json&quot;,
    &quot;authorization&quot;: &quot;Token eyJhbGciOiJIUzI1NiIsInR5cCI6IkpXVCJ9.eyJlbWFpbCI6ImN5dGVzdEB0ZXN0LmNvbSIsInVzZXJuYW1lIjoiQ3lUZXN0IiwiaWF0IjoxNjQ4NjU4MjE4LCJleHAiOjE2NTM4NDIyMTh9.M61gNtsYWYScdmbuaaeZ_EeE5lq0rbqQ9MWDv856NBY&quot;,
    &quot;user-agent&quot;: &quot;Mozilla/5.0 (Windows NT 10.0; Win64; x64) AppleWebKit/537.36 (KHTML, like Gecko) Cypress/6.2.0 Chrome/87.0.4280.67 Electron/11.0.3 Safari/537.36&quot;,
    &quot;content-type&quot;: &quot;application/json&quot;,
    &quot;origin&quot;: &quot;http://localhost:4200&quot;,
    &quot;sec-fetch-site&quot;: &quot;cross-site&quot;,
    &quot;sec-fetch-mode&quot;: &quot;cors&quot;,
    &quot;sec-fetch-dest&quot;: &quot;empty&quot;,
    &quot;referer&quot;: &quot;http://localhost:4200/editor&quot;,
    &quot;accept-encoding&quot;: &quot;gzip, deflate, br&quot;,
    &quot;accept-language&quot;: &quot;en-US&quot;
  },
  &quot;url&quot;: &quot;https://conduit.productionready.io/api/articles/&quot;,
  &quot;method&quot;: &quot;POST&quot;,
  &quot;httpVersion&quot;: &quot;1.1&quot;,
  &quot;body&quot;: {
    &quot;article&quot;: {
      &quot;tagList&quot;: [],
      &quot;title&quot;: &quot;This is a title&quot;,
      &quot;description&quot;: &quot;This is a descritption&quot;,
      &quot;body&quot;: &quot;This is a body of the Article&quot;
    }
  },
  &quot;responseTimeout&quot;: 30000
}

Intercepted response: {
  &quot;headers&quot;: {
    &quot;date&quot;: &quot;Wed, 30 Mar 2022 16:37:00 GMT&quot;,
    &quot;content-length&quot;: &quot;0&quot;,
    &quot;connection&quot;: &quot;keep-alive&quot;,
    &quot;location&quot;: &quot;https://api.realworld.io/api/articles/&quot;,
    &quot;access-control-allow-origin&quot;: &quot;*&quot;,
    &quot;access-control-allow-headers&quot;: &quot;*&quot;,
    &quot;access-control-allow-methods&quot;: &quot;GET,HEAD,POST,OPTIONS,PUT,PATCH,DELETE&quot;,
    &quot;expect-ct&quot;: &quot;max-age=604800, report-uri=\&quot;https://report-uri.cloudflare.com/cdn-cgi/beacon/expect-ct\&quot;&quot;,
    &quot;report-to&quot;: &quot;{\&quot;endpoints\&quot;:[{\&quot;url\&quot;:\&quot;https:\\/\\/a.nel.cloudflare.com\\/report\\/v3?s=nid8TC8RXJ8O%2B%2FfgHfSNJk8b5m6Dog0C07dRoQAsQENq5D6P2TKUaekEv3oXc5R5%2BJxiGm9Q9Da%2Frbw3kexDc96mORtbk8pLeyWNrEZ7JEr54PAUOZEYrbTpyR0rMj7iNrw%2F76mcz3eBt%2FoqYg%3D%3D\&quot;}],\&quot;group\&quot;:\&quot;cf-nel\&quot;,\&quot;max_age\&quot;:604800}&quot;,
    &quot;nel&quot;: &quot;{\&quot;success_fraction\&quot;:0,\&quot;report_to\&quot;:\&quot;cf-nel\&quot;,\&quot;max_age\&quot;:604800}&quot;,
    &quot;vary&quot;: &quot;Accept-Encoding&quot;,
    &quot;server&quot;: &quot;cloudflare&quot;,
    &quot;cf-ray&quot;: &quot;6f4244756989eff5-EWR&quot;,
    &quot;alt-svc&quot;: &quot;h3=\&quot;:443\&quot;; ma=86400, h3-29=\&quot;:443\&quot;; ma=86400&quot;
  },
  &quot;url&quot;: &quot;https://conduit.productionready.io/api/articles/&quot;,
  &quot;method&quot;: null,
  &quot;httpVersion&quot;: &quot;1.1&quot;,
  &quot;statusCode&quot;: 307,
  &quot;statusMessage&quot;: &quot;Temporary Redirect&quot;,
  &quot;body&quot;: &quot;&quot;
}

When Cypress detects uncaught errors originating from your test code it will automatically fail the current test." type="CypressError"><![CDATA[CypressError: The following error originated from your test code, not from Cypress.

  > A response callback passed to `req.reply()` threw an error while intercepting a response:

Cannot read property 'description' of undefined

Route: {
  "matchUrlAgainstPath": true,
  "method": "POST",
  "url": "**/articles"
}

Intercepted request: {
  "headers": {
    "host": "conduit.productionready.io",
    "connection": "keep-alive",
    "content-length": "130",
    "accept": "application/json",
    "authorization": "Token eyJhbGciOiJIUzI1NiIsInR5cCI6IkpXVCJ9.eyJlbWFpbCI6ImN5dGVzdEB0ZXN0LmNvbSIsInVzZXJuYW1lIjoiQ3lUZXN0IiwiaWF0IjoxNjQ4NjU4MjE4LCJleHAiOjE2NTM4NDIyMTh9.M61gNtsYWYScdmbuaaeZ_EeE5lq0rbqQ9MWDv856NBY",
    "user-agent": "Mozilla/5.0 (Windows NT 10.0; Win64; x64) AppleWebKit/537.36 (KHTML, like Gecko) Cypress/6.2.0 Chrome/87.0.4280.67 Electron/11.0.3 Safari/537.36",
    "content-type": "application/json",
    "origin": "http://localhost:4200",
    "sec-fetch-site": "cross-site",
    "sec-fetch-mode": "cors",
    "sec-fetch-dest": "empty",
    "referer": "http://localhost:4200/editor",
    "accept-encoding": "gzip, deflate, br",
    "accept-language": "en-US"
  },
  "url": "https://conduit.productionready.io/api/articles/",
  "method": "POST",
  "httpVersion": "1.1",
  "body": {
    "article": {
      "tagList": [],
      "title": "This is a title",
      "description": "This is a descritption",
      "body": "This is a body of the Article"
    }
  },
  "responseTimeout": 30000
}

Intercepted response: {
  "headers": {
    "date": "Wed, 30 Mar 2022 16:37:00 GMT",
    "content-length": "0",
    "connection": "keep-alive",
    "location": "https://api.realworld.io/api/articles/",
    "access-control-allow-origin": "*",
    "access-control-allow-headers": "*",
    "access-control-allow-methods": "GET,HEAD,POST,OPTIONS,PUT,PATCH,DELETE",
    "expect-ct": "max-age=604800, report-uri=\"https://report-uri.cloudflare.com/cdn-cgi/beacon/expect-ct\"",
    "report-to": "{\"endpoints\":[{\"url\":\"https:\\/\\/a.nel.cloudflare.com\\/report\\/v3?s=nid8TC8RXJ8O%2B%2FfgHfSNJk8b5m6Dog0C07dRoQAsQENq5D6P2TKUaekEv3oXc5R5%2BJxiGm9Q9Da%2Frbw3kexDc96mORtbk8pLeyWNrEZ7JEr54PAUOZEYrbTpyR0rMj7iNrw%2F76mcz3eBt%2FoqYg%3D%3D\"}],\"group\":\"cf-nel\",\"max_age\":604800}",
    "nel": "{\"success_fraction\":0,\"report_to\":\"cf-nel\",\"max_age\":604800}",
    "vary": "Accept-Encoding",
    "server": "cloudflare",
    "cf-ray": "6f4244756989eff5-EWR",
    "alt-svc": "h3=\":443\"; ma=86400, h3-29=\":443\"; ma=86400"
  },
  "url": "https://conduit.productionready.io/api/articles/",
  "method": null,
  "httpVersion": "1.1",
  "statusCode": 307,
  "statusMessage": "Temporary Redirect",
  "body": ""
}

When Cypress detects uncaught errors originating from your test code it will automatically fail the current test.
    at http://localhost:4200/__cypress/runner/cypress_runner.js:164873:65
    at tryCatcher (http://localhost:4200/__cypress/runner/cypress_runner.js:10584:23)
    at Promise._settlePromiseFromHandler (http://localhost:4200/__cypress/runner/cypress_runner.js:8519:31)
    at Promise._settlePromise (http://localhost:4200/__cypress/runner/cypress_runner.js:8576:18)
    at Promise._settlePromiseCtx (http://localhost:4200/__cypress/runner/cypress_runner.js:8613:10)
    at _drainQueueStep (http://localhost:4200/__cypress/runner/cypress_runner.js:5295:12)
    at _drainQueue (http://localhost:4200/__cypress/runner/cypress_runner.js:5284:9)
    at Async.../../node_modules/bluebird/js/release/async.js.Async._drainQueues (http://localhost:4200/__cypress/runner/cypress_runner.js:5300:5)
    at Async.drainQueues (http://localhost:4200/__cypress/runner/cypress_runner.js:5170:14)
From Your Spec Code:
    at Context.eval (http://localhost:4200/__cypress/tests?p=cypress\integration\firstTest.spec.js:140:8)

From response callback:
  TypeError: Cannot read property 'description' of undefined
      at Object.eval [as responseHandler] (http://localhost:4200/__cypress/tests?p=cypress\integration\firstTest.spec.js:131:33)
From Your Spec Code:
    at Context.eval (http://localhost:4200/__cypress/tests?p=cypress\integration\firstTest.spec.js:140:8)]]></failure>
    
  </testcase>
  
  <testcase name="Test with backend should gave tags with routing object" time="1.3000" classname="should gave tags with routing object"/>
  
  <testcase name="Test with backend verify global feed likes count" time="1.4800" classname="verify global feed likes count">
    
    <failure message="expected &apos;&lt;button.btn.btn-sm.btn-outline-primary&gt;&apos; to contain &apos;1&apos;" type="AssertionError"><![CDATA[AssertionError: expected '<button.btn.btn-sm.btn-outline-primary>' to contain '1'
    at Context.eval (http://localhost:4200/__cypress/tests?p=cypress\integration\firstTest.spec.js:161:35)]]></failure>
    
  </testcase>
  
  <testcase name="Test with backend delete a new article in a global feed" time="1.3660" classname="delete a new article in a global feed">
    
    <failure message="`cy.request()` failed on:

https://conduit.productionready.io/api/articles/

The response we received from your web server was:

  &gt; 422: Unprocessable Entity

This was considered a failure because the status code was not `2xx` or `3xx`.

If you do not want status codes to cause failures pass the option: `failOnStatusCode: false`

-----------------------------------------------------------

The request we sent was:

Method: POST
URL: https://conduit.productionready.io/api/articles/
Headers: {
  &quot;Connection&quot;: &quot;keep-alive&quot;,
  &quot;Authorization&quot;: &quot;Token eyJhbGciOiJIUzI1NiIsInR5cCI6IkpXVCJ9.eyJlbWFpbCI6ImN5dGVzdEB0ZXN0LmNvbSIsInVzZXJuYW1lIjoiQ3lUZXN0IiwiaWF0IjoxNjQ4NjU4MjI5LCJleHAiOjE2NTM4NDIyMjl9.CxW4Elg1Z7dHDu7AEieenSt6_JSkG-p9tOBecx6VDbc&quot;,
  &quot;user-agent&quot;: &quot;Mozilla/5.0 (Windows NT 10.0; Win64; x64) AppleWebKit/537.36 (KHTML, like Gecko) Cypress/6.2.0 Chrome/87.0.4280.67 Electron/11.0.3 Safari/537.36&quot;,
  &quot;accept&quot;: &quot;*/*&quot;,
  &quot;accept-encoding&quot;: &quot;gzip, deflate&quot;,
  &quot;content-type&quot;: &quot;application/json&quot;,
  &quot;content-length&quot;: 114,
  &quot;referer&quot;: &quot;https://conduit.productionready.io/api/articles/&quot;
}
Body: {&quot;article&quot;:{&quot;tagList&quot;:[],&quot;title&quot;:&quot;Request from API&quot;,&quot;description&quot;:&quot;API testing is easy&quot;,&quot;body&quot;:&quot;Angular is cool&quot;}}
Redirects: [
  &quot;307: https://api.realworld.io/api/articles/&quot;
]

-----------------------------------------------------------

The response we got was:

Status: 422 - Unprocessable Entity
Headers: {
  &quot;date&quot;: &quot;Wed, 30 Mar 2022 16:37:10 GMT&quot;,
  &quot;content-type&quot;: &quot;application/json; charset=utf-8&quot;,
  &quot;content-length&quot;: &quot;39&quot;,
  &quot;connection&quot;: &quot;keep-alive&quot;,
  &quot;x-powered-by&quot;: &quot;Express&quot;,
  &quot;access-control-allow-origin&quot;: &quot;*&quot;,
  &quot;etag&quot;: &quot;W/\&quot;27-BNeuaWQ7DHvW/r+pl+qdJiF06Is\&quot;&quot;,
  &quot;via&quot;: &quot;1.1 vegur&quot;,
  &quot;cf-cache-status&quot;: &quot;DYNAMIC&quot;,
  &quot;expect-ct&quot;: &quot;max-age=604800, report-uri=\&quot;https://report-uri.cloudflare.com/cdn-cgi/beacon/expect-ct\&quot;&quot;,
  &quot;report-to&quot;: &quot;{\&quot;endpoints\&quot;:[{\&quot;url\&quot;:\&quot;https:\\/\\/a.nel.cloudflare.com\\/report\\/v3?s=IXgudMqV%2Bb%2F7Tb6VEsQIIkc8YVQhOGcqX9q9%2F8KdGwRNfULuKz8fWVSvN7Cqa2yDrqKWpEU%2FyNI8%2FE9RR53E%2BfMED8hOE0991y%2F4z25xUplGy%2FrKZ%2BICJi8k7b%2F%2Fuusr4oqF\&quot;}],\&quot;group\&quot;:\&quot;cf-nel\&quot;,\&quot;max_age\&quot;:604800}&quot;,
  &quot;nel&quot;: &quot;{\&quot;success_fraction\&quot;:0,\&quot;report_to\&quot;:\&quot;cf-nel\&quot;,\&quot;max_age\&quot;:604800}&quot;,
  &quot;server&quot;: &quot;cloudflare&quot;,
  &quot;cf-ray&quot;: &quot;6f4244b15fcf179d-EWR&quot;,
  &quot;alt-svc&quot;: &quot;h3=\&quot;:443\&quot;; ma=86400, h3-29=\&quot;:443\&quot;; ma=86400&quot;
}
Body: {
  &quot;errors&quot;: {
    &quot;title&quot;: [
      &quot;must be unique&quot;
    ]
  }
}


https://on.cypress.io/request" type="CypressError"><![CDATA[CypressError: `cy.request()` failed on:

https://conduit.productionready.io/api/articles/

The response we received from your web server was:

  > 422: Unprocessable Entity

This was considered a failure because the status code was not `2xx` or `3xx`.

If you do not want status codes to cause failures pass the option: `failOnStatusCode: false`

-----------------------------------------------------------

The request we sent was:

Method: POST
URL: https://conduit.productionready.io/api/articles/
Headers: {
  "Connection": "keep-alive",
  "Authorization": "Token eyJhbGciOiJIUzI1NiIsInR5cCI6IkpXVCJ9.eyJlbWFpbCI6ImN5dGVzdEB0ZXN0LmNvbSIsInVzZXJuYW1lIjoiQ3lUZXN0IiwiaWF0IjoxNjQ4NjU4MjI5LCJleHAiOjE2NTM4NDIyMjl9.CxW4Elg1Z7dHDu7AEieenSt6_JSkG-p9tOBecx6VDbc",
  "user-agent": "Mozilla/5.0 (Windows NT 10.0; Win64; x64) AppleWebKit/537.36 (KHTML, like Gecko) Cypress/6.2.0 Chrome/87.0.4280.67 Electron/11.0.3 Safari/537.36",
  "accept": "*/*",
  "accept-encoding": "gzip, deflate",
  "content-type": "application/json",
  "content-length": 114,
  "referer": "https://conduit.productionready.io/api/articles/"
}
Body: {"article":{"tagList":[],"title":"Request from API","description":"API testing is easy","body":"Angular is cool"}}
Redirects: [
  "307: https://api.realworld.io/api/articles/"
]

-----------------------------------------------------------

The response we got was:

Status: 422 - Unprocessable Entity
Headers: {
  "date": "Wed, 30 Mar 2022 16:37:10 GMT",
  "content-type": "application/json; charset=utf-8",
  "content-length": "39",
  "connection": "keep-alive",
  "x-powered-by": "Express",
  "access-control-allow-origin": "*",
  "etag": "W/\"27-BNeuaWQ7DHvW/r+pl+qdJiF06Is\"",
  "via": "1.1 vegur",
  "cf-cache-status": "DYNAMIC",
  "expect-ct": "max-age=604800, report-uri=\"https://report-uri.cloudflare.com/cdn-cgi/beacon/expect-ct\"",
  "report-to": "{\"endpoints\":[{\"url\":\"https:\\/\\/a.nel.cloudflare.com\\/report\\/v3?s=IXgudMqV%2Bb%2F7Tb6VEsQIIkc8YVQhOGcqX9q9%2F8KdGwRNfULuKz8fWVSvN7Cqa2yDrqKWpEU%2FyNI8%2FE9RR53E%2BfMED8hOE0991y%2F4z25xUplGy%2FrKZ%2BICJi8k7b%2F%2Fuusr4oqF\"}],\"group\":\"cf-nel\",\"max_age\":604800}",
  "nel": "{\"success_fraction\":0,\"report_to\":\"cf-nel\",\"max_age\":604800}",
  "server": "cloudflare",
  "cf-ray": "6f4244b15fcf179d-EWR",
  "alt-svc": "h3=\":443\"; ma=86400, h3-29=\":443\"; ma=86400"
}
Body: {
  "errors": {
    "title": [
      "must be unique"
    ]
  }
}


https://on.cypress.io/request
    at http://localhost:4200/__cypress/runner/cypress_runner.js:159018:21
    at tryCatcher (http://localhost:4200/__cypress/runner/cypress_runner.js:10584:23)
    at Promise._settlePromiseFromHandler (http://localhost:4200/__cypress/runner/cypress_runner.js:8519:31)
    at Promise._settlePromise (http://localhost:4200/__cypress/runner/cypress_runner.js:8576:18)
    at Promise._settlePromise0 (http://localhost:4200/__cypress/runner/cypress_runner.js:8621:10)
    at Promise._settlePromises (http://localhost:4200/__cypress/runner/cypress_runner.js:8701:18)
    at _drainQueueStep (http://localhost:4200/__cypress/runner/cypress_runner.js:5291:12)
    at _drainQueue (http://localhost:4200/__cypress/runner/cypress_runner.js:5284:9)
    at Async.../../node_modules/bluebird/js/release/async.js.Async._drainQueues (http://localhost:4200/__cypress/runner/cypress_runner.js:5300:5)
    at Async.drainQueues (http://localhost:4200/__cypress/runner/cypress_runner.js:5170:14)
From Your Spec Code:
    at Context.eval (http://localhost:4200/__cypress/tests?p=cypress\integration\firstTest.spec.js:180:10)]]></failure>
    
  </testcase>
  
</testsuite>
<testsuite name="Root Suite" timestamp="2022-03-29T20:25:56" tests="0" file="cypress\integration\testingD\firstTestConduit.spec.js" time="0.0000" failures="0"/>
<testsuite name="Test with backend" timestamp="2022-03-29T20:25:56" tests="3" time="2.3580" failures="0">
  
  <testcase name="Test with backend should gave tags with routing object " time="1.2370" classname="should gave tags with routing object "/>
  
  <testcase name="Test with backend Verify the local feed likes count" time="1.1210" classname="Verify the local feed likes count"/>
  
</testsuite>
<testsuite name="Root Suite" timestamp="2022-03-30T16:41:48" tests="0" file="cypress\integration\testingD\refactorServerRoute.spec.js" time="0.0000" failures="0"/>
<testsuite name="Test with backend / refactoring use intercept" timestamp="2022-03-30T16:41:48" tests="5" time="7.6970" failures="1">
  
  <testcase name="Test with backend / refactoring use intercept verify correct request and response" time="3.9890" classname="verify correct request and response">
    
    <failure message="expected 422 to equal 200" type="AssertionError"><![CDATA[AssertionError: expected 422 to equal 200
    at Context.eval (http://localhost:4200/__cypress/tests?p=cypress\integration\testingD\refactorServerRoute.spec.js:124:42)]]></failure>
    
  </testcase>
  
  <testcase name="Test with backend / refactoring use intercept should gave tags with routing object " time="0.8810" classname="should gave tags with routing object "/>
  
  <testcase name="Test with backend / refactoring use intercept Verify the local feed likes count" time="0.9700" classname="Verify the local feed likes count"/>
  
  <testcase name="Test with backend / refactoring use intercept Delete new article  in global feed" time="1.8570" classname="Delete new article  in global feed"/>
  
[...]
    at tryCatcher (http://localhost:4200/__cypress/runner/cypress_runner.js:10584:23)
    at Promise._settlePromiseFromHandler (http://localhost:4200/__cypress/runner/cypress_runner.js:8519:31)
    at Promise._settlePromise (http://localhost:4200/__cypress/runner/cypress_runner.js:8576:18)
    at Promise._settlePromise0 (http://localhost:4200/__cypress/runner/cypress_runner.js:8621:10)
    at Promise._settlePromises (http://localhost:4200/__cypress/runner/cypress_runner.js:8701:18)
    at _drainQueueStep (http://localhost:4200/__cypress/runner/cypress_runner.js:5291:12)
    at _drainQueue (http://localhost:4200/__cypress/runner/cypress_runner.js:5284:9)
    at Async.../../node_modules/bluebird/js/release/async.js.Async._drainQueues (http://localhost:4200/__cypress/runner/cypress_runner.js:5300:5)
    at Async.drainQueues (http://localhost:4200/__cypress/runner/cypress_runner.js:5170:14)
From Your Spec Code:
    at Context.eval (http://localhost:4200/__cypress/tests?p=cypress\integration\firstTest.spec.js:180:10)]]></failure>
    
  </testcase>
  
</testsuite>

<testsuite name="Root Suite" timestamp="2022-03-30T17:02:26" tests="0" file="cypress\integration\testingD\refactorServerRoute.spec.js" time="0.0000" failures="0"></testsuite>
<testsuite name="Test with backend / refactoring use intercept" timestamp="2022-03-30T17:02:26" tests="5" time="7.6930" failures="1">
  
  <testcase name="Test with backend / refactoring use intercept verify correct request and response" time="3.8980" classname="verify correct request and response">
    
    <failure message="expected 422 to equal 200" type="AssertionError"><![CDATA[AssertionError: expected 422 to equal 200
    at Context.eval (http://localhost:4200/__cypress/tests?p=cypress\integration\testingD\refactorServerRoute.spec.js:124:42)]]></failure>
    
  </testcase>
  
  <testcase name="Test with backend / refactoring use intercept should gave tags with routing object " time="0.8020" classname="should gave tags with routing object "></testcase>
  
  <testcase name="Test with backend / refactoring use intercept Verify the local feed likes count" time="0.9930" classname="Verify the local feed likes count"></testcase>
  
  <testcase name="Test with backend / refactoring use intercept Delete new article  in global feed" time="2.0000" classname="Delete new article  in global feed"></testcase>
  
</testsuite>

<testsuite name="Root Suite" timestamp="2022-03-29T20:55:37" tests="0" file="cypress\integration\secondTest.spec.js" time="0.0000" failures="0"></testsuite>
<testsuite name="Test log out" timestamp="2022-03-29T20:55:37" tests="1" time="2.0990" failures="0">
  
  <testcase name="Test log out verify use can log out successfully" time="2.0990" classname="verify use can log out successfully"></testcase>
  
</testsuite>

<testsuite name="Root Suite" timestamp="2022-03-30T16:44:51" tests="0" file="cypress\integration\testingD\firstTestConduit.spec.js" time="0.0000" failures="0"></testsuite>
<testsuite name="Test with backend" timestamp="2022-03-30T16:44:51" tests="3" time="2.6020" failures="0">
  
  <testcase name="Test with backend should gave tags with routing object " time="1.4230" classname="should gave tags with routing object "></testcase>
  
  <testcase name="Test with backend Verify the local feed likes count" time="1.1790" classname="Verify the local feed likes count"></testcase>
  
</testsuite>

<testsuite name="Root Suite" timestamp="2022-03-30T16:44:10" tests="0" file="cypress\integration\firstTest.spec.js" time="0.0000" failures="0"></testsuite>
<testsuite name="Test with backend" timestamp="2022-03-30T16:44:10" tests="5" time="10.1400" failures="4">
  
  <testcase name="Test with backend verify correct request and response" time="2.9210" classname="verify correct request and response">
    
    <failure message="expected 307 to equal 200" type="AssertionError"><![CDATA[AssertionError: expected 307 to equal 200
    at Context.eval (http://localhost:4200/__cypress/tests?p=cypress\integration\firstTest.spec.js:120:42)]]></failure>
    
  </testcase>
  
  <testcase name="Test with backend intercepting and modifying the request and response" time="3.2120" classname="intercepting and modifying the request and response">
    
    <failure message="The following error originated from your test code, not from Cypress.

  &gt; A response callback passed to `req.reply()` threw an error while intercepting a response:

Cannot read property &apos;description&apos; of undefined

Route: {
  &quot;matchUrlAgainstPath&quot;: true,
  &quot;method&quot;: &quot;POST&quot;,
  &quot;url&quot;: &quot;**/articles&quot;
}

Intercepted request: {
  &quot;headers&quot;: {
    &quot;host&quot;: &quot;conduit.productionready.io&quot;,
    &quot;connection&quot;: &quot;keep-alive&quot;,
    &quot;content-length&quot;: &quot;130&quot;,
    &quot;accept&quot;: &quot;application/json&quot;,
    &quot;authorization&quot;: &quot;Token eyJhbGciOiJIUzI1NiIsInR5cCI6IkpXVCJ9.eyJlbWFpbCI6ImN5dGVzdEB0ZXN0LmNvbSIsInVzZXJuYW1lIjoiQ3lUZXN0IiwiaWF0IjoxNjQ4NjU4NjY3LCJleHAiOjE2NTM4NDI2Njd9.tRHzZKnmNb90bOSyVdJC38im29TqMkCFSpeAfC0AZo0&quot;,
    &quot;user-agent&quot;: &quot;Mozilla/5.0 (Windows NT 10.0; Win64; x64) AppleWebKit/537.36 (KHTML, like Gecko) Cypress/6.2.0 Chrome/87.0.4280.67 Electron/11.0.3 Safari/537.36&quot;,
    &quot;content-type&quot;: &quot;application/json&quot;,
    &quot;origin&quot;: &quot;http://localhost:4200&quot;,
    &quot;sec-fetch-site&quot;: &quot;cross-site&quot;,
    &quot;sec-fetch-mode&quot;: &quot;cors&quot;,
    &quot;sec-fetch-dest&quot;: &quot;empty&quot;,
    &quot;referer&quot;: &quot;http://localhost:4200/editor&quot;,
    &quot;accept-encoding&quot;: &quot;gzip, deflate, br&quot;,
    &quot;accept-language&quot;: &quot;en-US&quot;
  },
  &quot;url&quot;: &quot;https://conduit.productionready.io/api/articles/&quot;,
  &quot;method&quot;: &quot;POST&quot;,
  &quot;httpVersion&quot;: &quot;1.1&quot;,
  &quot;body&quot;: {
    &quot;article&quot;: {
      &quot;tagList&quot;: [],
      &quot;title&quot;: &quot;This is a title&quot;,
      &quot;description&quot;: &quot;This is a descritption&quot;,
      &quot;body&quot;: &quot;This is a body of the Article&quot;
    }
  },
  &quot;responseTimeout&quot;: 30000
}

Intercepted response: {
  &quot;headers&quot;: {
    &quot;date&quot;: &quot;Wed, 30 Mar 2022 16:44:29 GMT&quot;,
    &quot;content-length&quot;: &quot;0&quot;,
    &quot;connection&quot;: &quot;keep-alive&quot;,
    &quot;location&quot;: &quot;https://api.realworld.io/api/articles/&quot;,
    &quot;access-control-allow-origin&quot;: &quot;*&quot;,
    &quot;access-control-allow-headers&quot;: &quot;*&quot;,
    &quot;access-control-allow-methods&quot;: &quot;GET,HEAD,POST,OPTIONS,PUT,PATCH,DELETE&quot;,
    &quot;expect-ct&quot;: &quot;max-age=604800, report-uri=\&quot;https://report-uri.cloudflare.com/cdn-cgi/beacon/expect-ct\&quot;&quot;,
    &quot;report-to&quot;: &quot;{\&quot;endpoints\&quot;:[{\&quot;url\&quot;:\&quot;https:\\/\\/a.nel.cloudflare.com\\/report\\/v3?s=27XmncipR6EqhHURJ1U13z1LTmBYPwd4yrUdWgvNXfvhLd5yuBWosbvMdZVmVnupKMSzg1Uvk3JqIxRO5OaIu0RHtvpTVpqajoAFvZqUyeciNj3tRXG3Yy4v6peTWcK0isbqzNoWF1YPN6Ug0A%3D%3D\&quot;}],\&quot;group\&quot;:\&quot;cf-nel\&quot;,\&quot;max_age\&quot;:604800}&quot;,
    &quot;nel&quot;: &quot;{\&quot;success_fraction\&quot;:0,\&quot;report_to\&quot;:\&quot;cf-nel\&quot;,\&quot;max_age\&quot;:604800}&quot;,
    &quot;vary&quot;: &quot;Accept-Encoding&quot;,
    &quot;server&quot;: &quot;cloudflare&quot;,
    &quot;cf-ray&quot;: &quot;6f424f6f1f08e6ec-EWR&quot;,
    &quot;alt-svc&quot;: &quot;h3=\&quot;:443\&quot;; ma=86400, h3-29=\&quot;:443\&quot;; ma=86400&quot;
  },
  &quot;url&quot;: &quot;https://conduit.productionready.io/api/articles/&quot;,
  &quot;method&quot;: null,
  &quot;httpVersion&quot;: &quot;1.1&quot;,
  &quot;statusCode&quot;: 307,
  &quot;statusMessage&quot;: &quot;Temporary Redirect&quot;,
  &quot;body&quot;: &quot;&quot;
}

When Cypress detects uncaught errors originating from your test code it will automatically fail the current test." type="CypressError"><![CDATA[CypressError: The following error originated from your test code, not from Cypress.

  > A response callback passed to `req.reply()` threw an error while intercepting a response:

Cannot read property 'description' of undefined

Route: {
  "matchUrlAgainstPath": true,
  "method": "POST",
  "url": "**/articles"
}

Intercepted request: {
  "headers": {
    "host": "conduit.productionready.io",
    "connection": "keep-alive",
    "content-length": "130",
    "accept": "application/json",
    "authorization": "Token eyJhbGciOiJIUzI1NiIsInR5cCI6IkpXVCJ9.eyJlbWFpbCI6ImN5dGVzdEB0ZXN0LmNvbSIsInVzZXJuYW1lIjoiQ3lUZXN0IiwiaWF0IjoxNjQ4NjU4NjY3LCJleHAiOjE2NTM4NDI2Njd9.tRHzZKnmNb90bOSyVdJC38im29TqMkCFSpeAfC0AZo0",
    "user-agent": "Mozilla/5.0 (Windows NT 10.0; Win64; x64) AppleWebKit/537.36 (KHTML, like Gecko) Cypress/6.2.0 Chrome/87.0.4280.67 Electron/11.0.3 Safari/537.36",
    "content-type": "application/json",
    "origin": "http://localhost:4200",
    "sec-fetch-site": "cross-site",
    "sec-fetch-mode": "cors",
    "sec-fetch-dest": "empty",
    "referer": "http://localhost:4200/editor",
    "accept-encoding": "gzip, deflate, br",
    "accept-language": "en-US"
  },
  "url": "https://conduit.productionready.io/api/articles/",
  "method": "POST",
  "httpVersion": "1.1",
  "body": {
    "article": {
      "tagList": [],
      "title": "This is a title",
      "description": "This is a descritption",
      "body": "This is a body of the Article"
    }
  },
  "responseTimeout": 30000
}

Intercepted response: {
  "headers": {
    "date": "Wed, 30 Mar 2022 16:44:29 GMT",
    "content-length": "0",
    "connection": "keep-alive",
    "location": "https://api.realworld.io/api/articles/",
    "access-control-allow-origin": "*",
    "access-control-allow-headers": "*",
    "access-control-allow-methods": "GET,HEAD,POST,OPTIONS,PUT,PATCH,DELETE",
    "expect-ct": "max-age=604800, report-uri=\"https://report-uri.cloudflare.com/cdn-cgi/beacon/expect-ct\"",
    "report-to": "{\"endpoints\":[{\"url\":\"https:\\/\\/a.nel.cloudflare.com\\/report\\/v3?s=27XmncipR6EqhHURJ1U13z1LTmBYPwd4yrUdWgvNXfvhLd5yuBWosbvMdZVmVnupKMSzg1Uvk3JqIxRO5OaIu0RHtvpTVpqajoAFvZqUyeciNj3tRXG3Yy4v6peTWcK0isbqzNoWF1YPN6Ug0A%3D%3D\"}],\"group\":\"cf-nel\",\"max_age\":604800}",
    "nel": "{\"success_fraction\":0,\"report_to\":\"cf-nel\",\"max_age\":604800}",
    "vary": "Accept-Encoding",
    "server": "cloudflare",
    "cf-ray": "6f424f6f1f08e6ec-EWR",
    "alt-svc": "h3=\":443\"; ma=86400, h3-29=\":443\"; ma=86400"
  },
  "url": "https://conduit.productionready.io/api/articles/",
  "method": null,
  "httpVersion": "1.1",
  "statusCode": 307,
  "statusMessage": "Temporary Redirect",
  "body": ""
}

When Cypress detects uncaught errors originating from your test code it will automatically fail the current test.
    at http://localhost:4200/__cypress/runner/cypress_runner.js:164873:65
    at tryCatcher (http://localhost:4200/__cypress/runner/cypress_runner.js:10584:23)
    at Promise._settlePromiseFromHandler (http://localhost:4200/__cypress/runner/cypress_runner.js:8519:31)
    at Promise._settlePromise (http://localhost:4200/__cypress/runner/cypress_runner.js:8576:18)
    at Promise._settlePromiseCtx (http://localhost:4200/__cypress/runner/cypress_runner.js:8613:10)
    at _drainQueueStep (http://localhost:4200/__cypress/runner/cypress_runner.js:5295:12)
    at _drainQueue (http://localhost:4200/__cypress/runner/cypress_runner.js:5284:9)
    at Async.../../node_modules/bluebird/js/release/async.js.Async._drainQueues (http://localhost:4200/__cypress/runner/cypress_runner.js:5300:5)
    at Async.drainQueues (http://localhost:4200/__cypress/runner/cypress_runner.js:5170:14)
From Your Spec Code:
    at Context.eval (http://localhost:4200/__cypress/tests?p=cypress\integration\firstTest.spec.js:140:8)

From response callback:
  TypeError: Cannot read property 'description' of undefined
      at Object.eval [as responseHandler] (http://localhost:4200/__cypress/tests?p=cypress\integration\firstTest.spec.js:131:33)
From Your Spec Code:
    at Context.eval (http://localhost:4200/__cypress/tests?p=cypress\integration\firstTest.spec.js:140:8)]]></failure>
    
  </testcase>
  
  <testcase name="Test with backend should gave tags with routing object" time="1.0360" classname="should gave tags with routing object"></testcase>
  
  <testcase name="Test with backend verify global feed likes count" time="1.7040" classname="verify global feed likes count">
    
    <failure message="expected &apos;&lt;button.btn.btn-sm.btn-outline-primary&gt;&apos; to contain &apos;1&apos;" type="AssertionError"><![CDATA[AssertionError: expected '<button.btn.btn-sm.btn-outline-primary>' to contain '1'
    at Context.eval (http://localhost:4200/__cypress/tests?p=cypress\integration\firstTest.spec.js:161:35)]]></failure>
    
  </testcase>
  
  <testcase name="Test with backend delete a new article in a global feed" time="1.2670" classname="delete a new article in a global feed">
    
    <failure message="`cy.request()` failed on:

https://conduit.productionready.io/api/articles/

The response we received from your web server was:

  &gt; 422: Unprocessable Entity

This was considered a failure because the status code was not `2xx` or `3xx`.

If you do not want status codes to cause failures pass the option: `failOnStatusCode: false`

-----------------------------------------------------------

The request we sent was:

Method: POST
URL: https://conduit.productionready.io/api/articles/
Headers: {
  &quot;Connection&quot;: &quot;keep-alive&quot;,
  &quot;Authorization&quot;: &quot;Token eyJhbGciOiJIUzI1NiIsInR5cCI6IkpXVCJ9.eyJlbWFpbCI6ImN5dGVzdEB0ZXN0LmNvbSIsInVzZXJuYW1lIjoiQ3lUZXN0IiwiaWF0IjoxNjQ4NjU4Njc5LCJleHAiOjE2NTM4NDI2Nzl9.byohachz6ziFSpEJ7quCG6cnZvZ4f_jtAeW0eWEP3JE&quot;,
  &quot;user-agent&quot;: &quot;Mozilla/5.0 (Windows NT 10.0; Win64; x64) AppleWebKit/537.36 (KHTML, like Gecko) Cypress/6.2.0 Chrome/87.0.4280.67 Electron/11.0.3 Safari/537.36&quot;,
  &quot;accept&quot;: &quot;*/*&quot;,
  &quot;accept-encoding&quot;: &quot;gzip, deflate&quot;,
  &quot;content-type&quot;: &quot;application/json&quot;,
  &quot;content-length&quot;: 114,
  &quot;referer&quot;: &quot;https://conduit.productionready.io/api/articles/&quot;
}
Body: {&quot;article&quot;:{&quot;tagList&quot;:[],&quot;title&quot;:&quot;Request from API&quot;,&quot;description&quot;:&quot;API testing is easy&quot;,&quot;body&quot;:&quot;Angular is cool&quot;}}
Redirects: [
  &quot;307: https://api.realworld.io/api/articles/&quot;
]

-----------------------------------------------------------

The response we got was:

Status: 422 - Unprocessable Entity
Headers: {
  &quot;date&quot;: &quot;Wed, 30 Mar 2022 16:44:39 GMT&quot;,
  &quot;content-type&quot;: &quot;application/json; charset=utf-8&quot;,
  &quot;content-length&quot;: &quot;39&quot;,
  &quot;connection&quot;: &quot;keep-alive&quot;,
  &quot;x-powered-by&quot;: &quot;Express&quot;,
  &quot;access-control-allow-origin&quot;: &quot;*&quot;,
  &quot;etag&quot;: &quot;W/\&quot;27-BNeuaWQ7DHvW/r+pl+qdJiF06Is\&quot;&quot;,
  &quot;via&quot;: &quot;1.1 vegur&quot;,
  &quot;cf-cache-status&quot;: &quot;DYNAMIC&quot;,
  &quot;expect-ct&quot;: &quot;max-age=604800, report-uri=\&quot;https://report-uri.cloudflare.com/cdn-cgi/beacon/expect-ct\&quot;&quot;,
  &quot;report-to&quot;: &quot;{\&quot;endpoints\&quot;:[{\&quot;url\&quot;:\&quot;https:\\/\\/a.nel.cloudflare.com\\/report\\/v3?s=JgtUfW1j7JDJpVx0YgTpUWlduuK7sW%2FJBdz%2FsFvT9UwLLKs5MqCSzqfcCD01%2FBQLtzGI9rMlKBchjLwjp6xKRL4YOCr%2B2utHnLfk3N%2FVrDMEvqs%2FoqmPY%2FRT%2FhaMPruJFcx6\&quot;}],\&quot;group\&quot;:\&quot;cf-nel\&quot;,\&quot;max_age\&quot;:604800}&quot;,
  &quot;nel&quot;: &quot;{\&quot;success_fraction\&quot;:0,\&quot;report_to\&quot;:\&quot;cf-nel\&quot;,\&quot;max_age\&quot;:604800}&quot;,
  &quot;server&quot;: &quot;cloudflare&quot;,
  &quot;cf-ray&quot;: &quot;6f424fad1c5b0cb5-EWR&quot;,
  &quot;alt-svc&quot;: &quot;h3=\&quot;:443\&quot;; ma=86400, h3-29=\&quot;:443\&quot;; ma=86400&quot;
}
Body: {
  &quot;errors&quot;: {
    &quot;title&quot;: [
      &quot;must be unique&quot;
    ]
  }
}


https://on.cypress.io/request" type="CypressError"><![CDATA[CypressError: `cy.request()` failed on:

https://conduit.productionready.io/api/articles/

The response we received from your web server was:

  > 422: Unprocessable Entity

This was considered a failure because the status code was not `2xx` or `3xx`.

If you do not want status codes to cause failures pass the option: `failOnStatusCode: false`

-----------------------------------------------------------

The request we sent was:

Method: POST
URL: https://conduit.productionready.io/api/articles/
Headers: {
  "Connection": "keep-alive",
  "Authorization": "Token eyJhbGciOiJIUzI1NiIsInR5cCI6IkpXVCJ9.eyJlbWFpbCI6ImN5dGVzdEB0ZXN0LmNvbSIsInVzZXJuYW1lIjoiQ3lUZXN0IiwiaWF0IjoxNjQ4NjU4Njc5LCJleHAiOjE2NTM4NDI2Nzl9.byohachz6ziFSpEJ7quCG6cnZvZ4f_jtAeW0eWEP3JE",
  "user-agent": "Mozilla/5.0 (Windows NT 10.0; Win64; x64) AppleWebKit/537.36 (KHTML, like Gecko) Cypress/6.2.0 Chrome/87.0.4280.67 Electron/11.0.3 Safari/537.36",
  "accept": "*/*",
  "accept-encoding": "gzip, deflate",
  "content-type": "application/json",
  "content-length": 114,
  "referer": "https://conduit.productionready.io/api/articles/"
}
Body: {"article":{"tagList":[],"title":"Request from API","description":"API testing is easy","body":"Angular is cool"}}
Redirects: [
  "307: https://api.realworld.io/api/articles/"
]

-----------------------------------------------------------

The response we got was:

Status: 422 - Unprocessable Entity
Headers: {
  "date": "Wed, 30 Mar 2022 16:44:39 GMT",
  "content-type": "application/json; charset=utf-8",
  "content-length": "39",
  "connection": "keep-alive",
  "x-powered-by": "Express",
  "access-control-allow-origin": "*",
  "etag": "W/\"27-BNeuaWQ7DHvW/r+pl+qdJiF06Is\"",
  "via": "1.1 vegur",
  "cf-cache-status": "DYNAMIC",
  "expect-ct": "max-age=604800, report-uri=\"https://report-uri.cloudflare.com/cdn-cgi/beacon/expect-ct\"",
  "report-to": "{\"endpoints\":[{\"url\":\"https:\\/\\/a.nel.cloudflare.com\\/report\\/v3?s=JgtUfW1j7JDJpVx0YgTpUWlduuK7sW%2FJBdz%2FsFvT9UwLLKs5MqCSzqfcCD01%2FBQLtzGI9rMlKBchjLwjp6xKRL4YOCr%2B2utHnLfk3N%2FVrDMEvqs%2FoqmPY%2FRT%2FhaMPruJFcx6\"}],\"group\":\"cf-nel\",\"max_age\":604800}",
  "nel": "{\"success_fraction\":0,\"report_to\":\"cf-nel\",\"max_age\":604800}",
  "server": "cloudflare",
  "cf-ray": "6f424fad1c5b0cb5-EWR",
  "alt-svc": "h3=\":443\"; ma=86400, h3-29=\":443\"; ma=86400"
}
Body: {
  "errors": {
    "title": [
      "must be unique"
    ]
  }
}


https://on.cypress.io/request
    at http://localhost:4200/__cypress/runner/cypress_runner.js:159018:21
    at tryCatcher (http://localhost:4200/__cypress/runner/cypress_runner.js:10584:23)
    at Promise._settlePromiseFromHandler (http://localhost:4200/__cypress/runner/cypress_runner.js:8519:31)
    at Promise._settlePromise (http://localhost:4200/__cypress/runner/cypress_runner.js:8576:18)
    at Promise._settlePromise0 (http://localhost:4200/__cypress/runner/cypress_runner.js:8621:10)
    at Promise._settlePromises (http://localhost:4200/__cypress/runner/cypress_runner.js:8701:18)
    at _drainQueueStep (http://localhost:4200/__cypress/runner/cypress_runner.js:5291:12)
    at _drainQueue (http://localhost:4200/__cypress/runner/cypress_runner.js:5284:9)
    at Async.../../node_modules/bluebird/js/release/async.js.Async._drainQueues (http://localhost:4200/__cypress/runner/cypress_runner.js:5300:5)
    at Async.drainQueues (http://localhost:4200/__cypress/runner/cypress_runner.js:5170:14)
From Your Spec Code:
    at Context.eval (http://localhost:4200/__cypress/tests?p=cypress\integration\firstTest.spec.js:180:10)]]></failure>
    
  </testcase>
  
</testsuite>

</testsuites>