<?xml version="1.0" encoding="UTF-8"?>
<testsuites name="Mocha Tests" time="5.8830" tests="5" failures="1" skipped="1">
  <testsuite name="Root Suite" timestamp="2022-03-31T19:30:16" tests="0" file="cypress/integration/testingD/refactorServerRoute.spec.js" time="0.0000" failures="0">
  </testsuite>
  <testsuite name="Test with backend / refactoring use intercept" timestamp="2022-03-31T19:30:16" tests="5" time="5.8830" failures="1">
    <testcase name="Test with backend / refactoring use intercept verify correct request and response" time="0.0000" classname="verify correct request and response">
      <failure message="expected 422 to equal 200" type="AssertionError"><![CDATA[AssertionError: expected 422 to equal 200
    at Context.eval (http://localhost:4200/__cypress/tests?p=cypress\integration\testingD\refactorServerRoute.spec.js:124:42)]]></failure>
    </testcase>
    <testcase name="Test with backend / refactoring use intercept should gave tags with routing object " time="1.5500" classname="should gave tags with routing object ">
    </testcase>
    <testcase name="Test with backend / refactoring use intercept Verify the local feed likes count" time="1.6030" classname="Verify the local feed likes count">
    </testcase>
    <testcase name="Test with backend / refactoring use intercept Delete new article  in global feed" time="2.7300" classname="Delete new article  in global feed">
    </testcase>
  </testsuite>
</testsuites>