<?xml version="1.0" encoding="UTF-8"?>
<testsuites name="Mocha Tests" time="10.9980" tests="5" failures="0" skipped="1">
  <testsuite name="Root Suite" timestamp="2022-03-31T17:58:41" tests="0" file="cypress/integration/testingD/refactorServerRoute.spec.js" time="0.0000" failures="0">
  </testsuite>
  <testsuite name="Test with backend / refactoring use intercept" timestamp="2022-03-31T17:58:41" tests="5" time="10.9980" failures="0">
    <testcase name="Test with backend / refactoring use intercept verify correct request and response" time="5.3240" classname="verify correct request and response">
    </testcase>
    <testcase name="Test with backend / refactoring use intercept should gave tags with routing object " time="1.5460" classname="should gave tags with routing object ">
    </testcase>
    <testcase name="Test with backend / refactoring use intercept Verify the local feed likes count" time="1.4900" classname="Verify the local feed likes count">
    </testcase>
    <testcase name="Test with backend / refactoring use intercept Delete new article  in global feed" time="2.6380" classname="Delete new article  in global feed">
    </testcase>
  </testsuite>
</testsuites>